b'The following solver is parallelized by UG version 0.9.1 [GitHash: ]\n'
b'SCIP version 7.0.2 [precision: 8 byte] [memory: block] [mode: optimized] [LP solver: SoPlex 5.0.2] [GitHash: e9d280a398]\n'
b'Copyright (C) 2002-2020 Konrad-Zuse-Zentrum fuer Informationstechnik Berlin (ZIB)\n'
b'External codes: \n'
b'  Readline 7.0         GNU library for command line editing (gnu.org/s/readline)\n'
b'  SoPlex 5.0.2         Linear Programming Solver developed at Zuse Institute Berlin (soplex.zib.de) [GitHash: e24c304e]\n'
b'  CppAD 20180000.0     Algorithmic Differentiation of C++ algorithms developed by B. Bell (www.coin-or.org/CppAD)\n'
b'  ZLIB 1.2.11          General purpose compression library by J. Gailly and M. Adler (zlib.net)\n'
b'  GMP 6.1.2            GNU Multiple Precision Arithmetic Library developed by T. Granlund (gmplib.org)\n'
b'  ZIMPL 3.4.0          Zuse Institute Mathematical Programming Language developed by T. Koch (zimpl.zib.de)\n'
b'Default LC presolving (default).\n'
b'Original Problem   :\n'
b'  Problem name     : 010\n'
b'  Variables        : 5320 (1200 binary, 0 integer, 0 implicit integer, 4120 continuous)\n'
b'  Constraints      : 13900\n'
b'  Objective sense  : minimize\n'
b'Presolved Problem  :\n'
b'  Variables        : 765 (185 binary, 0 integer, 0 implicit integer, 580 continuous)\n'
b'  Constraints      : 843\n'
b'Constraints        : Number\n'
b'  varbound         : 195 \n'
b'  setppc           : 23 \n'
b'  linear           : 622 \n'
b'  logicor          : 3 \n'
b'** Instance transfer method used: 0\n'
b'** ParaScipInstance copy does not increase the number of variables. **\n'
b'LC is working with racing ramp-up and with rebuilding tree after racing.\n'
b'                               Nodes    Active                                            \n'
b'     Time          Nodes        Left   Solvers     Best Integer        Best Node       Gap     Best Node(S)    Gap(S)\n'
b'*       0              0           1         8           3.5951                -         -\n'
b'*       0              0           1         8           2.8323                -         -\n'
b'*       1              0           1         8           2.6332                -         -\n'
b'*       1              2           1         8           2.5038           0.6626   277.89%\n'
b'*       1              2           1         8           2.4670           0.6626   272.33%\n'
b'*       1              2           1         8           2.1214           0.6626   220.18%\n'
b'*       1              2           1         8           2.0923           0.6626   215.78%\n'
b'*       1              2           1         8           2.0316           0.6626   206.63%\n'
b'*       2              2           1         8           1.9880           0.6626   200.05%\n'
b'Racing ramp-up finished after 3.57 seconds. Selected strategy 7.\n'
b'        5           1251         532         8           1.9880           0.6626    200.05%           0.6626    200.05%\n'
b'       10           8431        4815         8           1.9880           0.6626    200.05%           0.6626    200.05%\n'
b'       15          21808        8840         8           1.9880           0.6626    200.05%           0.6626    200.05%\n'
b'       20          38098       10173         8           1.9880           0.6626    200.05%           0.6626    200.05%\n'
b'       25          51711       12021         8           1.9880           0.6626    200.05%           0.6626    200.05%\n'
b'       30          66669       13396         8           1.9880           0.6626    200.05%           0.6626    200.05%\n'
b'       35          81997       15465         8           1.9880           0.6626    200.05%           0.6626    200.05%\n'
b'       40          98338       17032         8           1.9880           0.6626    200.05%           0.6626    200.05%\n'
b'       46         114311       17742         8           1.9880           0.6626    200.05%           0.6626    200.05%\n'
b'       51         130605       19597         8           1.9880           0.6626    200.05%           0.6626    200.05%\n'
b'       56         146629       20037         8           1.9880           0.6626    200.05%           0.6626    200.05%\n'
b'       61         163441       21407         8           1.9880           0.6626    200.05%           0.6626    200.05%\n'
b'       66         179996       22656         8           1.9880           0.6626    200.05%           0.6626    200.05%\n'
b'       71         197237       23972         8           1.9880           0.6626    200.05%           0.6626    200.05%\n'
b'       76         214335       25116         8           1.9880           0.6626    200.05%           0.6626    200.05%\n'
b'       81         232605       26455         8           1.9880           0.6626    200.05%           0.6626    200.05%\n'
b'       86         249279       28095         8           1.9880           0.6626    200.05%           0.6626    200.05%\n'
b'       91         268095       28778         8           1.9880           0.6626    200.05%           0.6626    200.05%\n'
b'       96         286826       29695         8           1.9880           0.6626    200.05%           0.6626    200.05%\n'
b'      101         306069       30157         8           1.9880           0.6626    200.05%           0.6626    200.05%\n'
b'      106         323720       30987         8           1.9880           0.6626    200.05%           0.6626    200.05%\n'
b'      112         341348       31570         8           1.9880           0.6626    200.05%           0.6626    200.05%\n'
b'      117         359533       33374         8           1.9880           0.6626    200.05%           0.6626    200.05%\n'
b'      122         377777       34969         8           1.9880           0.6626    200.05%           0.6626    200.05%\n'
b'      127         394833       36258         8           1.9880           0.6626    200.05%           0.6626    200.05%\n'
b'      132         410109       37397         8           1.9880           0.6626    200.05%           0.6626    200.05%\n'
b'      137         425714       38065         8           1.9880           0.6626    200.05%           0.6626    200.05%\n'
b'      142         439246       38968         8           1.9880           0.6626    200.05%           0.6626    200.05%\n'
b'      147         450828       40101         8           1.9880           0.6626    200.05%           0.6626    200.05%\n'
b'      152         459649       41345         8           1.9880           0.6626    200.05%           0.6626    200.05%\n'
b'      157         469059       42390         8           1.9880           0.6626    200.05%           0.6626    200.05%\n'
b'      162         481396       45436         8           1.9880           0.6626    200.05%           0.6626    200.05%\n'
b'      167         497016       47592         8           1.9880           0.6626    200.05%           0.6626    200.05%\n'
b'      172         514638       49425         8           1.9880           0.6626    200.05%           0.6626    200.05%\n'
b'      178         531777       50909         8           1.9880           0.6626    200.05%           0.6626    200.05%\n'
b'      183         549247       52048         8           1.9880           0.6626    200.05%           0.6626    200.05%\n'
b'      188         568005       52862         8           1.9880           0.6626    200.05%           0.6626    200.05%\n'
b'      193         586379       53527         8           1.9880           0.6626    200.05%           0.6626    200.05%\n'
b'      198         605665       54341         8           1.9880           0.6626    200.05%           0.6626    200.05%\n'
b'      203         624942       54176         8           1.9880           0.6626    200.05%           0.6626    200.05%\n'
b'      208         640830       54726         8           1.9880           0.6626    200.05%           0.6626    200.05%\n'
b'      213         653772       55952         8           1.9880           0.6626    200.05%           0.6626    200.05%\n'
b'      218         667965       57132         8           1.9880           0.6626    200.05%           0.6626    200.05%\n'
b'      223         680930       58725         8           1.9880           0.6626    200.05%           0.6626    200.05%\n'
b'      228         695964       60229         8           1.9880           0.6626    200.05%           0.6626    200.05%\n'
b'      233         712698       61477         8           1.9880           0.6626    200.05%           0.6626    200.05%\n'
b'      238         730864       62565         8           1.9880           0.6626    200.05%           0.6626    200.05%\n'
b'      243         750395       62968         8           1.9880           0.6626    200.05%           0.6626    200.05%\n'
b'      248         766042       63370         8           1.9880           0.6626    200.05%           0.6626    200.05%\n'
b'      253         779381       64543         8           1.9880           0.6626    200.05%           0.6626    200.05%\n'
b'      258         794872       66039         8           1.9880           0.6626    200.05%           0.6626    200.05%\n'
b'      264         811934       67058         8           1.9880           0.6626    200.05%           0.6626    200.05%\n'
b'      269         827890       67742         8           1.9880           0.6626    200.05%           0.6626    200.05%\n'
b'      274         843632       69561         8           1.9880           0.6626    200.05%           0.6626    200.05%\n'
b'      279         859575       70953         8           1.9880           0.6626    200.05%           0.6626    200.05%\n'
b'      284         875571       72287         8           1.9880           0.6626    200.05%           0.6626    200.05%\n'
b'      289         891709       73422         8           1.9880           0.6626    200.05%           0.6626    200.05%\n'
b'      294         908043       74748         8           1.9880           0.6626    200.05%           0.6626    200.05%\n'
b'      299         924527       75936         8           1.9880           0.6626    200.05%           0.6626    200.05%\n'
b'      304         941635       77228         8           1.9880           0.6626    200.05%           0.6626    200.05%\n'
b'      309         959762       78158         8           1.9880           0.6626    200.05%           0.6626    200.05%\n'
b'      314         977797       79148         8           1.9880           0.6626    200.05%           0.6626    200.05%\n'
b'      319         995566       80127         8           1.9880           0.6626    200.05%           0.6626    200.05%\n'
b'      324        1011892       81043         8           1.9880           0.6626    200.05%           0.6626    200.05%\n'
b'      329        1027711       82089         8           1.9880           0.6626    200.05%           0.6626    200.05%\n'
b'      335        1044518       82791         8           1.9880           0.6626    200.05%           0.6626    200.05%\n'
b'      340        1062638       83682         8           1.9880           0.6626    200.05%           0.6626    200.05%\n'
b'      345        1080285       84743         8           1.9880           0.6626    200.05%           0.6626    200.05%\n'
b'      350        1097047       85557         8           1.9880           0.6626    200.05%           0.6626    200.05%\n'
b'      355        1114216       86494         8           1.9880           0.6626    200.05%           0.6626    200.05%\n'
b'      360        1129893       87130         8           1.9880           0.6626    200.05%           0.6626    200.05%\n'
b'      365        1145739       87862         8           1.9880           0.6626    200.05%           0.6626    200.05%\n'
b'      370        1162383       88497         8           1.9880           0.6626    200.05%           0.6626    200.05%\n'
b'      375        1180189       89380         8           1.9880           0.6626    200.05%           0.6626    200.05%\n'
b'      380        1197419       90044         8           1.9880           0.6626    200.05%           0.6626    200.05%\n'
b'      385        1214343       90724         8           1.9880           0.6626    200.05%           0.6626    200.05%\n'
b'      390        1231855       91285         8           1.9880           0.6626    200.05%           0.6626    200.05%\n'
b'      395        1247727       91771         8           1.9880           0.6626    200.05%           0.6626    200.05%\n'
b'      400        1263446       92188         8           1.9880           0.6626    200.05%           0.6626    200.05%\n'
b'      405        1279449       92676         8           1.9880           0.6626    200.05%           0.6626    200.05%\n'
b'      410        1295641       93142         8           1.9880           0.6626    200.05%           0.6626    200.05%\n'
b'      416        1311673       93716         8           1.9880           0.6626    200.05%           0.6626    200.05%\n'
b'      421        1328250       94057         8           1.9880           0.6626    200.05%           0.6626    200.05%\n'
b'      426        1345099       94443         8           1.9880           0.6626    200.05%           0.6626    200.05%\n'
b'      431        1362731       94584         8           1.9880           0.6626    200.05%           0.6626    200.05%\n'
b'      436        1381105       94817         8           1.9880           0.6626    200.05%           0.6626    200.05%\n'
b'      441        1399053       94861         8           1.9880           0.6626    200.05%           0.6626    200.05%\n'
b'      446        1417719       95249         8           1.9880           0.6626    200.05%           0.6626    200.05%\n'
b'      451        1435562       95751         8           1.9880           0.6626    200.05%           0.6626    200.05%\n'
b'      456        1452558       95956         8           1.9880           0.6626    200.05%           0.6626    200.05%\n'
b'      461        1469892       96089         8           1.9880           0.6626    200.05%           0.6626    200.05%\n'
b'      466        1488003       96145         8           1.9880           0.6626    200.05%           0.6626    200.05%\n'
b'      471        1506009       96030         8           1.9880           0.6626    200.05%           0.6626    200.05%\n'
b'      476        1522756       96031         8           1.9880           0.6626    200.05%           0.6626    200.05%\n'
b'      481        1539970       95812         8           1.9880           0.6626    200.05%           0.6626    200.05%\n'
b'      486        1557701       95870         8           1.9880           0.6626    200.05%           0.6626    200.05%\n'
b'      491        1575521       96168         8           1.9880           0.6626    200.05%           0.6626    200.05%\n'
b'      496        1593072       96190         8           1.9880           0.6626    200.05%           0.6626    200.05%\n'
b'      501        1610084       96533         8           1.9880           0.6626    200.05%           0.6626    200.05%\n'
b'      507        1629523       96236         8           1.9880           0.6626    200.05%           0.6626    200.05%\n'
b'      512        1648734       96055         8           1.9880           0.6626    200.05%           0.6626    200.05%\n'
b'      517        1664637       96011         8           1.9880           0.6626    200.05%           0.6626    200.05%\n'
b'      522        1680421       96366         8           1.9880           0.6626    200.05%           0.6626    200.05%\n'
b'      527        1696448       96533         8           1.9880           0.6626    200.05%           0.6626    200.05%\n'
b'      532        1712416       96669         8           1.9880           0.6626    200.05%           0.6626    200.05%\n'
b'      537        1728218       96921         8           1.9880           0.6626    200.05%           0.6626    200.05%\n'
b'      542        1744736       96846         8           1.9880           0.6626    200.05%           0.6626    200.05%\n'
b'      547        1761411       96815         8           1.9880           0.6626    200.05%           0.6626    200.05%\n'
b'      552        1776994       96800         8           1.9880           0.6626    200.05%           0.6626    200.05%\n'
b'      557        1794759       96857         8           1.9880           0.6626    200.05%           0.6626    200.05%\n'
b'      562        1811950       97043         8           1.9880           0.6626    200.05%           0.6626    200.05%\n'
b'      567        1828327       97073         8           1.9880           0.6626    200.05%           0.6626    200.05%\n'
b'      572        1844821       97323         8           1.9880           0.6626    200.05%           0.6626    200.05%\n'
b'      578        1861934       97440         8           1.9880           0.6626    200.05%           0.6626    200.05%\n'
b'      583        1879726       97063         8           1.9880           0.6626    200.05%           0.6626    200.05%\n'
b'      588        1897629       96442         8           1.9880           0.6626    200.05%           0.6626    200.05%\n'
b'      593        1916779       96232         8           1.9880           0.6626    200.05%           0.6626    200.05%\n'
b'      598        1933753       95974         8           1.9880           0.6626    200.05%           0.6626    200.05%\n'
b'      603        1950838       95611         8           1.9880           0.6626    200.05%           0.6626    200.05%\n'
b'      608        1968551       95154         8           1.9880           0.6626    200.05%           0.6626    200.05%\n'
b'      613        1986350       95063         8           1.9880           0.6626    200.05%           0.6626    200.05%\n'
b'      618        2004416       95032         8           1.9880           0.6626    200.05%           0.6626    200.05%\n'
b'      623        2021857       95162         8           1.9880           0.6626    200.05%           0.6626    200.05%\n'
b'      628        2037339       95064         8           1.9880           0.6626    200.05%           0.6626    200.05%\n'
b'      633        2053533       94582         8           1.9880           0.6626    200.05%           0.6626    200.05%\n'
b'      638        2069711       94231         8           1.9880           0.6626    200.05%           0.6626    200.05%\n'
b'      643        2086740       93601         8           1.9880           0.6626    200.05%           0.6626    200.05%\n'
b'      648        2105688       93202         8           1.9880           0.6626    200.05%           0.6626    200.05%\n'
b'      653        2124616       92814         8           1.9880           0.6626    200.05%           0.6626    200.05%\n'
b'      659        2141491       92175         8           1.9880           0.6626    200.05%           0.6626    200.05%\n'
b'      664        2157027       92422         8           1.9880           0.6626    200.05%           0.6626    200.05%\n'
b'      669        2172537       92571         8           1.9880           0.6626    200.05%           0.6626    200.05%\n'
b'      674        2189420       92354         8           1.9880           0.6626    200.05%           0.6626    200.05%\n'
b'      679        2205492       92402         8           1.9880           0.6626    200.05%           0.6626    200.05%\n'
b'      684        2220994       92059         8           1.9880           0.6626    200.05%           0.6626    200.05%\n'
b'      689        2236457       92138         8           1.9880           0.6626    200.05%           0.6626    200.05%\n'
b'      694        2251461       92283         8           1.9880           0.6626    200.05%           0.6626    200.05%\n'
b'      699        2267826       92580         8           1.9880           0.6626    200.05%           0.6626    200.05%\n'
b'      704        2284237       92336         8           1.9880           0.6626    200.05%           0.6626    200.05%\n'
b'      709        2300498       92292         8           1.9880           0.6626    200.05%           0.6626    200.05%\n'
b'      714        2316842       92180         8           1.9880           0.6626    200.05%           0.6626    200.05%\n'
b'      719        2334242       92561         8           1.9880           0.6626    200.05%           0.6626    200.05%\n'
b'      724        2350855       92932         8           1.9880           0.6626    200.05%           0.6626    200.05%\n'
b'      729        2367508       93255         8           1.9880           0.6626    200.05%           0.6626    200.05%\n'
b'      735        2386120       93091         8           1.9880           0.6626    200.05%           0.6626    200.05%\n'
b'      740        2404188       92960         8           1.9880           0.6626    200.05%           0.6626    200.05%\n'
b'      745        2423477       92894         8           1.9880           0.6626    200.05%           0.6626    200.05%\n'
b'      750        2442175       93031         8           1.9880           0.6626    200.05%           0.6626    200.05%\n'
b'      755        2462324       92939         8           1.9880           0.6626    200.05%           0.6626    200.05%\n'
b'      760        2482851       92867         8           1.9880           0.6626    200.05%           0.6626    200.05%\n'
b'      765        2501438       93055         8           1.9880           0.6626    200.05%           0.6626    200.05%\n'
b'      770        2518297       93568         8           1.9880           0.6626    200.05%           0.6626    200.05%\n'
b'      775        2535363       93231         8           1.9880           0.6626    200.05%           0.6626    200.05%\n'
b'      780        2550738       93094         8           1.9880           0.6626    200.05%           0.6626    200.05%\n'
b'      785        2564814       93288         8           1.9880           0.6626    200.05%           0.6626    200.05%\n'
b'      790        2580408       93771         8           1.9880           0.6626    200.05%           0.6626    200.05%\n'
b'      796        2595210       93702         8           1.9880           0.6626    200.05%           0.6626    200.05%\n'
b'      801        2611154       93827         8           1.9880           0.6626    200.05%           0.6626    200.05%\n'
b'      806        2630920       93876         8           1.9880           0.6626    200.05%           0.6626    200.05%\n'
b'      811        2650012       93755         8           1.9880           0.6626    200.05%           0.6626    200.05%\n'
b'      816        2667859       93606         8           1.9880           0.6626    200.05%           0.6626    200.05%\n'
b'      821        2683787       93313         8           1.9880           0.6626    200.05%           0.6626    200.05%\n'
b'      826        2700735       93131         8           1.9880           0.6626    200.05%           0.6626    200.05%\n'
b'      831        2717270       93234         8           1.9880           0.6626    200.05%           0.6626    200.05%\n'
b'      836        2736442       92873         8           1.9880           0.6626    200.05%           0.6626    200.05%\n'
b'      841        2753961       92517         8           1.9880           0.6626    200.05%           0.6626    200.05%\n'
b'      846        2770492       92231         8           1.9880           0.6626    200.05%           0.6626    200.05%\n'
b'      851        2788848       91912         8           1.9880           0.6626    200.05%           0.6626    200.05%\n'
b'      856        2807139       91375         8           1.9880           0.6626    200.05%           0.6626    200.05%\n'
b'      861        2823294       91028         8           1.9880           0.6626    200.05%           0.6626    200.05%\n'
b'      866        2840895       90677         8           1.9880           0.6626    200.05%           0.6626    200.05%\n'
b'      871        2857982       90440         8           1.9880           0.6626    200.05%           0.6626    200.05%\n'
b'      877        2877182       89805         8           1.9880           0.6626    200.05%           0.6626    200.05%\n'
b'      882        2895251       89126         8           1.9880           0.6626    200.05%           0.6626    200.05%\n'
b'      887        2912742       88507         8           1.9880           0.6626    200.05%           0.6626    200.05%\n'
b'      892        2928974       87898         8           1.9880           0.6626    200.05%           0.6626    200.05%\n'
b'      897        2946812       87589         8           1.9880           0.6626    200.05%           0.6626    200.05%\n'
b'      902        2965551       86891         8           1.9880           0.6626    200.05%           0.6626    200.05%\n'
b'      907        2985452       86120         8           1.9880           0.6626    200.05%           0.6626    200.05%\n'
b'      912        3003077       85519         8           1.9880           0.6626    200.05%           0.6626    200.05%\n'
b'      917        3019429       85097         8           1.9880           0.6626    200.05%           0.6626    200.05%\n'
b'      922        3036075       84778         8           1.9880           0.6626    200.05%           0.6626    200.05%\n'
b'      927        3054355       84602         8           1.9880           0.6626    200.05%           0.6626    200.05%\n'
b'      932        3072945       84175         8           1.9880           0.6626    200.05%           0.6626    200.05%\n'
b'      937        3090374       83790         8           1.9880           0.6626    200.05%           0.6626    200.05%\n'
b'      942        3106377       83780         8           1.9880           0.6626    200.05%           0.6626    200.05%\n'
b'      947        3123491       83931         8           1.9880           0.6626    200.05%           0.6626    200.05%\n'
b'      952        3137443       84182         8           1.9880           0.6626    200.05%           0.6626    200.05%\n'
b'      957        3152678       83998         8           1.9880           0.6626    200.05%           0.6626    200.05%\n'
b'      962        3165728       84113         8           1.9880           0.6626    200.05%           0.6626    200.05%\n'
b'      968        3181680       84019         8           1.9880           0.6626    200.05%           0.6626    200.05%\n'
b'      973        3198391       84257         8           1.9880           0.6626    200.05%           0.6626    200.05%\n'
b'      978        3216797       84714         8           1.9880           0.6626    200.05%           0.6626    200.05%\n'
b'      983        3235266       85002         8           1.9880           0.6626    200.05%           0.6626    200.05%\n'
b'      988        3254163       85142         8           1.9880           0.6626    200.05%           0.6626    200.05%\n'
b'      993        3274102       85425         8           1.9880           0.6626    200.05%           0.6626    200.05%\n'
b'      998        3294726       84876         8           1.9880           0.6626    200.05%           0.6626    200.05%\n'
b'     1003        3312382       85022         8           1.9880           0.6626    200.05%           0.6626    200.05%\n'
b'     1008        3333060       84665         8           1.9880           0.6626    200.05%           0.6626    200.05%\n'
b'     1013        3351774       84204         8           1.9880           0.6626    200.05%           0.6626    200.05%\n'
b'     1018        3372290       83626         8           1.9880           0.6626    200.05%           0.6626    200.05%\n'
b'     1023        3390728       83806         8           1.9880           0.6626    200.05%           0.6626    200.05%\n'
b'     1028        3409288       83846         8           1.9880           0.6626    200.05%           0.6626    200.05%\n'
b'     1033        3428674       82854         8           1.9880           0.6626    200.05%           0.6626    200.05%\n'
b'     1039        3448787       82049         8           1.9880           0.6626    200.05%           0.6626    200.05%\n'
b'     1044        3467179       82085         8           1.9880           0.6626    200.05%           0.6626    200.05%\n'
b'     1049        3482722       82553         8           1.9880           0.6626    200.05%           0.6626    200.05%\n'
b'     1054        3499901       82777         8           1.9880           0.6626    200.05%           0.6626    200.05%\n'
b'     1059        3515734       82883         8           1.9880           0.6626    200.05%           0.6626    200.05%\n'
b'     1064        3532669       83062         8           1.9880           0.6626    200.05%           0.6626    200.05%\n'
b'     1069        3551055       83350         8           1.9880           0.6626    200.05%           0.6626    200.05%\n'
b'     1074        3574225       83295         8           1.9880           0.6626    200.05%           0.6626    200.05%\n'
b'     1079        3595548       82845         8           1.9880           0.6626    200.05%           0.6626    200.05%\n'
b'     1084        3614910       82075         8           1.9880           0.6626    200.05%           0.6626    200.05%\n'
b'     1089        3629616       82508         8           1.9880           0.6626    200.05%           0.6626    200.05%\n'
b'     1094        3644275       82865         8           1.9880           0.6626    200.05%           0.6626    200.05%\n'
b'     1099        3657837       83123         8           1.9880           0.6626    200.05%           0.6626    200.05%\n'
b'     1105        3672529       83081         8           1.9880           0.6626    200.05%           0.6626    200.05%\n'
b'     1110        3687204       83050         8           1.9880           0.6626    200.05%           0.6626    200.05%\n'
b'     1115        3702787       83313         8           1.9880           0.6626    200.05%           0.6626    200.05%\n'
b'     1120        3717820       83296         8           1.9880           0.6626    200.05%           0.6626    200.05%\n'
b'     1125        3732335       83522         8           1.9880           0.6626    200.05%           0.6626    200.05%\n'
b'     1130        3747098       83795         8           1.9880           0.6626    200.05%           0.6626    200.05%\n'
b'     1135        3763835       84157         8           1.9880           0.6626    200.05%           0.6626    200.05%\n'
b'     1140        3782580       84034         8           1.9880           0.6626    200.05%           0.6626    200.05%\n'
b'     1145        3799570       83723         8           1.9880           0.6626    200.05%           0.6626    200.05%\n'
b'     1150        3816155       83818         8           1.9880           0.6626    200.05%           0.6626    200.05%\n'
b'     1155        3832131       84052         8           1.9880           0.6626    200.05%           0.6626    200.05%\n'
b'     1160        3847792       83904         8           1.9880           0.6626    200.05%           0.6626    200.05%\n'
b'     1165        3866768       83715         8           1.9880           0.6626    200.05%           0.6626    200.05%\n'
b'     1170        3885274       83124         8           1.9880           0.6626    200.05%           0.6626    200.05%\n'
b'     1175        3904584       82577         8           1.9880           0.6626    200.05%           0.6626    200.05%\n'
b'     1180        3922521       82056         8           1.9880           0.6626    200.05%           0.6626    200.05%\n'
b'     1186        3937923       81485         8           1.9880           0.6626    200.05%           0.6626    200.05%\n'
b'     1191        3951693       81165         8           1.9880           0.6626    200.05%           0.6626    200.05%\n'
b'     1196        3965998       81205         8           1.9880           0.6626    200.05%           0.6626    200.05%\n'
b'     1201        3978052       80951         8           1.9880           0.6658    198.62%           0.6658    198.62%\n'
b'     1206        3992841       81205         8           1.9880           0.6701    196.66%           0.6701    196.66%\n'
b'     1211        4007830       81105         8           1.9880           0.6738    195.07%           0.6738    195.07%\n'
b'     1216        4023732       80844         8           1.9880           0.6773    193.52%           0.6773    193.52%\n'
b'     1221        4038794       80873         8           1.9880           0.6798    192.43%           0.6801    192.33%\n'
b'     1226        4054780       80463         8           1.9880           0.6811    191.88%           0.6811    191.88%\n'
b'     1231        4067094       80425         8           1.9880           0.6832    190.99%           0.6832    190.99%\n'
b'     1236        4080929       80260         8           1.9880           0.6834    190.89%           0.6834    190.89%\n'
b'     1241        4095568       80122         8           1.9880           0.6853    190.08%           0.6853    190.08%\n'
b'     1246        4111805       79924         8           1.9880           0.6859    189.84%           0.6859    189.84%\n'
b'     1251        4125816       79673         8           1.9880           0.6866    189.53%           0.6866    189.53%\n'
b'     1256        4138845       79319         8           1.9880           0.6877    189.07%           0.6877    189.07%\n'
b'     1261        4153593       79396         8           1.9880           0.6899    188.16%           0.6899    188.16%\n'
b'     1266        4169684       79143         8           1.9880           0.6916    187.46%           0.6916    187.46%\n'
b'     1271        4185449       78424         8           1.9880           0.6929    186.93%           0.6929    186.93%\n'
b'     1276        4200237       78163         8           1.9880           0.6943    186.34%           0.6943    186.34%\n'
b'     1281        4215578       77894         8           1.9880           0.6956    185.81%           0.6956    185.81%\n'
b'     1286        4230447       77285         8           1.9880           0.6969    185.27%           0.6969    185.27%\n'
b'     1292        4243360       76922         8           1.9880           0.6986    184.57%           0.6986    184.57%\n'
b'     1297        4256124       76623         8           1.9880           0.6997    184.14%           0.6997    184.14%\n'
b'     1302        4269201       76476         8           1.9880           0.7012    183.52%           0.7012    183.52%\n'
b'     1307        4286383       76282         8           1.9880           0.7032    182.72%           0.7032    182.72%\n'
b'     1312        4303123       75890         8           1.9880           0.7056    181.76%           0.7056    181.76%\n'
b'     1317        4323023       76160         8           1.9880           0.7066    181.36%           0.7066    181.36%\n'
b'     1322        4344247       75997         8           1.9880           0.7075    180.99%           0.7075    180.99%\n'
b'     1327        4365005       75421         8           1.9880           0.7091    180.35%           0.7091    180.35%\n'
b'     1332        4384217       74954         8           1.9880           0.7099    180.06%           0.7099    180.06%\n'
b'     1337        4405418       74705         8           1.9880           0.7127    178.94%           0.7127    178.94%\n'
b'     1342        4425921       74316         8           1.9880           0.7139    178.47%           0.7139    178.47%\n'
b'     1347        4443965       73837         8           1.9880           0.7166    177.42%           0.7166    177.42%\n'
b'     1352        4462354       73463         8           1.9880           0.7166    177.42%           0.7166    177.42%\n'
b'     1357        4481619       73197         8           1.9880           0.7191    176.44%           0.7191    176.44%\n'
b'     1362        4499950       72796         8           1.9880           0.7217    175.48%           0.7217    175.48%\n'
b'     1367        4516041       72467         8           1.9880           0.7237    174.70%           0.7237    174.70%\n'
b'     1372        4530612       72272         8           1.9880           0.7254    174.08%           0.7254    174.08%\n'
b'     1377        4545563       71744         8           1.9880           0.7270    173.47%           0.7270    173.47%\n'
b'     1382        4559054       71153         8           1.9880           0.7279    173.12%           0.7279    173.12%\n'
b'     1388        4574912       70811         8           1.9880           0.7292    172.65%           0.7292    172.65%\n'
b'     1393        4589427       70300         8           1.9880           0.7294    172.55%           0.7294    172.55%\n'
b'     1398        4606022       70066         8           1.9880           0.7318    171.68%           0.7318    171.68%\n'
b'     1403        4625580       69475         8           1.9880           0.7319    171.62%           0.7319    171.62%\n'
b'     1408        4639898       69124         8           1.9880           0.7319    171.62%           0.7319    171.62%\n'
b'     1413        4654924       68591         8           1.9880           0.7319    171.62%           0.7319    171.62%\n'
b'     1418        4671918       68220         8           1.9880           0.7319    171.62%           0.7319    171.62%\n'
b'     1423        4686955       67977         8           1.9880           0.7319    171.62%           0.7319    171.62%\n'
b'     1428        4704549       67484         8           1.9880           0.7319    171.62%           0.7319    171.62%\n'
b'     1433        4721618       67458         8           1.9880           0.7319    171.62%           0.7319    171.62%\n'
b'     1438        4739337       67024         8           1.9880           0.7319    171.62%           0.7319    171.62%\n'
b'     1443        4757417       66499         8           1.9880           0.7319    171.62%           0.7319    171.62%\n'
b'     1448        4775604       66031         8           1.9880           0.7321    171.55%           0.7321    171.55%\n'
b'     1453        4790745       65410         8           1.9880           0.7345    170.65%           0.7345    170.65%\n'
b'     1458        4807910       65400         8           1.9880           0.7364    169.96%           0.7364    169.96%\n'
b'     1463        4825852       65078         8           1.9880           0.7364    169.96%           0.7364    169.96%\n'
b'     1468        4846110       64559         8           1.9880           0.7368    169.83%           0.7368    169.83%\n'
b'     1473        4860335       64116         8           1.9880           0.7371    169.70%           0.7371    169.70%\n'
b'     1479        4875045       63641         8           1.9880           0.7405    168.48%           0.7405    168.48%\n'
b'*    1483        4889703       63262         8           1.9880           0.7430    167.57%           0.7430    167.57%\n'
b'     1484        4889705       63261         8           1.9880           0.7430    167.57%           0.7430    167.57%\n'
b'     1489        4908810       62608         8           1.9880           0.7448    166.91%           0.7448    166.91%\n'
b'     1494        4925298       62152         8           1.9880           0.7456    166.63%           0.7456    166.63%\n'
b'     1499        4939819       61615         8           1.9880           0.7456    166.63%           0.7456    166.63%\n'
b'     1504        4954370       60581         8           1.9880           0.7456    166.63%           0.7456    166.63%\n'
b'     1509        4966236       60109         8           1.9880           0.7462    166.42%           0.7462    166.42%\n'
b'     1514        4977962       59379         8           1.9880           0.7473    166.03%           0.7473    166.03%\n'
b'     1519        4988813       58774         8           1.9880           0.7489    165.45%           0.7489    165.45%\n'
b'     1524        4998837       58307         8           1.9880           0.7502    165.00%           0.7502    165.00%\n'
b'     1529        5009514       57830         8           1.9880           0.7551    163.26%           0.7551    163.26%\n'
b'     1534        5022028       56278         8           1.9880           0.7571    162.57%           0.7581    162.23%\n'
b'     1540        5040119       56104         8           1.9880           0.7571    162.57%           0.7571    162.57%\n'
b'     1545        5053726       55893         8           1.9880           0.7571    162.57%           0.7571    162.57%\n'
b'     1550        5066535       55802         8           1.9880           0.7583    162.16%           0.7583    162.16%\n'
b'     1555        5081685       55637         8           1.9880           0.7583    162.15%           0.7583    162.15%\n'
b'     1560        5099847       55366         8           1.9880           0.7608    161.32%           0.7608    161.32%\n'
b'     1565        5115720       54554         8           1.9880           0.7619    160.93%           0.7619    160.93%\n'
b'     1570        5129585       54591         8           1.9880           0.7625    160.74%           0.7625    160.74%\n'
b'     1575        5144956       54488         8           1.9880           0.7670    159.20%           0.7670    159.20%\n'
b'     1580        5157923       54552         8           1.9880           0.7671    159.15%           0.7674    159.07%\n'
b'     1585        5171465       54295         8           1.9880           0.7686    158.64%           0.7686    158.64%\n'
b'     1590        5184453       54049         8           1.9880           0.7711    157.82%           0.7711    157.82%\n'
b'     1595        5198028       54227         8           1.9880           0.7711    157.82%           0.7711    157.82%\n'
b'     1600        5212869       54245         8           1.9880           0.7730    157.19%           0.7730    157.19%\n'
b'     1605        5229148       54509         8           1.9880           0.7736    156.99%           0.7736    156.99%\n'
b'     1610        5244924       54466         8           1.9880           0.7750    156.52%           0.7750    156.52%\n'
b'     1616        5260488       54500         8           1.9880           0.7751    156.49%           0.7751    156.49%\n'
b'     1621        5275195       54465         8           1.9880           0.7774    155.73%           0.7775    155.69%\n'
b'     1626        5292261       54545         8           1.9880           0.7782    155.47%           0.7782    155.47%\n'
b'     1631        5310801       54578         8           1.9880           0.7816    154.35%           0.7816    154.35%\n'
b'     1636        5330628       54794         8           1.9880           0.7819    154.24%           0.7820    154.23%\n'
b'     1641        5352580       54828         8           1.9880           0.7825    154.06%           0.7825    154.06%\n'
b'     1646        5372842       55037         8           1.9880           0.7826    154.03%           0.7826    154.03%\n'
b'     1651        5390568       54553         8           1.9880           0.7826    154.03%           0.7826    154.03%\n'
b'     1656        5410930       54691         8           1.9880           0.7851    153.20%           0.7851    153.20%\n'
b'     1661        5432465       54896         8           1.9880           0.7859    152.97%           0.7859    152.97%\n'
b'     1666        5450341       54722         8           1.9880           0.7869    152.64%           0.7869    152.64%\n'
b'     1671        5469468       54718         8           1.9880           0.7872    152.54%           0.7872    152.54%\n'
b'     1676        5488420       54909         8           1.9880           0.7888    152.04%           0.7888    152.04%\n'
b'     1681        5510260       54698         8           1.9880           0.7891    151.94%           0.7891    151.94%\n'
b'     1686        5527830       54793         8           1.9880           0.7903    151.54%           0.7903    151.54%\n'
b'     1691        5548542       54647         8           1.9880           0.7912    151.28%           0.7912    151.28%\n'
b'     1696        5564715       54613         8           1.9880           0.7912    151.28%           0.7912    151.28%\n'
b'     1701        5581405       54383         8           1.9880           0.7912    151.28%           0.7912    151.28%\n'
b'     1707        5599860       54021         8           1.9880           0.7912    151.28%           0.7912    151.28%\n'
b'     1712        5619215       53464         8           1.9880           0.7912    151.28%           0.7912    151.28%\n'
b'     1717        5636790       52870         8           1.9880           0.7913    151.22%           0.7913    151.22%\n'
b'     1722        5653511       52301         8           1.9880           0.7913    151.22%           0.7913    151.22%\n'
b'     1727        5672915       51475         8           1.9880           0.7913    151.22%           0.7913    151.22%\n'
b'     1732        5692618       50912         8           1.9880           0.7913    151.22%           0.7913    151.22%\n'
b'     1737        5711142       50078         8           1.9880           0.7913    151.22%           0.7913    151.22%\n'
b'     1742        5724531       49277         8           1.9880           0.7913    151.22%           0.7913    151.22%\n'
b'     1747        5737402       48568         8           1.9880           0.7944    150.26%           0.7944    150.26%\n'
b'     1752        5747386       48372         8           1.9880           0.7944    150.24%           0.7944    150.24%\n'
b'     1757        5757503       48264         8           1.9880           0.7963    149.64%           0.7963    149.64%\n'
b'     1762        5769087       48028         8           1.9880           0.7963    149.64%           0.7963    149.64%\n'
b'     1767        5780170       47688         8           1.9880           0.7963    149.64%           0.7963    149.64%\n'
b'     1772        5791151       47337         8           1.9880           0.7963    149.64%           0.7963    149.64%\n'
b'     1777        5800409       47274         8           1.9880           0.7963    149.64%           0.7963    149.64%\n'
b'     1782        5810110       46574         8           1.9880           0.7980    149.12%           0.7980    149.12%\n'
b'     1787        5820953       46262         8           1.9880           0.7980    149.12%           0.7980    149.12%\n'
b'     1792        5829850       45685         8           1.9880           0.7994    148.69%           0.7994    148.69%\n'
b'     1797        5839302       45371         8           1.9880           0.8049    146.98%           0.8049    146.98%\n'
b'     1802        5852834       45228         8           1.9880           0.8058    146.72%           0.8058    146.72%\n'
b'     1807        5862725       44882         8           1.9880           0.8071    146.32%           0.8071    146.32%\n'
b'     1812        5872260       44251         8           1.9880           0.8103    145.34%           0.8103    145.34%\n'
b'     1817        5881825       44015         8           1.9880           0.8115    144.97%           0.8115    144.97%\n'
b'     1822        5893333       44193         8           1.9880           0.8115    144.97%           0.8115    144.97%\n'
b'     1828        5905925       43851         8           1.9880           0.8115    144.97%           0.8115    144.97%\n'
b'     1833        5918365       43630         8           1.9880           0.8115    144.97%           0.8115    144.97%\n'
b'     1838        5931346       43405         8           1.9880           0.8115    144.97%           0.8115    144.97%\n'
b'     1843        5946126       42844         8           1.9880           0.8173    143.23%           0.8173    143.23%\n'
b'     1848        5960066       42343         8           1.9880           0.8193    142.65%           0.8193    142.65%\n'
b'     1853        5974622       42073         8           1.9880           0.8224    141.73%           0.8224    141.73%\n'
b'     1858        5989601       42048         8           1.9880           0.8261    140.65%           0.8261    140.65%\n'
b'     1863        6008164       41503         8           1.9880           0.8280    140.11%           0.8280    140.11%\n'
b'     1868        6020835       41231         8           1.9880           0.8280    140.11%           0.8280    140.11%\n'
b'     1873        6032008       41259         8           1.9880           0.8280    140.11%           0.8280    140.11%\n'
b'     1878        6044915       41185         8           1.9880           0.8311    139.19%           0.8311    139.19%\n'
b'     1883        6058001       41086         8           1.9880           0.8347    138.17%           0.8347    138.17%\n'
b'     1888        6072464       40991         8           1.9880           0.8411    136.36%           0.8412    136.34%\n'
b'     1893        6087620       40930         8           1.9880           0.8453    135.17%           0.8453    135.17%\n'
b'     1898        6101235       40874         8           1.9880           0.8453    135.17%           0.8453    135.17%\n'
b'     1903        6115968       40675         8           1.9880           0.8457    135.08%           0.8457    135.08%\n'
b'     1908        6130481       40189         8           1.9880           0.8460    134.98%           0.8460    134.98%\n'
b'     1913        6149009       39355         8           1.9880           0.8476    134.55%           0.8476    134.55%\n'
b'     1918        6165815       38827         8           1.9880           0.8490    134.16%           0.8490    134.16%\n'
b'     1924        6180626       38784         8           1.9880           0.8515    133.47%           0.8515    133.47%\n'
b'     1929        6193776       38505         8           1.9880           0.8530    133.05%           0.8530    133.05%\n'
b'     1934        6204266       37934         8           1.9880           0.8543    132.71%           0.8557    132.31%\n'
b'     1939        6217190       37697         8           1.9880           0.8567    132.04%           0.8567    132.04%\n'
b'     1944        6232320       37967         8           1.9880           0.8602    131.11%           0.8602    131.11%\n'
b'     1949        6246848       37579         8           1.9880           0.8619    130.65%           0.8619    130.65%\n'
b'     1954        6258885       37886         8           1.9880           0.8634    130.26%           0.8634    130.26%\n'
b'     1959        6272595       37429         8           1.9880           0.8644    130.00%           0.8644    130.00%\n'
b'     1964        6282760       36838         8           1.9880           0.8688    128.83%           0.8688    128.83%\n'
b'     1969        6292194       36409         8           1.9880           0.8712    128.20%           0.8712    128.18%\n'
b'     1974        6303363       35888         8           1.9880           0.8729    127.75%           0.8729    127.75%\n'
b'     1979        6314862       35801         8           1.9880           0.8760    126.94%           0.8760    126.94%\n'
b'     1984        6328160       35349         8           1.9880           0.8802    125.85%           0.8802    125.85%\n'
b'     1989        6338143       35183         8           1.9880           0.8827    125.21%           0.8828    125.20%\n'
b'     1994        6347804       34805         8           1.9880           0.8862    124.33%           0.8862    124.33%\n'
b'     1999        6357620       34698         8           1.9880           0.8868    124.19%           0.8868    124.19%\n'
b'     2004        6367087       34690         8           1.9880           0.8868    124.19%           0.8868    124.19%\n'
b'     2009        6377199       34516         8           1.9880           0.8868    124.19%           0.8868    124.19%\n'
b'     2015        6388311       34158         8           1.9880           0.8920    122.88%           0.8920    122.88%\n'
b'     2020        6402607       34332         8           1.9880           0.8944    122.28%           0.8944    122.28%\n'
b'     2025        6419103       34120         8           1.9880           0.8976    121.47%           0.8976    121.47%\n'
b'     2030        6431349       33455         8           1.9880           0.8979    121.42%           0.8979    121.42%\n'
b'     2035        6442324       33189         8           1.9880           0.9020    120.39%           0.9020    120.39%\n'
b'     2040        6455406       33795         8           1.9880           0.9029    120.19%           0.9029    120.19%\n'
b'     2045        6470797       34321         8           1.9880           0.9029    120.19%           0.9029    120.19%\n'
b'     2050        6486787       34590         8           1.9880           0.9029    120.19%           0.9029    120.19%\n'
b'     2055        6504173       34872         8           1.9880           0.9058    119.47%           0.9058    119.47%\n'
b'     2060        6521316       35160         8           1.9880           0.9058    119.47%           0.9058    119.47%\n'
b'     2065        6539046       35319         8           1.9880           0.9058    119.47%           0.9058    119.47%\n'
b'     2070        6556605       35499         8           1.9880           0.9058    119.47%           0.9058    119.47%\n'
b'     2075        6573675       35595         8           1.9880           0.9067    119.25%           0.9067    119.25%\n'
b'     2080        6590362       35793         8           1.9880           0.9068    119.23%           0.9068    119.23%\n'
b'     2085        6609538       35887         8           1.9880           0.9092    118.64%           0.9092    118.64%\n'
b'     2090        6627141       35792         8           1.9880           0.9113    118.16%           0.9113    118.16%\n'
b'     2095        6643131       35761         8           1.9880           0.9129    117.78%           0.9129    117.77%\n'
b'     2100        6660664       35844         8           1.9880           0.9174    116.70%           0.9174    116.70%\n'
b'     2105        6679613       36472         8           1.9880           0.9179    116.59%           0.9179    116.59%\n'
b'     2111        6700290       37150         8           1.9880           0.9186    116.40%           0.9186    116.40%\n'
b'     2116        6721968       37676         8           1.9880           0.9186    116.40%           0.9186    116.40%\n'
b'     2121        6741781       37405         8           1.9880           0.9196    116.17%           0.9196    116.17%\n'
b'     2126        6759547       37514         8           1.9880           0.9224    115.51%           0.9224    115.51%\n'
b'     2131        6779205       37413         8           1.9880           0.9259    114.70%           0.9259    114.70%\n'
b'     2136        6800612       36110         8           1.9880           0.9260    114.69%           0.9260    114.69%\n'
b'     2141        6822136       35166         8           1.9880           0.9307    113.61%           0.9307    113.61%\n'
b'     2146        6837431       35153         8           1.9880           0.9345    112.74%           0.9345    112.74%\n'
b'     2151        6853876       34600         8           1.9880           0.9346    112.71%           0.9346    112.71%\n'
b'     2156        6865799       33965         8           1.9880           0.9346    112.71%           0.9346    112.71%\n'
b'     2161        6876129       33007         8           1.9880           0.9346    112.71%           0.9346    112.71%\n'
b'     2166        6886856       31926         8           1.9880           0.9346    112.71%           0.9346    112.71%\n'
b'     2171        6897989       30947         8           1.9880           0.9346    112.71%           0.9346    112.71%\n'
b'     2177        6907824       30481         8           1.9880           0.9374    112.08%           0.9374    112.08%\n'
b'     2182        6918575       30005         8           1.9880           0.9397    111.55%           0.9397    111.55%\n'
b'     2187        6929929       29589         8           1.9880           0.9473    109.85%           0.9473    109.85%\n'
b'     2192        6943061       29301         8           1.9880           0.9484    109.61%           0.9487    109.55%\n'
b'     2197        6954143       28299         8           1.9880           0.9528    108.64%           0.9528    108.64%\n'
b'     2202        6965753       27569         8           1.9880           0.9564    107.87%           0.9564    107.87%\n'
b'     2207        6976459       26800         8           1.9880           0.9575    107.62%           0.9575    107.62%\n'
b'     2212        6988994       26313         8           1.9880           0.9575    107.62%           0.9575    107.62%\n'
b'     2217        6998363       25587         8           1.9880           0.9575    107.62%           0.9575    107.62%\n'
b'     2222        7006034       24781         8           1.9880           0.9636    106.31%           0.9636    106.31%\n'
b'     2227        7018097       24075         8           1.9880           0.9715    104.62%           0.9732    104.27%\n'
b'     2232        7024855       23074         8           1.9880           0.9762    103.64%           0.9762    103.64%\n'
b'     2237        7038351       23266         8           1.9880           0.9782    103.22%           0.9782    103.22%\n'
b'     2242        7055716       22818         8           1.9880           0.9845    101.92%           0.9845    101.92%\n'
b'     2247        7070745       22781         8           1.9880           0.9870    101.42%           0.9870    101.42%\n'
b'     2252        7085730       22533         8           1.9880           0.9910    100.60%           0.9910    100.60%\n'
b'     2258        7095736       22326         8           1.9880           0.9981     99.17%           0.9981     99.17%\n'
b'     2263        7109985       22474         8           1.9880           1.0014     98.52%           1.0023     98.34%\n'
b'     2268        7124826       22720         8           1.9880           1.0049     97.83%           1.0049     97.83%\n'
b'     2273        7146653       23181         8           1.9880           1.0061     97.60%           1.0061     97.60%\n'
b'     2278        7169687       23420         8           1.9880           1.0063     97.55%           1.0063     97.55%\n'
b'     2283        7182643       22840         8           1.9880           1.0091     97.00%           1.0091     97.00%\n'
b'     2288        7198244       22593         8           1.9880           1.0130     96.25%           1.0130     96.25%\n'
b'     2293        7216366       22153         8           1.9880           1.0156     95.74%           1.0156     95.74%\n'
b'     2298        7230807       22081         8           1.9880           1.0173     95.42%           1.0173     95.42%\n'
b'     2303        7245101       21626         8           1.9880           1.0199     94.92%           1.0199     94.92%\n'
b'     2308        7254627       21714         8           1.9880           1.0281     93.37%           1.0281     93.37%\n'
b'     2313        7265182       21664         8           1.9880           1.0297     93.07%           1.0297     93.07%\n'
b'     2318        7276052       21532         8           1.9880           1.0347     92.14%           1.0347     92.14%\n'
b'     2323        7286420       21444         8           1.9880           1.0364     91.82%           1.0364     91.82%\n'
b'     2328        7300316       21526         8           1.9880           1.0403     91.11%           1.0403     91.11%\n'
b'     2333        7312704       21413         8           1.9880           1.0420     90.79%           1.0420     90.79%\n'
b'     2338        7322018       21139         8           1.9880           1.0444     90.35%           1.0444     90.35%\n'
b'     2343        7333783       21002         8           1.9880           1.0459     90.08%           1.0459     90.08%\n'
b'     2348        7345754       20701         8           1.9880           1.0527     88.85%           1.0528     88.82%\n'
b'     2353        7358297       20538         8           1.9880           1.0562     88.22%           1.0562     88.22%\n'
b'     2359        7368651       20217         8           1.9880           1.0605     87.45%           1.0605     87.45%\n'
b'     2364        7377919       19974         8           1.9880           1.0654     86.60%           1.0654     86.60%\n'
b'     2369        7391413       19964         8           1.9880           1.0667     86.37%           1.0667     86.37%\n'
b'     2374        7400838       19603         8           1.9880           1.0716     85.52%           1.0716     85.52%\n'
b'     2379        7409328       19206         8           1.9880           1.0767     84.63%           1.0767     84.63%\n'
b'     2384        7418162       18959         8           1.9880           1.0797     84.12%           1.0797     84.12%\n'
b'     2389        7433075       18931         8           1.9880           1.0829     83.58%           1.0829     83.58%\n'
b'     2394        7443112       18566         8           1.9880           1.0829     83.58%           1.0830     83.57%\n'
b'     2399        7452007       18358         8           1.9880           1.0907     82.27%           1.0907     82.27%\n'
b'     2404        7465172       18407         8           1.9880           1.0924     81.99%           1.0926     81.95%\n'
b'     2409        7480713       18262         8           1.9880           1.0965     81.30%           1.0972     81.18%\n'
b'     2414        7500688       18443         8           1.9880           1.1032     80.20%           1.1032     80.20%\n'
b'     2419        7521624       18144         8           1.9880           1.1069     79.59%           1.1069     79.59%\n'
b'     2424        7539769       18557         8           1.9880           1.1080     79.42%           1.1080     79.42%\n'
b'     2429        7560334       18520         8           1.9880           1.1140     78.46%           1.1142     78.43%\n'
b'     2434        7580889       18368         8           1.9880           1.1191     77.64%           1.1195     77.58%\n'
b'     2439        7606591       18169         8           1.9880           1.1232     77.00%           1.1232     77.00%\n'
b'     2444        7628263       17981         8           1.9880           1.1232     77.00%           1.1232     77.00%\n'
b'     2450        7648595       17741         8           1.9880           1.1278     76.27%           1.1278     76.27%\n'
b'     2455        7667570       17825         8           1.9880           1.1322     75.58%           1.1322     75.58%\n'
b'     2460        7685057       17662         8           1.9880           1.1370     74.84%           1.1372     74.82%\n'
b'     2465        7704474       17688         8           1.9880           1.1433     73.88%           1.1433     73.88%\n'
b'     2470        7724284       17485         8           1.9880           1.1530     72.41%           1.1530     72.41%\n'
b'     2475        7742466       17035         8           1.9880           1.1553     72.07%           1.1553     72.07%\n'
b'     2480        7756405       16512         8           1.9880           1.1681     70.18%           1.1681     70.18%\n'
b'     2485        7778788       16288         8           1.9880           1.1763     69.00%           1.1763     69.00%\n'
b'     2490        7791523       15812         8           1.9880           1.1812     68.31%           1.1818     68.22%\n'
b'     2495        7800298       15511         8           1.9880           1.1965     66.16%           1.1965     66.16%\n'
b'     2500        7814019       15294         8           1.9880           1.2059     64.85%           1.2059     64.85%\n'
b'     2506        7826619       14826         8           1.9880           1.2133     63.85%           1.2165     63.41%\n'
b'     2511        7840071       14510         8           1.9880           1.2265     62.09%           1.2266     62.08%\n'
b'     2516        7853934       14227         8           1.9880           1.2337     61.15%           1.2337     61.15%\n'
b'     2521        7866651       13851         8           1.9880           1.2455     59.62%           1.2455     59.62%\n'
b'     2526        7877360       13121         8           1.9880           1.2568     58.18%           1.2568     58.18%\n'
b'     2531        7889909       12718         8           1.9880           1.2683     56.74%           1.2683     56.74%\n'
b'     2536        7900755       12051         8           1.9880           1.2830     54.95%           1.2830     54.95%\n'
b'     2541        7910929       11782         8           1.9880           1.3033     52.54%           1.3033     52.54%\n'
b'     2546        7931588       11714         8           1.9880           1.3067     52.14%           1.3067     52.14%\n'
b'     2551        7947810       11835         8           1.9880           1.3129     51.42%           1.3129     51.42%\n'
b'     2556        7970048       11308         8           1.9880           1.3238     50.17%           1.3238     50.17%\n'
b'     2561        7983441       10931         8           1.9880           1.3385     48.52%           1.3385     48.52%\n'
b'     2566        7999860       10407         8           1.9880           1.3593     46.25%           1.3593     46.25%\n'
b'     2571        8010424        9951         8           1.9880           1.3781     44.26%           1.3781     44.26%\n'
b'     2576        8026012        9356         8           1.9880           1.4089     41.10%           1.4089     41.10%\n'
b'     2581        8048392        9223         8           1.9880           1.4234     39.67%           1.4234     39.67%\n'
b'     2586        8068587        9122         8           1.9880           1.4335     38.68%           1.4335     38.68%\n'
b'     2591        8085884        8522         8           1.9880           1.4404     38.02%           1.4404     38.02%\n'
b'     2596        8102966        8336         8           1.9880           1.4427     37.80%           1.4427     37.80%\n'
b'     2601        8118593        7833         8           1.9880           1.4453     37.55%           1.4453     37.55%\n'
b'     2606        8128709        7509         8           1.9880           1.4467     37.41%           1.4467     37.41%\n'
b'     2612        8138127        7274         8           1.9880           1.4551     36.62%           1.4551     36.62%\n'
b'     2617        8144389        7125         8           1.9880           1.4607     36.10%           1.4607     36.10%\n'
b'     2622        8152531        6892         8           1.9880           1.4690     35.33%           1.4692     35.31%\n'
b'     2627        8164535        6503         8           1.9880           1.4732     34.94%           1.4732     34.94%\n'
b'     2632        8177070        6284         8           1.9880           1.4737     34.90%           1.4737     34.90%\n'
b'     2637        8188314        5951         8           1.9880           1.4749     34.79%           1.4749     34.79%\n'
b'     2642        8201575        5821         8           1.9880           1.4758     34.70%           1.4758     34.70%\n'
b'     2647        8217435        5485         8           1.9880           1.4758     34.70%           1.4758     34.70%\n'
b'     2652        8229910        5172         8           1.9880           1.4799     34.33%           1.4799     34.33%\n'
b'     2657        8243871        4866         8           1.9880           1.4836     34.00%           1.4836     34.00%\n'
b'     2662        8257772        4634         8           1.9880           1.4837     33.99%           1.4837     33.99%\n'
b'     2667        8268343        4325         8           1.9880           1.4840     33.97%           1.4840     33.97%\n'
b'     2672        8282309        4067         8           1.9880           1.4907     33.36%           1.4941     33.06%\n'
b'     2677        8295770        3835         8           1.9880           1.5103     31.62%           1.5103     31.62%\n'
b'     2682        8305226        3389         8           1.9880           1.5536     27.96%           1.5536     27.96%\n'
b'     2688        8312977        3182         8           1.9880           1.5798     25.84%           1.5798     25.84%\n'
b'     2693        8321547        2598         8           1.9880           1.6037     23.96%           1.6037     23.96%\n'
b'     2698        8330872        1403         8           1.9880           1.6395     21.26%           1.6395     21.26%\n'
b'     2703        8347791         841         8           1.9880           1.6815     18.23%           1.6915     17.53%\n'
b'     2708        8354504         114         8           1.9880           1.8688      6.38%           1.8688      6.38%\n'
b'     2713        8371591         158         8           1.9880           1.9647      1.18%           1.9647      1.18%\n'
b'     2716        8378999           0         0           1.9880           1.9880      0.00%\n'
b'SCIP Status        : problem is solved\n'
b'Total Time         : 2716.21\n'
b'  solving          : 2716.21\n'
b'  presolving       : 0.06 (included in solving)\n'
b'B&B Tree           :\n'
b'  nodes (total)    : 8378999\n'
b'Solution           :\n'
b'  Solutions found  : 10\n'
b'  Primal Bound     : +1.98798924844155e+00\n'
b'  Dual Bound       : +1.98798924844155e+00\n'
b'Gap                : 0.00000 %\n'
