b'The following solver is parallelized by UG version 0.9.1 [GitHash: ]\n'
b'SCIP version 7.0.2 [precision: 8 byte] [memory: block] [mode: optimized] [LP solver: SoPlex 5.0.2] [GitHash: e9d280a398]\n'
b'Copyright (C) 2002-2020 Konrad-Zuse-Zentrum fuer Informationstechnik Berlin (ZIB)\n'
b'External codes: \n'
b'  Readline 7.0         GNU library for command line editing (gnu.org/s/readline)\n'
b'  SoPlex 5.0.2         Linear Programming Solver developed at Zuse Institute Berlin (soplex.zib.de) [GitHash: e24c304e]\n'
b'  CppAD 20180000.0     Algorithmic Differentiation of C++ algorithms developed by B. Bell (www.coin-or.org/CppAD)\n'
b'  ZLIB 1.2.11          General purpose compression library by J. Gailly and M. Adler (zlib.net)\n'
b'  GMP 6.1.2            GNU Multiple Precision Arithmetic Library developed by T. Granlund (gmplib.org)\n'
b'  ZIMPL 3.4.0          Zuse Institute Mathematical Programming Language developed by T. Koch (zimpl.zib.de)\n'
b'Default LC presolving (default).\n'
b'Original Problem   :\n'
b'  Problem name     : 003\n'
b'  Variables        : 4863 (800 binary, 0 integer, 0 implicit integer, 4063 continuous)\n'
b'  Constraints      : 13361\n'
b'  Objective sense  : minimize\n'
b'Presolved Problem  :\n'
b'  Variables        : 1179 (225 binary, 0 integer, 0 implicit integer, 954 continuous)\n'
b'  Constraints      : 1299\n'
b'Constraints        : Number\n'
b'  varbound         : 772 \n'
b'  knapsack         : 5 \n'
b'  setppc           : 56 \n'
b'  linear           : 466 \n'
b'** Instance transfer method used: 0\n'
b'** ParaScipInstance copy does not increase the number of variables. **\n'
b'LC is working with racing ramp-up and with rebuilding tree after racing.\n'
b'                               Nodes    Active                                            \n'
b'     Time          Nodes        Left   Solvers     Best Integer        Best Node       Gap     Best Node(S)    Gap(S)\n'
b'*       4              0           1         8           2.7770                -         -\n'
b'        5             14          13         8           2.7770           0.1351         -\n'
b'*       7            104         101         8           2.6106           0.1597         -\n'
b'*       8            252         245         8           2.4835           0.2011         -\n'
b'Racing ramp-up finished after 8.2200 seconds. Selected strategy 3.\n'
b'       10           2393        1801         8           2.4835           0.2072         -           0.2850         -\n'
b'       15          17646        9518         8           2.4835           0.2072         -           0.3710         -\n'
b'       20          36228       16465         8           2.4835           0.2072         -           0.4061         -\n'
b'       26          57159       22747         8           2.4835           0.2072         -           0.4337    472.58%\n'
b'       31          78687       27798         8           2.4835           0.2072         -           0.4492    452.93%\n'
b'       36         102535       32609         8           2.4835           0.2072         -           0.5200    377.64%\n'
b'       41         127504       36939         8           2.4835           0.2072         -           0.5200    377.64%\n'
b'       46         152858       40713         8           2.4835           0.2072         -           0.5200    377.64%\n'
b'       51         178829       43834         8           2.4835           0.2072         -           0.5261    372.04%\n'
b'       56         204860       46562         8           2.4835           0.2072         -           0.5497    351.78%\n'
b'       61         231027       49218         8           2.4835           0.2072         -           0.5571    345.82%\n'
b'       66         257243       51842         8           2.4835           0.2072         -           0.5571    345.82%\n'
b'       71         284059       54296         8           2.4835           0.2072         -           0.5641    340.28%\n'
b'       76         311881       56543         8           2.4835           0.2072         -           0.5706    335.22%\n'
b'       81         340593       58416         8           2.4835           0.2072         -           0.5706    335.22%\n'
b'       86         370585       60314         8           2.4835           0.2072         -           0.5707    335.16%\n'
b'       91         397634       62541         8           2.4835           0.2072         -           0.5238    374.12%\n'
b'       97         423743       65781         8           2.4835           0.2072         -           0.5842    325.10%\n'
b'      102         450767       68259         8           2.4835           0.2072         -           0.6042    311.07%\n'
b'      107         478092       71039         8           2.4835           0.2072         -           0.6121    305.72%\n'
b'      112         505911       73168         8           2.4835           0.2072         -           0.6269    296.13%\n'
b'      117         534097       75523         8           2.4835           0.2072         -           0.6385    288.96%\n'
b'      122         562298       77290         8           2.4835           0.2072         -           0.6409    287.52%\n'
b'      127         591777       79597         8           2.4835           0.2072         -           0.6409    287.52%\n'
b'      132         621528       81436         8           2.4835           0.2072         -           0.6434    285.99%\n'
b'      137         651987       83319         8           2.4835           0.2072         -           0.6434    285.99%\n'
b'      142         683705       85479         8           2.4835           0.2072         -           0.6434    285.99%\n'
b'*     144         697570       86306         8           2.3146           0.2072         -           0.6434    259.74%\n'
b'      147         715644       87358         8           2.3146           0.2072         -           0.6434    259.74%\n'
b'      152         747758       89001         8           2.3146           0.2072         -           0.6434    259.74%\n'
b'      157         780064       90175         8           2.3146           0.2072         -           0.6461    258.22%\n'
b'      162         812113       91071         8           2.3146           0.2072         -           0.6461    258.22%\n'
b'      167         842867       92076         8           2.3146           0.2072         -           0.6465    258.05%\n'
b'      172         873922       93414         8           2.3146           0.2072         -           0.6465    258.05%\n'
b'      177         905228       93903         8           2.3146           0.2072         -           0.6465    258.05%\n'
b'      182         938151       94934         8           2.3146           0.2072         -           0.6465    258.05%\n'
b'      188         970243       95168         8           2.3146           0.2072         -           0.6465    258.01%\n'
b'*     188         972113       95238         8           2.3132           0.2072         -           0.6465    257.79%\n'
b'      193        1000964       95728         8           2.3132           0.2072         -           0.6465    257.79%\n'
b'      198        1032950       96370         8           2.3132           0.2072         -           0.6465    257.79%\n'
b'      203        1067771       96947         8           2.3132           0.2072         -           0.6465    257.79%\n'
b'      208        1101238       97233         8           2.3132           0.2072         -           0.6471    257.47%\n'
b'      213        1136004       97372         8           2.3132           0.2072         -           0.6471    257.47%\n'
b'      218        1169640       97342         8           2.3132           0.2072         -           0.6471    257.47%\n'
b'      223        1203348       97249         8           2.3132           0.2072         -           0.6471    257.47%\n'
b'      228        1237818       97130         8           2.3132           0.2072         -           0.6471    257.47%\n'
b'      233        1267689       97596         8           2.3132           0.2072         -           0.5497    320.79%\n'
b'      238        1297273       98932         8           2.3132           0.2072         -           0.5764    301.29%\n'
b'      243        1326093       99784         8           2.3132           0.2072         -           0.6434    259.51%\n'
b'      248        1355574      101091         8           2.3132           0.2072         -           0.6471    257.47%\n'
b'      253        1383672      101450         8           2.3132           0.2072         -           0.6471    257.47%\n'
b'*     256        1402620      101985         8           2.3065           0.2072         -           0.6471    256.45%\n'
b'      258        1412305      102062         8           2.3065           0.2072         -           0.6474    256.26%\n'
b'      263        1442370      102102         8           2.3065           0.2072         -           0.6574    250.85%\n'
b'      268        1472390      102267         8           2.3065           0.2072         -           0.6635    247.64%\n'
b'      273        1502698      102093         8           2.3065           0.2072         -           0.6697    244.43%\n'
b'      278        1534004      101841         8           2.3065           0.2072         -           0.6764    241.00%\n'
b'      284        1564866      100933         8           2.3065           0.2072         -           0.6854    236.54%\n'
b'      289        1596262      100626         8           2.3065           0.2072         -           0.6859    236.30%\n'
b'      294        1627270       99658         8           2.3065           0.2072         -           0.6886    234.95%\n'
b'      299        1658412       98521         8           2.3065           0.2072         -           0.2072         -\n'
b'      304        1684177       98670         8           2.3065           0.2072         -           0.3994    477.45%\n'
b'      309        1712620       99092         8           2.3065           0.2072         -           0.5040    357.65%\n'
b'      314        1742200       99621         8           2.3065           0.2072         -           0.5195    343.96%\n'
b'      319        1771881       99742         8           2.3065           0.2072         -           0.2072         -\n'
b'      324        1799263      101238         8           2.3065           0.2072         -           0.5060    355.81%\n'
b'      329        1828591      101948         8           2.3065           0.2072         -           0.6083    279.16%\n'
b'      334        1857155      102061         8           2.3065           0.2072         -           0.6372    261.97%\n'
b'      339        1886219      102714         8           2.3065           0.2072         -           0.6577    250.69%\n'
b'      344        1915400      102406         8           2.3065           0.2072         -           0.6797    239.35%\n'
b'      349        1945344      101809         8           2.3065           0.2072         -           0.6976    230.63%\n'
b'      354        1976916      101481         8           2.3065           0.2072         -           0.6993    229.84%\n'
b'      359        2007605      101094         8           2.3065           0.2072         -           0.7009    229.08%\n'
b'      364        2038814      100285         8           2.3065           0.2072         -           0.7034    227.94%\n'
b'      369        2067735      100574         8           2.3065           0.2072         -           0.4591    402.41%\n'
b'      374        2095571      101091         8           2.3065           0.2072         -           0.5124    350.12%\n'
b'      379        2124438      101343         8           2.3065           0.2072         -           0.5545    315.96%\n'
b'      385        2153755      102263         8           2.3065           0.2072         -           0.6209    271.51%\n'
b'      390        2183437      102756         8           2.3065           0.2072         -           0.6409    259.91%\n'
b'      395        2213511      102791         8           2.3065           0.2072         -           0.6465    256.77%\n'
b'      400        2244427      102429         8           2.3065           0.2072         -           0.6766    240.90%\n'
b'      405        2271631      102173         8           2.3065           0.2072         -           0.2072         -\n'
b'      410        2297777      102424         8           2.3065           0.2072         -           0.2072         -\n'
b'      415        2325579      102896         8           2.3065           0.2072         -           0.5014    360.03%\n'
b'      420        2353060      103606         8           2.3065           0.2072         -           0.4452    418.06%\n'
b'      425        2380487      105871         8           2.3065           0.2072         -           0.4462    416.96%\n'
b'      430        2410950      107122         8           2.3065           0.2072         -           0.5654    307.93%\n'
b'      435        2440726      108013         8           2.3065           0.2072         -           0.5748    301.25%\n'
b'      440        2472446      108453         8           2.3065           0.2072         -           0.5931    288.88%\n'
b'      445        2502921      109087         8           2.3065           0.2072         -           0.6203    271.85%\n'
b'      450        2534203      109434         8           2.3065           0.2072         -           0.6465    256.77%\n'
b'      455        2567272      109528         8           2.3065           0.2072         -           0.6474    256.29%\n'
b'      460        2599634      108879         8           2.3065           0.2072         -           0.4380    426.66%\n'
b'      465        2629392      110378         8           2.3065           0.2072         -           0.5391    327.83%\n'
b'      470        2659866      111268         8           2.3065           0.2072         -           0.5923    289.39%\n'
b'      475        2692606      112143         8           2.3065           0.2072         -           0.6434    258.49%\n'
b'      480        2724122      112242         8           2.3065           0.2072         -           0.6435    258.44%\n'
b'      486        2757784      112166         8           2.3065           0.2072         -           0.6912    233.72%\n'
b'      491        2791477      111615         8           2.3065           0.2072         -           0.7249    218.18%\n'
b'      496        2825220      110662         8           2.3065           0.2072         -           0.7249    218.18%\n'
b'      501        2858188      110016         8           2.3065           0.2072         -           0.7263    217.59%\n'
b'      506        2892856      109330         8           2.3065           0.2072         -           0.7321    215.08%\n'
b'      511        2927733      107540         8           2.3065           0.2072         -           0.7340    214.25%\n'
b'      516        2963195      105779         8           2.3065           0.2072         -           0.7340    214.25%\n'
b'      521        2997540      103055         8           2.3065           0.2072         -           0.4474    415.55%\n'
b'      526        3027666      103578         8           2.3065           0.2072         -           0.5525    317.50%\n'
b'      531        3059036      103038         8           2.3065           0.2625         -           0.2625         -\n'
b'      536        3088878      103520         8           2.3065           0.2625         -           0.4961    364.93%\n'
b'      541        3116466      105363         8           2.3065           0.2625         -           0.5858    293.76%\n'
b'      546        3146687      106872         8           2.3065           0.2625         -           0.5858    293.76%\n'
b'      551        3178631      107760         8           2.3065           0.2625         -           0.5878    292.38%\n'
b'      556        3211670      108159         8           2.3065           0.2625         -           0.5985    285.39%\n'
b'      561        3241042      108600         8           2.3065           0.2625         -           0.5574    313.80%\n'
b'      566        3269327      109588         8           2.3065           0.2625         -           0.5944    288.04%\n'
b'      571        3293870      111318         8           2.3065           0.2625         -           0.5950    287.64%\n'
b'      576        3318687      113317         8           2.3065           0.2625         -           0.6227    270.39%\n'
b'      582        3345652      114439         8           2.3065           0.2625         -           0.6385    261.25%\n'
b'      587        3372868      115360         8           2.3065           0.2625         -           0.6438    258.26%\n'
b'      592        3400291      115995         8           2.3065           0.2625         -           0.6575    250.83%\n'
b'      597        3429542      116689         8           2.3065           0.2625         -           0.6575    250.83%\n'
b'      602        3459456      117257         8           2.3065           0.2625         -           0.6584    250.33%\n'
b'      607        3489452      117166         8           2.3065           0.2625         -           0.6683    245.15%\n'
b'      612        3516483      117640         8           2.3065           0.2625         -           0.6783    240.05%\n'
b'      617        3544819      117387         8           2.3065           0.2625         -           0.7027    228.24%\n'
b'      622        3575441      116780         8           2.3065           0.2625         -           0.7071    226.19%\n'
b'      627        3604471      116490         8           2.3065           0.2625         -           0.7145    222.81%\n'
b'      632        3633973      116412         8           2.3065           0.2625         -           0.7293    216.26%\n'
b'      637        3664063      115930         8           2.3065           0.2625         -           0.7427    210.56%\n'
b'      642        3693761      115000         8           2.3065           0.2625         -           0.7478    208.45%\n'
b'      647        3726914      113337         8           2.3065           0.2625         -           0.2625         -\n'
b'      652        3750474      112880         8           2.3065           0.3237         -           0.3781         -\n'
b'      657        3773840      113040         8           2.3065           0.3237         -           0.3999    476.73%\n'
b'      662        3797612      113555         8           2.3065           0.3237         -           0.4039    471.09%\n'
b'      667        3819730      115249         8           2.3065           0.3237         -           0.4068    466.97%\n'
b'      672        3841349      116204         8           2.3065           0.3237         -           0.4214    447.40%\n'
b'      677        3864637      116897         8           2.3065           0.3237         -           0.4276    439.42%\n'
b'      683        3890095      117631         8           2.3065           0.3237         -           0.4458    417.39%\n'
b'      688        3915352      118280         8           2.3065           0.3237         -           0.4637    397.40%\n'
b'      693        3940078      118651         8           2.3065           0.3237         -           0.4770    383.56%\n'
b'      698        3965684      118759         8           2.3065           0.3237         -           0.4787    381.79%\n'
b'      703        3990263      118907         8           2.3065           0.3913    489.41%           0.4787    381.79%\n'
b'      708        4012111      120926         8           2.3065           0.3913    489.41%           0.4825    378.08%\n'
b'      713        4036868      122171         8           2.3065           0.3913    489.41%           0.4843    376.26%\n'
b'      718        4061659      123184         8           2.3065           0.3913    489.41%           0.5012    360.25%\n'
b'      723        4086596      124058         8           2.3065           0.3913    489.41%           0.5085    353.59%\n'
b'      728        4110966      124298         8           2.3065           0.3913    489.41%           0.5210    342.71%\n'
b'      733        4132864      125546         8           2.3065           0.3913    489.41%           0.5210    342.71%\n'
b'      738        4155787      126891         8           2.3065           0.3913    489.41%           0.5210    342.71%\n'
b'      743        4178642      127945         8           2.3065           0.3913    489.41%           0.5326    333.03%\n'
b'      748        4202071      129413         8           2.3065           0.3913    489.41%           0.5489    320.23%\n'
b'      753        4228111      130328         8           2.3065           0.3913    489.41%           0.5587    312.87%\n'
b'      758        4253845      131494         8           2.3065           0.3913    489.41%           0.5641    308.91%\n'
b'      763        4278081      132350         8           2.3065           0.3913    489.41%           0.5641    308.91%\n'
b'      768        4304288      132736         8           2.3065           0.3913    489.41%           0.5641    308.91%\n'
b'      774        4330968      133157         8           2.3065           0.3913    489.41%           0.5641    308.91%\n'
b'      779        4357377      133189         8           2.3065           0.3913    489.41%           0.3913    489.41%\n'
b'      784        4379768      133516         8           2.3065           0.3936    485.97%           0.5658    307.66%\n'
b'      789        4403282      134776         8           2.3065           0.3936    485.97%           0.5703    304.41%\n'
b'      794        4427932      135498         8           2.3065           0.3936    485.97%           0.5705    304.30%\n'
b'      799        4453633      136186         8           2.3065           0.3936    485.97%           0.3936    485.97%\n'
b'      804        4474093      138449         8           2.3065           0.3951    483.76%           0.5764    300.14%\n'
b'      809        4496448      140360         8           2.3065           0.3951    483.76%           0.5764    300.14%\n'
b'      814        4518152      141786         8           2.3065           0.3951    483.76%           0.5841    294.89%\n'
b'      819        4541926      142799         8           2.3065           0.3951    483.76%           0.5899    291.01%\n'
b'      824        4564134      143534         8           2.3065           0.3951    483.76%           0.5916    289.88%\n'
b'      829        4587016      144265         8           2.3065           0.3951    483.76%           0.5916    289.88%\n'
b'      834        4610420      144793         8           2.3065           0.3951    483.76%           0.5916    289.88%\n'
b'      839        4633686      144942         8           2.3065           0.3951    483.76%           0.6014    283.55%\n'
b'      844        4656712      145266         8           2.3065           0.3951    483.76%           0.6057    280.80%\n'
b'      850        4678887      145453         8           2.3065           0.3951    483.76%           0.6100    278.09%\n'
b'      855        4703668      145389         8           2.3065           0.4073    466.26%           0.4073    466.26%\n'
b'      860        4723271      146218         8           2.3065           0.4073    466.26%           0.6234    269.99%\n'
b'      865        4743386      147297         8           2.3065           0.4073    466.26%           0.6277    267.43%\n'
b'      870        4765087      148075         8           2.3065           0.4073    466.26%           0.6277    267.43%\n'
b'      875        4787663      148873         8           2.3065           0.4073    466.26%           0.6331    264.35%\n'
b'      880        4811471      149517         8           2.3065           0.4073    466.26%           0.6345    263.50%\n'
b'      885        4835366      149926         8           2.3065           0.4073    466.26%           0.6346    263.46%\n'
b'      890        4858117      150032         8           2.3065           0.4073    466.26%           0.6465    256.77%\n'
b'      895        4881895      150317         8           2.3065           0.4073    466.26%           0.6474    256.29%\n'
b'      900        4906203      150661         8           2.3065           0.4073    466.26%           0.6491    255.32%\n'
b'      905        4930814      150637         8           2.3065           0.4073    466.26%           0.6528    253.33%\n'
b'      910        4955075      150819         8           2.3065           0.4073    466.26%           0.6655    246.59%\n'
b'      915        4979756      150561         8           2.3065           0.4073    466.26%           0.6708    243.83%\n'
b'      920        5004320      149840         8           2.3065           0.4073    466.26%           0.6725    242.99%\n'
b'      925        5028275      149527         8           2.3065           0.4073    466.26%           0.6725    242.99%\n'
b'      930        5054683      148896         8           2.3065           0.4073    466.26%           0.6730    242.72%\n'
b'      935        5079483      148241         8           2.3065           0.4073    466.26%           0.6730    242.72%\n'
b'      941        5105655      147370         8           2.3065           0.4073    466.26%           0.6711    243.69%\n'
b'      946        5128489      147539         8           2.3065           0.4073    466.26%           0.6711    243.69%\n'
b'      951        5151292      147924         8           2.3065           0.4073    466.26%           0.6772    240.60%\n'
b'      956        5174363      148256         8           2.3065           0.4073    466.26%           0.6799    239.27%\n'
b'      961        5198692      148491         8           2.3065           0.4073    466.26%           0.6823    238.05%\n'
b'      966        5222847      148798         8           2.3065           0.4073    466.26%           0.6823    238.05%\n'
b'      971        5246507      148756         8           2.3065           0.4073    466.26%           0.6823    238.05%\n'
b'      976        5270787      149112         8           2.3065           0.4073    466.26%           0.6823    238.05%\n'
b'      981        5296228      149153         8           2.3065           0.4073    466.26%           0.6823    238.05%\n'
b'      986        5321278      149068         8           2.3065           0.4073    466.26%           0.6898    234.37%\n'
b'      991        5346544      148840         8           2.3065           0.4073    466.26%           0.6950    231.89%\n'
b'      996        5372087      148193         8           2.3065           0.4073    466.26%           0.6966    231.11%\n'
b'     1001        5396890      147593         8           2.3065           0.4073    466.26%           0.6998    229.60%\n'
b'     1006        5422410      146882         8           2.3065           0.4073    466.26%           0.7023    228.41%\n'
b'     1011        5447809      146059         8           2.3065           0.4073    466.26%           0.7023    228.41%\n'
b'     1016        5470150      146414         8           2.3065           0.4073    466.26%           0.6457    257.21%\n'
b'     1021        5492356      146733         8           2.3065           0.4073    466.26%           0.6668    245.91%\n'
b'     1026        5515910      147038         8           2.3065           0.4073    466.26%           0.6774    240.48%\n'
b'     1031        5539793      147387         8           2.3065           0.4073    466.26%           0.6852    236.64%\n'
b'     1036        5565529      147427         8           2.3065           0.4073    466.26%           0.7023    228.41%\n'
b'     1042        5591307      147421         8           2.3065           0.4073    466.26%           0.7023    228.41%\n'
b'     1047        5616928      146751         8           2.3065           0.4073    466.26%           0.7023    228.41%\n'
b'     1052        5642626      145623         8           2.3065           0.4073    466.26%           0.7023    228.41%\n'
b'     1057        5668450      144878         8           2.3065           0.4073    466.26%           0.7023    228.41%\n'
b'     1062        5694278      144095         8           2.3065           0.4073    466.26%           0.7023    228.41%\n'
b'     1067        5719987      142715         8           2.3065           0.4073    466.26%           0.7023    228.41%\n'
b'     1072        5744000      143399         8           2.3065           0.4073    466.26%           0.7029    228.16%\n'
b'     1077        5770077      142998         8           2.3065           0.4073    466.26%           0.7029    228.16%\n'
b'     1082        5797753      142207         8           2.3065           0.4073    466.26%           0.7029    228.16%\n'
b'     1087        5823105      141420         8           2.3065           0.4073    466.26%           0.7073    226.12%\n'
b'     1092        5847778      140949         8           2.3065           0.4073    466.26%           0.5813    296.76%\n'
b'     1097        5872294      140677         8           2.3065           0.4073    466.26%           0.5813    296.76%\n'
b'     1102        5897966      140331         8           2.3065           0.4073    466.26%           0.6465    256.77%\n'
b'     1107        5923889      139746         8           2.3065           0.4073    466.26%           0.7129    223.56%\n'
b'     1112        5949450      139611         8           2.3065           0.4073    466.26%           0.4073    466.26%\n'
b'     1117        5972638      139920         8           2.3065           0.4073    466.26%           0.6027    282.71%\n'
b'     1122        5998457      140496         8           2.3065           0.4073    466.26%           0.7129    223.56%\n'
b'     1127        6022203      140393         8           2.3065           0.4073    466.26%           0.4073    466.26%\n'
b'     1132        6043474      140366         8           2.3065           0.4073    466.26%           0.4073    466.26%\n'
b'     1137        6068448      140492         8           2.3065           0.4549    407.08%           0.7129    223.56%\n'
b'     1143        6095623      140704         8           2.3065           0.4549    407.08%           0.7129    223.56%\n'
b'     1148        6124240      139581         8           2.3065           0.4549    407.08%           0.4549    407.08%\n'
b'     1153        6147371      138616         8           2.3065           0.4549    407.08%           0.4549    407.08%\n'
b'     1158        6170945      138449         8           2.3065           0.5168    346.33%           0.5168    346.33%\n'
b'     1163        6192190      139425         8           2.3065           0.5168    346.33%           0.7258    217.78%\n'
b'     1168        6214776      140314         8           2.3065           0.5168    346.33%           0.7360    213.40%\n'
b'     1173        6238146      141187         8           2.3065           0.5168    346.33%           0.7394    211.95%\n'
b'     1178        6262241      141809         8           2.3065           0.5168    346.33%           0.7394    211.95%\n'
b'     1183        6285782      142163         8           2.3065           0.5168    346.33%           0.7441    209.97%\n'
b'     1188        6311777      142063         8           2.3065           0.5168    346.33%           0.7510    207.14%\n'
b'     1193        6337715      141926         8           2.3065           0.5168    346.33%           0.7510    207.14%\n'
b'     1198        6362559      141844         8           2.3065           0.5168    346.33%           0.7109    224.47%\n'
b'     1203        6383548      142778         8           2.3065           0.5168    346.33%           0.7109    224.47%\n'
b'     1208        6405292      143451         8           2.3065           0.5168    346.33%           0.7109    224.47%\n'
b'     1213        6427345      143766         8           2.3065           0.5168    346.33%           0.7129    223.53%\n'
b'     1218        6450390      144383         8           2.3065           0.5168    346.33%           0.7202    220.25%\n'
b'     1223        6473231      145206         8           2.3065           0.5168    346.33%           0.7460    209.17%\n'
b'     1229        6494809      146339         8           2.3065           0.5168    346.33%           0.7538    206.00%\n'
b'     1234        6517220      147053         8           2.3065           0.5168    346.33%           0.7538    206.00%\n'
b'     1239        6539870      147571         8           2.3065           0.5168    346.33%           0.7538    206.00%\n'
b'     1244        6563248      148168         8           2.3065           0.5168    346.33%           0.7639    201.95%\n'
b'     1249        6587510      148594         8           2.3065           0.5168    346.33%           0.7641    201.85%\n'
b'     1254        6611311      148898         8           2.3065           0.5168    346.33%           0.7661    201.07%\n'
b'     1259        6635235      148996         8           2.3065           0.5168    346.33%           0.7680    200.35%\n'
b'     1264        6660714      148941         8           2.3065           0.5168    346.33%           0.7680    200.35%\n'
b'     1269        6684571      149043         8           2.3065           0.5168    346.33%           0.7680    200.35%\n'
b'     1274        6708859      148701         8           2.3065           0.5168    346.33%           0.7680    200.35%\n'
b'     1279        6732878      148365         8           2.3065           0.5168    346.33%           0.7680    200.35%\n'
b'     1284        6756262      148093         8           2.3065           0.5168    346.33%           0.7724    198.61%\n'
b'     1289        6777411      148300         8           2.3065           0.5168    346.33%           0.7738    198.08%\n'
b'     1294        6799809      149132         8           2.3065           0.5168    346.33%           0.7762    197.15%\n'
b'     1299        6824020      150042         8           2.3065           0.5168    346.33%           0.7828    194.64%\n'
b'     1304        6849813      150639         8           2.3065           0.5168    346.33%           0.7847    193.94%\n'
b'     1310        6874845      150983         8           2.3065           0.5168    346.33%           0.7853    193.70%\n'
b'     1315        6900677      150843         8           2.3065           0.5168    346.33%           0.7966    189.55%\n'
b'     1320        6927853      150264         8           2.3065           0.5168    346.33%           0.8035    187.07%\n'
b'     1325        6955203      149698         8           2.3065           0.5168    346.33%           0.8090    185.10%\n'
b'     1330        6981828      148826         8           2.3065           0.5168    346.33%           0.8108    184.48%\n'
b'     1335        7010341      147906         8           2.3065           0.5168    346.33%           0.8180    181.97%\n'
b'     1340        7034810      147524         8           2.3065           0.5200    343.61%           0.6465    256.80%\n'
b'     1345        7058689      148801         8           2.3065           0.5200    343.61%           0.6465    256.80%\n'
b'     1350        7082214      150653         8           2.3065           0.5200    343.61%           0.6761    241.15%\n'
b'     1355        7107022      152155         8           2.3065           0.5200    343.61%           0.7046    227.35%\n'
b'     1360        7132879      153239         8           2.3065           0.5200    343.61%           0.7423    210.73%\n'
b'     1365        7160187      153709         8           2.3065           0.5200    343.61%           0.7679    200.37%\n'
b'     1370        7188414      153755         8           2.3065           0.5200    343.61%           0.8071    185.79%\n'
b'     1375        7216173      153319         8           2.3065           0.5200    343.61%           0.8198    181.36%\n'
b'     1380        7244939      152329         8           2.3065           0.5200    343.61%           0.8198    181.36%\n'
b'     1386        7273612      151175         8           2.3065           0.5200    343.61%           0.8198    181.36%\n'
b'     1391        7303005      149820         8           2.3065           0.5200    343.61%           0.8198    181.36%\n'
b'     1396        7333591      148534         8           2.3065           0.5200    343.61%           0.8198    181.36%\n'
b'     1401        7361250      148131         8           2.3065           0.5200    343.61%           0.8109    184.43%\n'
b'     1406        7386409      149061         8           2.3065           0.5200    343.61%           0.8150    183.01%\n'
b'     1411        7411715      149073         8           2.3065           0.5200    343.61%           0.7065    226.48%\n'
b'     1416        7436544      149843         8           2.3065           0.5200    343.61%           0.8201    181.26%\n'
b'     1421        7462400      149519         8           2.3065           0.5497    319.59%           0.8201    181.26%\n'
b'     1426        7486473      149513         8           2.3065           0.5497    319.59%           0.8242    179.87%\n'
b'     1431        7510627      149882         8           2.3065           0.5497    319.59%           0.8266    179.06%\n'
b'     1436        7535162      149937         8           2.3065           0.5497    319.59%           0.8279    178.59%\n'
b'     1441        7561461      150259         8           2.3065           0.5497    319.59%           0.8306    177.69%\n'
b'     1446        7585994      150932         8           2.3065           0.5497    319.59%           0.8322    177.18%\n'
b'     1451        7611944      150618         8           2.3065           0.5497    319.59%           0.8353    176.15%\n'
b'     1456        7638080      150196         8           2.3065           0.5497    319.59%           0.8369    175.62%\n'
b'     1461        7664474      149576         8           2.3065           0.5497    319.59%           0.8394    174.80%\n'
b'     1466        7691137      148654         8           2.3065           0.5497    319.59%           0.7996    188.46%\n'
b'     1471        7713815      149059         8           2.3065           0.5497    319.59%           0.8012    187.88%\n'
b'     1476        7737689      149701         8           2.3065           0.5497    319.59%           0.8037    186.99%\n'
b'     1482        7761495      149823         8           2.3065           0.5497    319.59%           0.8037    186.99%\n'
b'     1487        7786700      149430         8           2.3065           0.5497    319.59%           0.8072    185.76%\n'
b'     1492        7812240      148847         8           2.3065           0.5497    319.59%           0.8111    184.36%\n'
b'     1497        7833287      149192         8           2.3065           0.5497    319.59%           0.8176    182.11%\n'
b'     1502        7855390      149118         8           2.3065           0.5497    319.59%           0.8328    176.97%\n'
b'     1507        7877295      149729         8           2.3065           0.5497    319.59%           0.8359    175.94%\n'
b'     1512        7899825      150089         8           2.3065           0.5497    319.59%           0.8417    174.03%\n'
b'     1517        7922730      150072         8           2.3065           0.5497    319.59%           0.8417    174.03%\n'
b'     1522        7946777      149894         8           2.3065           0.5497    319.59%           0.8417    174.03%\n'
b'     1527        7970432      149616         8           2.3065           0.5497    319.59%           0.8427    173.72%\n'
b'     1532        7994736      149327         8           2.3065           0.5497    319.59%           0.8427    173.72%\n'
b'     1537        8017637      148357         8           2.3065           0.5497    319.59%           0.8427    173.72%\n'
b'     1542        8041282      148107         8           2.3065           0.5497    319.59%           0.8427    173.72%\n'
b'     1547        8065000      147924         8           2.3065           0.5497    319.59%           0.8427    173.72%\n'
b'     1552        8089277      147303         8           2.3065           0.5497    319.59%           0.8427    173.72%\n'
b'     1557        8114230      146621         8           2.3065           0.5497    319.59%           0.8429    173.66%\n'
b'     1562        8139928      145992         8           2.3065           0.5497    319.59%           0.8436    173.40%\n'
b'     1567        8165229      145361         8           2.3065           0.5497    319.59%           0.8436    173.40%\n'
b'     1572        8190277      144250         8           2.3065           0.5497    319.59%           0.8436    173.40%\n'
b'     1578        8216613      142722         8           2.3065           0.5497    319.59%           0.8466    172.44%\n'
b'     1583        8240093      141747         8           2.3065           0.5497    319.59%           0.7595    203.69%\n'
b'     1588        8262169      141960         8           2.3065           0.5497    319.59%           0.8505    171.21%\n'
b'     1593        8288600      141268         8           2.3065           0.5497    319.59%           0.8508    171.10%\n'
b'     1598        8313843      140573         8           2.3065           0.5497    319.59%           0.8539    170.13%\n'
b'     1603        8341419      139717         8           2.3065           0.5497    319.59%           0.8560    169.44%\n'
b'     1608        8366082      139294         8           2.3065           0.5497    319.59%           0.7739    198.04%\n'
b'     1613        8392464      138792         8           2.3065           0.5497    319.59%           0.8372    175.51%\n'
b'     1618        8420401      137619         8           2.3065           0.5497    319.59%           0.8612    167.82%\n'
b'     1623        8446432      136912         8           2.3065           0.5497    319.59%           0.8658    166.40%\n'
b'     1628        8474201      136067         8           2.3065           0.5497    319.59%           0.8702    165.06%\n'
b'     1633        8500956      134698         8           2.3065           0.5497    319.59%           0.7127    223.64%\n'
b'     1638        8528032      134743         8           2.3065           0.5497    319.59%           0.5497    319.59%\n'
b'     1643        8552249      134870         8           2.3065           0.5497    319.59%           0.8713    164.74%\n'
b'     1648        8575621      134498         8           2.3065           0.5497    319.59%           0.8728    164.28%\n'
b'     1653        8601120      133635         8           2.3065           0.5497    319.59%           0.8728    164.28%\n'
b'     1659        8627254      132830         8           2.3065           0.5497    319.59%           0.8451    172.94%\n'
b'     1664        8655823      132159         8           2.3065           0.5497    319.59%           0.8497    171.45%\n'
b'     1669        8683820      132197         8           2.3065           0.5497    319.59%           0.7940    190.49%\n'
b'     1674        8714162      131263         8           2.3065           0.5497    319.59%           0.8668    166.09%\n'
b'     1679        8740839      130643         8           2.3065           0.5497    319.59%           0.8728    164.28%\n'
b'     1684        8765703      129557         8           2.3065           0.5497    319.59%           0.5497    319.59%\n'
b'     1689        8783835      130837         8           2.3065           0.5567    314.31%           0.5567    314.31%\n'
b'     1694        8804911      133165         8           2.3065           0.5583    313.14%           0.5583    313.14%\n'
b'     1699        8824285      135601         8           2.3065           0.5675    306.46%           0.5675    306.46%\n'
b'     1704        8845649      137589         8           2.3065           0.5904    290.67%           0.5904    290.67%\n'
b'     1709        8867810      139669         8           2.3065           0.5904    290.67%           0.5904    290.67%\n'
b'     1714        8892052      141841         8           2.3065           0.5939    288.37%           0.5952    287.54%\n'
b'     1719        8916935      143850         8           2.3065           0.5939    288.37%           0.6218    270.97%\n'
b'     1724        8942660      145222         8           2.3065           0.5939    288.37%           0.6761    241.16%\n'
b'     1729        8969553      146249         8           2.3065           0.5939    288.37%           0.6942    232.24%\n'
b'     1734        8996093      146798         8           2.3065           0.5939    288.37%           0.7524    206.57%\n'
b'     1739        9022440      147286         8           2.3065           0.5939    288.37%           0.7550    205.50%\n'
b'     1744        9048683      147427         8           2.3065           0.5939    288.37%           0.7550    205.50%\n'
b'     1749        9074403      147408         8           2.3065           0.5939    288.37%           0.7852    193.77%\n'
b'     1755        9102703      147105         8           2.3065           0.5939    288.37%           0.8104    184.62%\n'
b'     1760        9130078      147065         8           2.3065           0.5939    288.37%           0.8315    177.38%\n'
b'     1765        9158019      146985         8           2.3065           0.5939    288.37%           0.8363    175.81%\n'
b'     1770        9186082      146491         8           2.3065           0.5939    288.37%           0.8486    171.80%\n'
b'     1775        9213656      145842         8           2.3065           0.5939    288.37%           0.8661    166.30%\n'
b'     1780        9241635      144853         8           2.3065           0.5939    288.37%           0.8897    159.26%\n'
b'     1785        9271083      143717         8           2.3065           0.5939    288.37%           0.9054    154.75%\n'
b'     1790        9301499      141944         8           2.3065           0.5939    288.37%           0.9054    154.75%\n'
b'     1795        9331426      140185         8           2.3065           0.5939    288.37%           0.9054    154.75%\n'
b'     1800        9362714      138525         8           2.3065           0.5939    288.37%           0.9106    153.31%\n'
b'     1805        9388655      137696         8           2.3065           0.6048    281.35%           0.6048    281.35%\n'
b'     1810        9409740      137784         8           2.3065           0.6162    274.31%           0.6162    274.31%\n'
b'     1815        9432896      138634         8           2.3065           0.6169    273.91%           0.6169    273.91%\n'
b'     1820        9457989      139273         8           2.3065           0.6187    272.82%           0.6386    261.21%\n'
b'     1825        9483736      138886         8           2.3065           0.6187    272.82%           0.6808    238.78%\n'
b'     1830        9509939      138345         8           2.3065           0.6187    272.82%           0.7586    204.05%\n'
b'     1835        9535742      137928         8           2.3065           0.6187    272.82%           0.7647    201.62%\n'
b'     1840        9563006      136716         8           2.3065           0.6187    272.82%           0.7647    201.62%\n'
b'     1845        9591220      135535         8           2.3065           0.6187    272.82%           0.7967    189.52%\n'
b'     1851        9617779      134156         8           2.3065           0.6187    272.82%           0.6187    272.82%\n'
b'     1856        9642611      133938         8           2.3065           0.6269    267.91%           0.6627    248.06%\n'
b'     1861        9668380      134249         8           2.3065           0.6269    267.91%           0.6908    233.88%\n'
b'     1866        9695079      134058         8           2.3065           0.6269    267.91%           0.6951    231.84%\n'
b'     1871        9721533      133913         8           2.3065           0.6269    267.91%           0.7166    221.89%\n'
b'     1876        9746425      133643         8           2.3065           0.6269    267.91%           0.7219    219.52%\n'
b'     1881        9773326      132546         8           2.3065           0.6269    267.91%           0.7472    208.68%\n'
b'     1886        9798786      132224         8           2.3065           0.6385    261.25%           0.6434    258.49%\n'
b'     1891        9822465      132783         8           2.3065           0.6385    261.25%           0.7660    201.14%\n'
b'     1896        9847204      132892         8           2.3065           0.6385    261.25%           0.7773    196.76%\n'
b'     1901        9872282      132852         8           2.3065           0.6385    261.25%           0.7850    193.83%\n'
b'     1906        9899060      132567         8           2.3065           0.6385    261.25%           0.8104    184.62%\n'
b'     1911        9927521      131687         8           2.3065           0.6385    261.25%           0.8302    177.84%\n'
b'     1916        9953557      131231         8           2.3065           0.6385    261.25%           0.8538    170.16%\n'
b'     1921        9978249      131122         8           2.3065           0.6385    261.25%           0.8618    167.64%\n'
b'     1926       10002220      130594         8           2.3065           0.6385    261.25%           0.8935    158.14%\n'
b'     1931       10028221      129363         8           2.3065           0.6385    261.25%           0.6385    261.25%\n'
b'     1936       10051046      128206         8           2.3065           0.6434    258.49%           0.6434    258.49%\n'
b'     1941       10076841      127319         8           2.3065           0.6857    236.37%           0.6895    234.53%\n'
b'     1947       10099032      126939         8           2.3065           0.6857    236.37%           0.6857    236.37%\n'
b'     1952       10121017      127379         8           2.3065           0.6894    234.56%           0.6894    234.56%\n'
b'     1957       10143785      127581         8           2.3065           0.6942    232.24%           0.6942    232.24%\n'
b'     1962       10164515      128844         8           2.3065           0.7053    227.01%           0.7053    227.01%\n'
b'     1967       10188821      130879         8           2.3065           0.7053    227.01%           0.7053    227.01%\n'
b'     1972       10213273      132461         8           2.3065           0.7097    225.01%           0.7197    220.50%\n'
b'     1977       10239759      133478         8           2.3065           0.7097    225.01%           0.7588    203.98%\n'
b'     1982       10267000      134491         8           2.3065           0.7097    225.01%           0.7732    198.30%\n'
b'     1987       10293978      134742         8           2.3065           0.7097    225.01%           0.7759    197.26%\n'
b'     1992       10321580      134617         8           2.3065           0.7097    225.01%           0.7967    189.52%\n'
b'     1997       10348588      134409         8           2.3065           0.7097    225.01%           0.8201    181.26%\n'
b'     2002       10376049      134036         8           2.3065           0.7097    225.01%           0.8246    179.72%\n'
b'     2007       10404519      133529         8           2.3065           0.7097    225.01%           0.8254    179.46%\n'
b'     2012       10433089      132672         8           2.3065           0.7097    225.01%           0.8257    179.36%\n'
b'     2017       10462081      131433         8           2.3065           0.7097    225.01%           0.8279    178.59%\n'
b'     2022       10491469      130517         8           2.3065           0.7097    225.01%           0.8420    173.92%\n'
b'     2028       10519926      129464         8           2.3065           0.7119    223.98%           0.7131    223.46%\n'
b'     2033       10546929      129246         8           2.3065           0.7119    223.98%           0.8071    185.78%\n'
b'     2038       10575053      128081         8           2.3065           0.7150    222.59%           0.7355    213.62%\n'
b'     2043       10598240      127738         8           2.3065           0.7150    222.59%           0.7548    205.57%\n'
b'     2048       10622403      128142         8           2.3065           0.7239    218.61%           0.7369    213.02%\n'
b'     2053       10648753      128115         8           2.3065           0.7239    218.61%           0.7471    208.75%\n'
b'     2058       10676360      128010         8           2.3065           0.7239    218.61%           0.7631    202.25%\n'
b'     2063       10703556      127187         8           2.3065           0.7239    218.61%           0.7790    196.09%\n'
b'     2068       10732603      126357         8           2.3065           0.7239    218.61%           0.7885    192.53%\n'
b'     2073       10761910      124986         8           2.3065           0.7239    218.61%           0.8080    185.45%\n'
b'     2078       10789398      123193         8           2.3065           0.7239    218.61%           0.8212    180.89%\n'
b'     2083       10811980      122329         8           2.3065           0.7410    211.26%           0.7410    211.26%\n'
b'     2088       10833938      122404         8           2.3065           0.7415    211.05%           0.7415    211.05%\n'
b'     2093       10858898      124607         8           2.3065           0.7429    210.46%           0.7429    210.46%\n'
b'     2098       10886189      124303         8           2.3065           0.7500    207.55%           0.7500    207.55%\n'
b'     2103       10913985      123175         8           2.3065           0.7631    202.26%           0.7631    202.26%\n'
b'     2108       10942836      123074         8           2.3065           0.7665    200.92%           0.7665    200.92%\n'
b'     2113       10967404      123023         8           2.3065           0.7692    199.87%           0.7846    193.97%\n'
b'     2118       10992797      123558         8           2.3065           0.7696    199.72%           0.7868    193.17%\n'
b'     2123       11019672      124470         8           2.3065           0.7696    199.72%           0.7868    193.17%\n'
b'     2129       11047716      124704         8           2.3065           0.7696    199.72%           0.7868    193.17%\n'
b'     2134       11077018      124104         8           2.3065           0.7696    199.72%           0.7869    193.13%\n'
b'     2139       11107534      122799         8           2.3065           0.7696    199.72%           0.7696    199.72%\n'
b'     2144       11133269      123775         8           2.3065           0.7949    190.19%           0.7949    190.19%\n'
b'     2149       11163194      123726         8           2.3065           0.7949    190.19%           0.7949    190.19%\n'
b'     2154       11191690      123612         8           2.3065           0.8015    187.78%           0.8015    187.78%\n'
b'     2159       11219681      124592         8           2.3065           0.8015    187.78%           0.8015    187.78%\n'
b'     2164       11249946      125024         8           2.3065           0.8032    187.18%           0.8212    180.87%\n'
b'     2169       11281208      124960         8           2.3065           0.8032    187.18%           0.8345    176.39%\n'
b'     2174       11311780      124415         8           2.3065           0.8032    187.18%           0.8418    174.00%\n'
b'     2179       11344406      123585         8           2.3065           0.8032    187.18%           0.8729    164.24%\n'
b'     2184       11377339      122113         8           2.3065           0.8032    187.18%           0.8895    159.32%\n'
b'     2189       11410997      121003         8           2.3065           0.8032    187.18%           0.9232    149.85%\n'
b'     2194       11442047      118418         8           2.3065           0.8032    187.18%           0.9426    144.70%\n'
b'     2199       11469644      116127         8           2.3065           0.8113    184.30%           0.8113    184.30%\n'
b'     2204       11493991      115455         8           2.3065           0.8131    183.66%           0.8131    183.66%\n'
b'     2209       11518148      115910         8           2.3065           0.8160    182.67%           0.8160    182.67%\n'
b'     2214       11541920      115966         8           2.3065           0.8169    182.36%           0.8317    177.34%\n'
b'     2220       11566486      115460         8           2.3065           0.8169    182.36%           0.8169    182.36%\n'
b'     2225       11594509      115193         8           2.3065           0.8201    181.26%           0.9982    131.07%\n'
b'     2230       11624992      113005         8           2.3065           0.8355    176.06%           0.8815    161.66%\n'
b'     2235       11651591      112147         8           2.3065           0.8355    176.06%           0.8355    176.06%\n'
b'     2240       11679630      111635         8           2.3065           0.8572    169.08%           0.8572    169.08%\n'
b'     2245       11706076      110553         8           2.3065           0.8598    168.27%           0.8598    168.27%\n'
b'     2250       11725584      111445         8           2.3065           0.8642    166.91%           0.8670    166.02%\n'
b'     2255       11748823      112228         8           2.3065           0.8642    166.91%           0.8809    161.83%\n'
b'     2260       11773993      111814         8           2.3065           0.8716    164.64%           0.8716    164.64%\n'
b'     2265       11795589      113164         8           2.3065           0.8742    163.84%           0.8742    163.84%\n'
b'     2270       11819719      113426         8           2.3065           0.8752    163.56%           0.8827    161.32%\n'
b'     2275       11845834      113118         8           2.3065           0.8765    163.17%           0.8801    162.08%\n'
b'     2280       11870748      112789         8           2.3065           0.8765    163.17%           0.8861    160.31%\n'
b'     2285       11896938      113007         8           2.3065           0.8799    162.13%           0.8930    158.28%\n'
b'     2290       11925860      112560         8           2.3065           0.8799    162.13%           0.8799    162.13%\n'
b'     2295       11952701      111718         8           2.3065           0.8803    162.03%           0.9153    152.00%\n'
b'     2300       11978715      111789         8           2.3065           0.8820    161.52%           0.8998    156.34%\n'
b'     2305       12009943      110789         8           2.3065           0.8820    161.52%           0.8820    161.52%\n'
b'     2310       12034108      110456         8           2.3065           0.8833    161.14%           0.9635    139.38%\n'
b'     2315       12060550      110321         8           2.3065           0.8842    160.86%           0.8842    160.86%\n'
b'     2321       12084876      110599         8           2.3065           0.8903    159.07%           0.8903    159.07%\n'
b'     2326       12111834      110228         8           2.3065           0.8924    158.47%           0.9054    154.76%\n'
b'     2331       12138000      109928         8           2.3065           0.8974    157.03%           0.8974    157.03%\n'
b'     2336       12164401      109234         8           2.3065           0.8985    156.70%           0.8985    156.70%\n'
b'     2341       12193481      108165         8           2.3065           0.8988    156.61%           0.9207    150.52%\n'
b'     2346       12223097      107301         8           2.3065           0.9005    156.13%           0.9005    156.13%\n'
b'     2351       12245798      109368         8           2.3065           0.9089    153.76%           0.9688    138.07%\n'
b'     2356       12272902      109629         8           2.3065           0.9090    153.76%           0.9419    144.89%\n'
b'     2361       12298666      109197         8           2.3065           0.9100    153.47%           0.9100    153.47%\n'
b'     2366       12323186      109550         8           2.3065           0.9121    152.89%           0.9430    144.59%\n'
b'     2371       12352944      107781         8           2.3065           0.9121    152.89%           0.9121    152.89%\n'
b'     2376       12381918      106486         8           2.3065           0.9212    150.40%           0.9212    150.40%\n'
b'     2381       12407270      105447         8           2.3065           0.9212    150.40%           0.9212    150.40%\n'
b'     2386       12430249      106512         8           2.3065           0.9218    150.23%           0.9218    150.23%\n'
b'     2391       12453447      107161         8           2.3065           0.9218    150.23%           0.9218    150.23%\n'
b'     2396       12478238      106946         8           2.3065           0.9218    150.23%           0.9218    150.23%\n'
b'     2401       12503818      107039         8           2.3065           0.9218    150.23%           0.9218    150.23%\n'
b'     2406       12530233      106982         8           2.3065           0.9231    149.88%           0.9310    147.74%\n'
b'     2411       12557191      106717         8           2.3065           0.9231    149.88%           0.9310    147.74%\n'
b'     2417       12583709      105304         8           2.3065           0.9297    148.09%           0.9310    147.74%\n'
b'     2422       12608881      105058         8           2.3065           0.9297    148.09%           0.9438    144.39%\n'
b'     2427       12637500      103674         8           2.3065           0.9297    148.09%           0.9789    135.63%\n'
b'     2432       12663196      102799         8           2.3065           0.9297    148.09%           0.9297    148.09%\n'
b'     2437       12687849      103776         8           2.3065           0.9297    148.09%           0.9297    148.09%\n'
b'     2442       12710977      104562         8           2.3065           0.9297    148.09%           0.9297    148.09%\n'
b'     2447       12737150      104206         8           2.3065           0.9297    148.09%           0.9297    148.09%\n'
b'     2452       12764512      103394         8           2.3065           0.9297    148.09%           0.9297    148.09%\n'
b'     2457       12792900      102321         8           2.3065           0.9297    148.09%           0.9297    148.09%\n'
b'     2462       12814501      102592         8           2.3065           0.9297    148.09%           0.9297    148.09%\n'
b'     2467       12840527      102263         8           2.3065           0.9297    148.09%           0.9297    148.09%\n'
b'     2472       12869616      101307         8           2.3065           0.9297    148.09%           0.9297    148.09%\n'
b'     2477       12898165      100080         8           2.3065           0.9308    147.79%           0.9308    147.79%\n'
b'     2482       12928482       98987         8           2.3065           0.9554    141.42%           0.9671    138.50%\n'
b'     2487       12958611       97704         8           2.3065           0.9554    141.42%           1.0207    125.97%\n'
b'     2492       12987016       96453         8           2.3065           0.9593    140.43%           0.9593    140.43%\n'
b'     2497       13016798       95400         8           2.3065           0.9611    139.98%           1.0520    119.25%\n'
b'     2502       13043732       94077         8           2.3065           0.9613    139.94%           1.0347    122.91%\n'
b'     2508       13071225       92509         8           2.3065           0.9688    138.07%           1.0043    129.67%\n'
b'     2513       13097883       90795         8           2.3065           0.9715    137.42%           0.9715    137.42%\n'
b'     2518       13122832       90001         8           2.3065           0.9829    134.68%           1.0530    119.04%\n'
b'     2523       13151171       88825         8           2.3065           0.9876    133.55%           1.0550    118.62%\n'
b'     2528       13174746       88961         8           2.3065           1.0182    126.53%           1.0182    126.53%\n'
b'     2533       13199396       89067         8           2.3065           1.0230    125.47%           1.0230    125.47%\n'
b'     2538       13222623       88919         8           2.3065           1.0278    124.42%           1.0278    124.42%\n'
b'     2543       13244156       89669         8           2.3065           1.0411    121.54%           1.0422    121.32%\n'
b'     2548       13266925       91544         8           2.3065           1.0422    121.32%           1.0422    121.32%\n'
b'     2553       13289499       91736         8           2.3065           1.0422    121.32%           1.0422    121.32%\n'
b'     2558       13311244       92211         8           2.3065           1.0422    121.32%           1.0422    121.32%\n'
b'     2563       13335346       92666         8           2.3065           1.0422    121.32%           1.0422    121.32%\n'
b'     2568       13359913       92513         8           2.3065           1.0422    121.32%           1.0422    121.32%\n'
b'     2573       13385040       91686         8           2.3065           1.0422    121.32%           1.0422    121.32%\n'
b'     2578       13411217       90877         8           2.3065           1.0422    121.32%           1.0422    121.32%\n'
b'     2583       13437417       90106         8           2.3065           1.0445    120.83%           1.0445    120.83%\n'
b'     2588       13461349       89319         8           2.3065           1.0445    120.83%           1.0445    120.83%\n'
b'     2593       13488334       89192         8           2.3065           1.0487    119.94%           1.0487    119.94%\n'
b'     2599       13515345       88543         8           2.3065           1.0507    119.53%           1.0507    119.53%\n'
b'     2604       13543240       87502         8           2.3065           1.0534    118.96%           1.0534    118.96%\n'
b'     2609       13572556       85712         8           2.3065           1.0686    115.84%           1.0686    115.84%\n'
b'     2614       13599627       84442         8           2.3065           1.0710    115.36%           1.0710    115.36%\n'
b'     2619       13624903       83825         8           2.3065           1.0768    114.21%           1.0768    114.21%\n'
b'     2624       13654061       82126         8           2.3065           1.0793    113.70%           1.0793    113.70%\n'
b'     2629       13677521       81424         8           2.3065           1.0816    113.26%           1.0816    113.26%\n'
b'     2634       13702856       81017         8           2.3065           1.0836    112.86%           1.0836    112.86%\n'
b'     2639       13732953       80496         8           2.3065           1.0852    112.56%           1.0852    112.56%\n'
b'     2644       13762854       79827         8           2.3065           1.0852    112.56%           1.0852    112.56%\n'
b'     2649       13789228       79784         8           2.3065           1.0852    112.56%           1.0852    112.56%\n'
b'     2654       13820887       78189         8           2.3065           1.0855    112.49%           1.0855    112.49%\n'
b'     2659       13847698       77826         8           2.3065           1.0865    112.30%           1.0865    112.30%\n'
b'     2664       13876477       77251         8           2.3065           1.0877    112.06%           1.0877    112.06%\n'
b'     2669       13902475       76921         8           2.3065           1.0908    111.45%           1.0908    111.45%\n'
b'     2674       13928898       75710         8           2.3065           1.0943    110.78%           1.0943    110.78%\n'
b'     2679       13956607       74417         8           2.3065           1.0977    110.13%           1.0977    110.13%\n'
b'     2684       13983731       73659         8           2.3065           1.1010    109.50%           1.1010    109.50%\n'
b'     2689       14012625       73035         8           2.3065           1.1027    109.18%           1.1027    109.18%\n'
b'     2694       14035841       72665         8           2.3065           1.1027    109.18%           1.1027    109.18%\n'
b'     2700       14057771       72858         8           2.3065           1.1047    108.79%           1.1047    108.79%\n'
b'     2705       14084603       73512         8           2.3065           1.1069    108.39%           1.1069    108.39%\n'
b'     2710       14118495       74388         8           2.3065           1.1095    107.89%           1.1095    107.89%\n'
b'     2715       14151157       73009         8           2.3065           1.1096    107.87%           1.1096    107.87%\n'
b'     2720       14181155       72148         8           2.3065           1.1114    107.54%           1.1114    107.54%\n'
b'     2725       14211423       71863         8           2.3065           1.1118    107.47%           1.1118    107.47%\n'
b'     2730       14243136       70864         8           2.3065           1.1118    107.47%           1.1118    107.47%\n'
b'     2735       14272785       69969         8           2.3065           1.1137    107.11%           1.1137    107.11%\n'
b'     2740       14301533       69082         8           2.3065           1.1159    106.69%           1.1159    106.69%\n'
b'     2745       14336592       66410         8           2.3065           1.1178    106.35%           1.1178    106.35%\n'
b'     2750       14362735       64955         8           2.3065           1.1198    105.97%           1.1198    105.97%\n'
b'     2755       14383795       65421         8           2.3065           1.1203    105.89%           1.1203    105.89%\n'
b'     2760       14410384       65073         8           2.3065           1.1227    105.45%           1.1227    105.45%\n'
b'     2765       14438800       65453         8           2.3065           1.1253    104.97%           1.1253    104.97%\n'
b'     2770       14461710       65150         8           2.3065           1.1263    104.80%           1.1263    104.80%\n'
b'     2775       14487557       66947         8           2.3065           1.1273    104.61%           1.1273    104.61%\n'
b'     2780       14519813       67577         8           2.3065           1.1293    104.25%           1.1293    104.25%\n'
b'     2785       14552731       66728         8           2.3065           1.1319    103.78%           1.1319    103.78%\n'
b'     2791       14586789       66247         8           2.3065           1.1329    103.59%           1.1329    103.59%\n'
b'     2796       14622364       65259         8           2.3065           1.1340    103.40%           1.1340    103.40%\n'
b'     2801       14654435       64382         8           2.3065           1.1360    103.04%           1.1360    103.04%\n'
b'     2806       14674836       63572         8           2.3065           1.1369    102.89%           1.1369    102.89%\n'
b'     2811       14697587       62419         8           2.3065           1.1413    102.10%           1.1413    102.10%\n'
b'     2816       14711745       61286         8           2.3065           1.1448    101.48%           1.1448    101.48%\n'
b'     2821       14725780       60222         8           2.3065           1.1472    101.05%           1.1472    101.05%\n'
b'     2826       14740682       58851         8           2.3065           1.1495    100.66%           1.1495    100.66%\n'
b'     2831       14754668       57579         8           2.3065           1.1508    100.43%           1.1508    100.43%\n'
b'     2836       14765524       56309         8           2.3065           1.1563     99.48%           1.1563     99.48%\n'
b'     2841       14772178       55611         8           2.3065           1.1590     99.02%           1.1590     99.02%\n'
b'     2846       14777950       54906         8           2.3065           1.1643     98.11%           1.1643     98.11%\n'
b'     2851       14783737       54241         8           2.3065           1.1700     97.14%           1.1700     97.14%\n'
b'     2856       14790533       53489         8           2.3065           1.1747     96.35%           1.1747     96.35%\n'
b'     2861       14796862       52780         8           2.3065           1.1817     95.18%           1.1817     95.18%\n'
b'     2866       14803507       51822         8           2.3065           1.1867     94.37%           1.1867     94.37%\n'
b'     2871       14809731       50969         8           2.3065           1.1909     93.69%           1.1909     93.69%\n'
b'     2876       14815590       49978         8           2.3065           1.1954     92.95%           1.1954     92.95%\n'
b'     2881       14822475       49318         8           2.3065           1.2004     92.14%           1.2004     92.14%\n'
b'     2886       14828639       48359         8           2.3065           1.2041     91.56%           1.2041     91.56%\n'
b'     2891       14833174       47787         8           2.3065           1.2091     90.76%           1.2091     90.76%\n'
b'     2896       14840753       47213         8           2.3065           1.2098     90.65%           1.2098     90.65%\n'
b'     2901       14850570       46388         8           2.3065           1.2143     89.95%           1.2143     89.95%\n'
b'     2906       14856011       45652         8           2.3065           1.2143     89.94%           1.2143     89.94%\n'
b'     2911       14861810       44775         8           2.3065           1.2181     89.36%           1.2181     89.36%\n'
b'     2916       14868806       43908         8           2.3065           1.2187     89.27%           1.2187     89.27%\n'
b'     2921       14872589       42827         8           2.3065           1.2237     88.49%           1.2237     88.49%\n'
b'     2926       14877945       41927         8           2.3065           1.2291     87.66%           1.2291     87.66%\n'
b'     2931       14885373       41168         8           2.3065           1.2327     87.12%           1.2327     87.12%\n'
b'     2936       14891204       40384         8           2.3065           1.2369     86.48%           1.2369     86.48%\n'
b'     2941       14898954       39283         8           2.3065           1.2390     86.17%           1.2390     86.17%\n'
b'     2946       14906952       38156         8           2.3065           1.2474     84.91%           1.2474     84.91%\n'
b'     2951       14912162       37240         8           2.3065           1.2526     84.14%           1.2526     84.14%\n'
b'     2956       14916745       36103         8           2.3065           1.2590     83.20%           1.2590     83.20%\n'
b'     2961       14922053       35318         8           2.3065           1.2640     82.49%           1.2640     82.49%\n'
b'     2966       14929532       34755         8           2.3065           1.2654     82.27%           1.2654     82.27%\n'
b'     2971       14939015       33620         8           2.3065           1.2695     81.70%           1.2695     81.70%\n'
b'     2976       14945787       32610         8           2.3065           1.2739     81.06%           1.2739     81.06%\n'
b'     2981       14950552       31770         8           2.3065           1.2773     80.57%           1.2773     80.57%\n'
b'     2986       14958863       31019         8           2.3065           1.2822     79.89%           1.2822     79.89%\n'
b'     2991       14963994       29956         8           2.3065           1.2874     79.17%           1.2874     79.17%\n'
b'     2996       14972115       28641         8           2.3065           1.2935     78.31%           1.2935     78.31%\n'
b'     3001       14978083       27433         8           2.3065           1.2993     77.52%           1.2993     77.52%\n'
b'     3006       14984764       26566         8           2.3065           1.3033     76.97%           1.3033     76.97%\n'
b'     3011       14990975       25762         8           2.3065           1.3111     75.93%           1.3111     75.93%\n'
b'     3016       14996294       24399         8           2.3065           1.3190     74.87%           1.3190     74.87%\n'
b'     3021       15001710       23298         8           2.3065           1.3282     73.66%           1.3282     73.66%\n'
b'     3026       15013800       22672         8           2.3065           1.3378     72.42%           1.3378     72.42%\n'
b'     3031       15022746       21884         8           2.3065           1.3407     72.03%           1.3407     72.03%\n'
b'     3036       15033814       21005         8           2.3065           1.3523     70.56%           1.3523     70.56%\n'
b'     3041       15044912       19791         8           2.3065           1.3603     69.56%           1.3603     69.56%\n'
b'     3046       15054219       18636         8           2.3065           1.3768     67.52%           1.3768     67.52%\n'
b'     3051       15066108       17476         8           2.3065           1.3872     66.28%           1.3872     66.28%\n'
b'     3056       15073679       16412         8           2.3065           1.3946     65.39%           1.3946     65.39%\n'
b'     3061       15078130       15540         8           2.3065           1.4019     64.53%           1.4020     64.52%\n'
b'     3066       15091972       14687         8           2.3065           1.4064     64.01%           1.4064     64.01%\n'
b'     3071       15102393       13260         8           2.3065           1.4230     62.09%           1.4238     62.00%\n'
b'     3076       15111127       11790         8           2.3065           1.4460     59.51%           1.4460     59.51%\n'
b'     3081       15117928       10817         8           2.3065           1.4566     58.35%           1.4566     58.35%\n'
b'     3087       15126478        9486         8           2.3065           1.4712     56.78%           1.4712     56.78%\n'
b'     3092       15133876        8100         8           2.3065           1.4865     55.17%           1.4865     55.17%\n'
b'     3097       15140142        7214         8           2.3065           1.5046     53.30%           1.5046     53.30%\n'
b'     3102       15146889        6080         8           2.3065           1.5201     51.74%           1.5201     51.74%\n'
b'     3107       15152519        5052         8           2.3065           1.5356     50.20%           1.5356     50.20%\n'
b'     3112       15158879        3772         8           2.3065           1.5590     47.95%           1.5590     47.95%\n'
b'     3117       15164691        2770         8           2.3065           1.5860     45.43%           1.5860     45.43%\n'
b'     3122       15169984        1661         8           2.3065           1.6183     42.53%           1.6183     42.53%\n'
b'     3127       15172036         993         8           2.3065           1.6714     38.00%           1.6714     38.00%\n'
b'     3132       15173638           0         0           2.3065           2.3065      0.00%\n'
b'SCIP Status        : problem is solved\n'
b'Total Time         : 3131.54\n'
b'  solving          : 3131.54\n'
b'  presolving       : 0.16 (included in solving)\n'
b'B&B Tree           :\n'
b'  nodes (total)    : 15173638\n'
b'Solution           :\n'
b'  Solutions found  : 6\n'
b'  Primal Bound     : +2.30654626993770e+00\n'
b'  Dual Bound       : +2.30654626993770e+00\n'
b'Gap                : 0.00000 %\n'
