b'The following solver is parallelized by UG version 0.9.1 [GitHash: ]\n'
b'SCIP version 7.0.2 [precision: 8 byte] [memory: block] [mode: optimized] [LP solver: SoPlex 5.0.2] [GitHash: e9d280a398]\n'
b'Copyright (C) 2002-2020 Konrad-Zuse-Zentrum fuer Informationstechnik Berlin (ZIB)\n'
b'External codes: \n'
b'  Readline 7.0         GNU library for command line editing (gnu.org/s/readline)\n'
b'  SoPlex 5.0.2         Linear Programming Solver developed at Zuse Institute Berlin (soplex.zib.de) [GitHash: e24c304e]\n'
b'  CppAD 20180000.0     Algorithmic Differentiation of C++ algorithms developed by B. Bell (www.coin-or.org/CppAD)\n'
b'  ZLIB 1.2.11          General purpose compression library by J. Gailly and M. Adler (zlib.net)\n'
b'  GMP 6.1.2            GNU Multiple Precision Arithmetic Library developed by T. Granlund (gmplib.org)\n'
b'  ZIMPL 3.4.0          Zuse Institute Mathematical Programming Language developed by T. Koch (zimpl.zib.de)\n'
b'Default LC presolving (default).\n'
b'Original Problem   :\n'
b'  Problem name     : 009\n'
b'  Variables        : 4863 (800 binary, 0 integer, 0 implicit integer, 4063 continuous)\n'
b'  Constraints      : 13385\n'
b'  Objective sense  : minimize\n'
b'Presolved Problem  :\n'
b'  Variables        : 1137 (201 binary, 0 integer, 0 implicit integer, 936 continuous)\n'
b'  Constraints      : 1253\n'
b'Constraints        : Number\n'
b'  varbound         : 874 \n'
b'  knapsack         : 1 \n'
b'  setppc           : 32 \n'
b'  linear           : 346 \n'
b'** Instance transfer method used: 0\n'
b'** ParaScipInstance copy does not increase the number of variables. **\n'
b'LC is working with racing ramp-up and with rebuilding tree after racing.\n'
b'                               Nodes    Active                                            \n'
b'     Time          Nodes        Left   Solvers     Best Integer        Best Node       Gap     Best Node(S)    Gap(S)\n'
b'        5            102          89         8                -           0.2670         -\n'
b'*       7              2           1         8           3.5123           0.3825         -\n'
b'*       8            142         109         8           3.2130           0.5503   483.85%\n'
b'*       9            233         152         8           2.9030           0.5503   427.52%\n'
b'       10            346         201         8           2.9030           0.5503   427.52%\n'
b'Racing ramp-up finished after 13.07 seconds. Selected strategy 6.\n'
b'       15           2090         981         8           2.9030           0.5503    427.52%           0.5503    427.52%\n'
b'       20          11373        6575         8           2.9030           0.5503    427.52%           0.5503    427.52%\n'
b'       25          25703       12323         8           2.9030           0.5503    427.52%           0.5503    427.52%\n'
b'       31          41366       17631         8           2.9030           0.5503    427.52%           0.5503    427.52%\n'
b'*      33          50222       20234         8           2.8771           0.5503    422.81%           0.5503    422.81%\n'
b'       36          60483       22828         8           2.8771           0.5503    422.81%           0.5503    422.81%\n'
b'       41          83158       27187         8           2.8771           0.5503    422.81%           0.5503    422.81%\n'
b'       46         107118       30530         8           2.8771           0.5503    422.81%           0.5503    422.81%\n'
b'       51         130229       34837         8           2.8771           0.5503    422.81%           0.5503    422.81%\n'
b'       56         157093       38486         8           2.8771           0.5503    422.81%           0.5503    422.81%\n'
b'       61         180998       42052         8           2.8771           0.5503    422.81%           0.5503    422.81%\n'
b'       66         205075       45049         8           2.8771           0.5503    422.81%           0.5503    422.81%\n'
b'       71         230796       48400         8           2.8771           0.5503    422.81%           0.5503    422.81%\n'
b'       76         258649       51934         8           2.8771           0.5503    422.81%           0.5503    422.81%\n'
b'       81         287155       55112         8           2.8771           0.5503    422.81%           0.5503    422.81%\n'
b'       86         316098       57448         8           2.8771           0.5503    422.81%           0.5503    422.81%\n'
b'       91         349807       59300         8           2.8771           0.5503    422.81%           0.5503    422.81%\n'
b'       96         385251       60950         8           2.8771           0.5503    422.81%           0.5503    422.81%\n'
b'      101         420406       61785         8           2.8771           0.5503    422.81%           0.5503    422.81%\n'
b'      106         453700       62854         8           2.8771           0.5503    422.81%           0.5503    422.81%\n'
b'      111         483363       63934         8           2.8771           0.5503    422.81%           0.5503    422.81%\n'
b'      116         513608       65038         8           2.8771           0.5503    422.81%           0.5503    422.81%\n'
b'      122         540397       66001         8           2.8771           0.5503    422.81%           0.5503    422.81%\n'
b'      127         566010       66579         8           2.8771           0.5503    422.81%           0.5503    422.81%\n'
b'      132         588053       67620         8           2.8771           0.5503    422.81%           0.5503    422.81%\n'
b'      137         606434       69592         8           2.8771           0.5609    412.95%           0.5609    412.95%\n'
b'      142         628085       72019         8           2.8771           0.6047    375.78%           0.6047    375.78%\n'
b'      147         652116       74486         8           2.8771           0.6094    372.08%           0.6094    372.08%\n'
b'      152         676363       76570         8           2.8771           0.6094    372.08%           0.6094    372.08%\n'
b'      157         702144       78423         8           2.8771           0.6094    372.08%           0.6094    372.08%\n'
b'      162         726544       80182         8           2.8771           0.6094    372.08%           0.6094    372.08%\n'
b'      167         751073       82152         8           2.8771           0.6094    372.08%           0.6094    372.08%\n'
b'      172         776461       83614         8           2.8771           0.6139    368.63%           0.6139    368.63%\n'
b'      177         805735       85451         8           2.8771           0.6142    368.45%           0.6142    368.45%\n'
b'      182         835490       87094         8           2.8771           0.6190    364.76%           0.6190    364.76%\n'
b'      187         865349       88343         8           2.8771           0.6199    364.08%           0.6199    364.08%\n'
b'      192         894770       89131         8           2.8771           0.6241    360.98%           0.6241    360.98%\n'
b'      197         927016       89035         8           2.8771           0.6241    360.98%           0.6241    360.98%\n'
b'      202         950691       89720         8           2.8771           0.6241    360.98%           0.6241    360.98%\n'
b'      207         973701       91438         8           2.8771           0.6273    358.64%           0.6273    358.64%\n'
b'      212         998446       92435         8           2.8771           0.6308    356.10%           0.6308    356.10%\n'
b'      217        1026195       93667         8           2.8771           0.6351    353.00%           0.6351    353.00%\n'
b'      222        1051554       95854         8           2.8771           0.6451    346.02%           0.6451    346.02%\n'
b'      228        1077185       98349         8           2.8771           0.6493    343.07%           0.6493    343.07%\n'
b'      233        1104851      100919         8           2.8771           0.6493    343.07%           0.6493    343.07%\n'
b'      238        1132972      103273         8           2.8771           0.6493    343.07%           0.6493    343.07%\n'
b'      243        1161501      105529         8           2.8771           0.6493    343.07%           0.6493    343.07%\n'
b'      248        1190035      108200         8           2.8771           0.6493    343.07%           0.6493    343.07%\n'
b'      253        1219802      109883         8           2.8771           0.6512    341.84%           0.6512    341.84%\n'
b'      258        1249461      111485         8           2.8771           0.6521    341.23%           0.6521    341.23%\n'
b'      263        1280293      112677         8           2.8771           0.6529    340.64%           0.6529    340.64%\n'
b'      268        1310431      113919         8           2.8771           0.6594    336.32%           0.6594    336.32%\n'
b'      273        1340390      115222         8           2.8771           0.6662    331.85%           0.6662    331.85%\n'
b'      278        1371584      116138         8           2.8771           0.6751    326.16%           0.6751    326.16%\n'
b'      283        1402740      116631         8           2.8771           0.6840    320.60%           0.6840    320.60%\n'
b'      288        1434098      117479         8           2.8771           0.6845    320.30%           0.6845    320.30%\n'
b'      293        1465215      118109         8           2.8771           0.6914    316.11%           0.6914    316.11%\n'
b'      298        1495656      118889         8           2.8771           0.6970    312.76%           0.6970    312.76%\n'
b'      303        1527153      119305         8           2.8771           0.7025    309.53%           0.7025    309.53%\n'
b'      308        1559281      119583         8           2.8771           0.7083    306.18%           0.7083    306.18%\n'
b'      313        1590600      120153         8           2.8771           0.7118    304.18%           0.7118    304.18%\n'
b'      318        1621157      120593         8           2.8771           0.7180    300.72%           0.7180    300.72%\n'
b'      324        1652536      120970         8           2.8771           0.7258    296.42%           0.7258    296.42%\n'
b'      329        1683595      121541         8           2.8771           0.7259    296.36%           0.7259    296.36%\n'
b'      334        1714785      121943         8           2.8771           0.7259    296.36%           0.7259    296.36%\n'
b'      339        1745509      122238         8           2.8771           0.7259    296.36%           0.7259    296.36%\n'
b'      344        1775880      122607         8           2.8771           0.7259    296.36%           0.7259    296.36%\n'
b'      349        1807197      122953         8           2.8771           0.7259    296.36%           0.7259    296.36%\n'
b'      354        1838444      123069         8           2.8771           0.7259    296.36%           0.7259    296.36%\n'
b'      359        1868583      123343         8           2.8771           0.7259    296.36%           0.7259    296.36%\n'
b'      364        1899485      123205         8           2.8771           0.7259    296.36%           0.7259    296.36%\n'
b'      369        1930209      123517         8           2.8771           0.7259    296.36%           0.7259    296.36%\n'
b'      374        1960736      123607         8           2.8771           0.7259    296.36%           0.7259    296.36%\n'
b'      379        1992295      123822         8           2.8771           0.7259    296.36%           0.7259    296.36%\n'
b'      384        2023269      124030         8           2.8771           0.7259    296.36%           0.7259    296.36%\n'
b'      389        2053349      124105         8           2.8771           0.7259    296.36%           0.7259    296.36%\n'
b'      394        2084865      123918         8           2.8771           0.7259    296.36%           0.7259    296.36%\n'
b'      399        2115346      124021         8           2.8771           0.7259    296.36%           0.7259    296.36%\n'
b'      404        2145552      123881         8           2.8771           0.7259    296.36%           0.7259    296.36%\n'
b'      409        2177100      123366         8           2.8771           0.7259    296.36%           0.7259    296.36%\n'
b'      415        2209531      122449         8           2.8771           0.7259    296.36%           0.7259    296.36%\n'
b'      420        2239563      122516         8           2.8771           0.7259    296.36%           0.7259    296.36%\n'
b'      425        2269093      121806         8           2.8771           0.7259    296.36%           0.7259    296.36%\n'
b'      430        2295671      121698         8           2.8771           0.7259    296.36%           0.7259    296.36%\n'
b'      435        2320017      122466         8           2.8771           0.7259    296.36%           0.7259    296.36%\n'
b'      440        2344054      122831         8           2.8771           0.7259    296.36%           0.7259    296.36%\n'
b'      445        2369650      123019         8           2.8771           0.7259    296.36%           0.7259    296.36%\n'
b'      450        2395882      123548         8           2.8771           0.7259    296.36%           0.7259    296.36%\n'
b'      455        2423712      123510         8           2.8771           0.7259    296.36%           0.7259    296.36%\n'
b'      460        2448149      123600         8           2.8771           0.7259    296.36%           0.7259    296.36%\n'
b'      465        2474947      124083         8           2.8771           0.7259    296.36%           0.7259    296.36%\n'
b'      470        2503114      123553         8           2.8771           0.7259    296.36%           0.7259    296.36%\n'
b'      475        2532325      122399         8           2.8771           0.7259    296.36%           0.7259    296.36%\n'
b'      480        2559157      122557         8           2.8771           0.7259    296.36%           0.7259    296.36%\n'
b'      485        2587603      123441         8           2.8771           0.7259    296.36%           0.7259    296.36%\n'
b'      490        2617001      123807         8           2.8771           0.7259    296.36%           0.7259    296.36%\n'
b'      495        2645987      124596         8           2.8771           0.7259    296.36%           0.7259    296.36%\n'
b'      500        2674599      125037         8           2.8771           0.7259    296.36%           0.7259    296.36%\n'
b'      505        2702922      125256         8           2.8771           0.7259    296.36%           0.7259    296.36%\n'
b'      510        2730593      125475         8           2.8771           0.7259    296.36%           0.7259    296.36%\n'
b'      515        2757636      125459         8           2.8771           0.7259    296.36%           0.7259    296.36%\n'
b'      521        2786777      125389         8           2.8771           0.7296    294.35%           0.7296    294.35%\n'
b'      526        2815170      124885         8           2.8771           0.7296    294.35%           0.7296    294.35%\n'
b'      531        2845072      124635         8           2.8771           0.7296    294.35%           0.7296    294.35%\n'
b'      536        2874444      124053         8           2.8771           0.7299    294.17%           0.7299    294.17%\n'
b'      541        2903124      123399         8           2.8771           0.7424    287.53%           0.7424    287.53%\n'
b'      546        2929386      122972         8           2.8771           0.7451    286.15%           0.7451    286.15%\n'
b'      551        2952544      123069         8           2.8771           0.7490    284.15%           0.7490    284.15%\n'
b'      556        2974616      123177         8           2.8771           0.7645    276.33%           0.7645    276.33%\n'
b'      561        2999392      123823         8           2.8771           0.7757    270.90%           0.7757    270.90%\n'
b'      566        3026376      124523         8           2.8771           0.7822    267.82%           0.7822    267.82%\n'
b'      571        3054897      125411         8           2.8771           0.7840    266.99%           0.7840    266.99%\n'
b'      576        3084538      125899         8           2.8771           0.7932    262.73%           0.7932    262.73%\n'
b'      581        3114509      126386         8           2.8771           0.7944    262.15%           0.7944    262.15%\n'
b'      586        3145721      126618         8           2.8771           0.7944    262.15%           0.7944    262.15%\n'
b'      591        3178460      126012         8           2.8771           0.7980    260.53%           0.7980    260.53%\n'
b'      596        3209007      125279         8           2.8771           0.7980    260.53%           0.7980    260.53%\n'
b'      601        3238255      125238         8           2.8771           0.7980    260.53%           0.7980    260.53%\n'
b'      606        3268400      125012         8           2.8771           0.7980    260.53%           0.7980    260.53%\n'
b'      611        3299069      124167         8           2.8771           0.7980    260.53%           0.7980    260.53%\n'
b'      617        3330423      122463         8           2.8771           0.7980    260.53%           0.7980    260.53%\n'
b'      622        3358563      121848         8           2.8771           0.7980    260.53%           0.7980    260.53%\n'
b'      627        3386704      122080         8           2.8771           0.7980    260.53%           0.7980    260.53%\n'
b'      632        3415209      121461         8           2.8771           0.7980    260.53%           0.7980    260.53%\n'
b'      637        3440187      121448         8           2.8771           0.7980    260.53%           0.7980    260.53%\n'
b'      642        3465320      121128         8           2.8771           0.7980    260.53%           0.7980    260.53%\n'
b'      647        3493284      120236         8           2.8771           0.7980    260.53%           0.7980    260.53%\n'
b'      652        3515782      120001         8           2.8771           0.7980    260.53%           0.7980    260.53%\n'
b'      657        3538217      119528         8           2.8771           0.7980    260.53%           0.7980    260.53%\n'
b'      662        3560771      119092         8           2.8771           0.8057    257.10%           0.8057    257.10%\n'
b'      667        3583713      119167         8           2.8771           0.8162    252.51%           0.8162    252.51%\n'
b'      672        3612367      118728         8           2.8771           0.8162    252.51%           0.8162    252.51%\n'
b'      677        3636779      118091         8           2.8771           0.8162    252.49%           0.8162    252.49%\n'
b'      682        3658328      117923         8           2.8771           0.8256    248.49%           0.8256    248.49%\n'
b'      687        3682641      118170         8           2.8771           0.8278    247.57%           0.8278    247.57%\n'
b'      692        3710922      118463         8           2.8771           0.8351    244.51%           0.8351    244.51%\n'
b'      697        3740841      118242         8           2.8771           0.8405    242.28%           0.8405    242.28%\n'
b'      702        3772157      118427         8           2.8771           0.8405    242.28%           0.8405    242.28%\n'
b'      707        3803683      118923         8           2.8771           0.8405    242.28%           0.8405    242.28%\n'
b'      712        3834040      118516         8           2.8771           0.8405    242.28%           0.8405    242.28%\n'
b'      718        3864074      117884         8           2.8771           0.8405    242.28%           0.8405    242.28%\n'
b'      723        3894143      116985         8           2.8771           0.8409    242.16%           0.8409    242.16%\n'
b'      728        3925780      116182         8           2.8771           0.8453    240.34%           0.8453    240.34%\n'
b'      733        3957181      115250         8           2.8771           0.8453    240.34%           0.8453    240.34%\n'
b'      738        3989645      114354         8           2.8771           0.8453    240.34%           0.8453    240.34%\n'
b'      743        4021523      113532         8           2.8771           0.8453    240.34%           0.8453    240.34%\n'
b'      748        4056024      112086         8           2.8771           0.8457    240.21%           0.8457    240.21%\n'
b'      753        4087757      110231         8           2.8771           0.8457    240.21%           0.8457    240.21%\n'
b'      758        4119612      109329         8           2.8771           0.8474    239.51%           0.8474    239.51%\n'
b'      763        4150714      107796         8           2.8771           0.8474    239.51%           0.8474    239.51%\n'
b'      768        4178855      107172         8           2.8771           0.8476    239.44%           0.8476    239.44%\n'
b'      773        4204882      106860         8           2.8771           0.8476    239.44%           0.8476    239.44%\n'
b'      778        4229518      107197         8           2.8771           0.8476    239.44%           0.8476    239.44%\n'
b'      783        4253760      107557         8           2.8771           0.8476    239.44%           0.8476    239.44%\n'
b'      788        4280725      107197         8           2.8771           0.8476    239.44%           0.8476    239.44%\n'
b'      793        4307056      107426         8           2.8771           0.8479    239.32%           0.8479    239.32%\n'
b'      798        4334622      107256         8           2.8771           0.8515    237.90%           0.8515    237.90%\n'
b'      803        4363278      106987         8           2.8771           0.8573    235.60%           0.8573    235.60%\n'
b'      808        4391491      106987         8           2.8771           0.8582    235.24%           0.8582    235.24%\n'
b'      814        4421880      105830         8           2.8771           0.8582    235.24%           0.8582    235.24%\n'
b'      819        4450446      105152         8           2.8771           0.8582    235.24%           0.8582    235.24%\n'
b'      824        4479107      103305         8           2.8771           0.8582    235.24%           0.8582    235.24%\n'
b'      829        4506469      103204         8           2.8771           0.8583    235.20%           0.8583    235.20%\n'
b'      834        4535666      102515         8           2.8771           0.8583    235.20%           0.8583    235.20%\n'
b'      839        4564391      101957         8           2.8771           0.8583    235.20%           0.8583    235.20%\n'
b'      844        4594009      101252         8           2.8771           0.8591    234.90%           0.8591    234.90%\n'
b'      849        4618603      101398         8           2.8771           0.8643    232.90%           0.8643    232.90%\n'
b'      854        4647055      101215         8           2.8771           0.8679    231.49%           0.8679    231.49%\n'
b'      859        4673963      100511         8           2.8771           0.8679    231.49%           0.8679    231.49%\n'
b'      864        4702031       99252         8           2.8771           0.8773    227.95%           0.8773    227.95%\n'
b'      869        4730447       97233         8           2.8771           0.8868    224.45%           0.8868    224.45%\n'
b'      874        4759140       96862         8           2.8771           0.8872    224.29%           0.8872    224.29%\n'
b'      879        4787515       95165         8           2.8771           0.8927    222.30%           0.8927    222.30%\n'
b'      884        4812510       93703         8           2.8771           0.8945    221.63%           0.8945    221.63%\n'
b'      889        4832243       92777         8           2.8771           0.8945    221.63%           0.8945    221.63%\n'
b'      894        4850732       92577         8           2.8771           0.9067    217.31%           0.9067    217.31%\n'
b'      899        4868168       91914         8           2.8771           0.9086    216.64%           0.9086    216.64%\n'
b'      904        4883657       91292         8           2.8771           0.9113    215.73%           0.9113    215.73%\n'
b'      909        4898711       90503         8           2.8771           0.9142    214.70%           0.9142    214.70%\n'
b'      914        4910294       90081         8           2.8771           0.9196    212.85%           0.9196    212.85%\n'
b'      919        4923785       89940         8           2.8771           0.9264    210.55%           0.9264    210.55%\n'
b'      924        4941334       89117         8           2.8771           0.9313    208.94%           0.9313    208.94%\n'
b'      930        4953836       88528         8           2.8771           0.9338    208.10%           0.9338    208.10%\n'
b'      935        4965457       87953         8           2.8771           0.9390    206.39%           0.9390    206.39%\n'
b'      940        4977844       87955         8           2.8771           0.9465    203.97%           0.9465    203.97%\n'
b'      945        4992970       87436         8           2.8771           0.9503    202.77%           0.9503    202.77%\n'
b'      950        5008003       86445         8           2.8771           0.9571    200.61%           0.9571    200.61%\n'
b'      955        5022613       85154         8           2.8771           0.9634    198.64%           0.9634    198.64%\n'
b'      960        5034675       84361         8           2.8771           0.9634    198.64%           0.9634    198.64%\n'
b'      965        5042110       83907         8           2.8771           0.9651    198.12%           0.9651    198.12%\n'
b'      970        5049010       83779         8           2.8771           0.9671    197.49%           0.9671    197.49%\n'
b'      975        5056621       83700         8           2.8771           0.9671    197.49%           0.9671    197.49%\n'
b'      980        5064271       83561         8           2.8771           0.9677    197.30%           0.9680    197.23%\n'
b'      985        5073517       83211         8           2.8771           0.9747    195.18%           0.9747    195.18%\n'
b'      990        5081047       83148         8           2.8771           0.9809    193.32%           0.9809    193.32%\n'
b'      995        5088535       83270         8           2.8771           0.9818    193.03%           0.9818    193.03%\n'
b'     1000        5094564       82879         8           2.8771           0.9820    192.97%           0.9820    192.97%\n'
b'     1005        5102089       82721         8           2.8771           0.9820    192.97%           0.9820    192.97%\n'
b'     1010        5109616       83104         8           2.8771           0.9833    192.60%           0.9833    192.60%\n'
b'     1015        5118535       83543         8           2.8771           0.9904    190.49%           0.9904    190.49%\n'
b'     1020        5128059       83550         8           2.8771           0.9927    189.83%           0.9927    189.83%\n'
b'     1025        5140048       83625         8           2.8771           0.9948    189.20%           0.9948    189.20%\n'
b'     1030        5155772       83102         8           2.8771           1.0029    186.89%           1.0029    186.89%\n'
b'     1035        5168534       82645         8           2.8771           1.0086    185.27%           1.0086    185.27%\n'
b'     1040        5180416       82392         8           2.8771           1.0127    184.09%           1.0127    184.09%\n'
b'     1045        5193216       82500         8           2.8771           1.0211    181.75%           1.0211    181.75%\n'
b'     1050        5207470       82573         8           2.8771           1.0211    181.75%           1.0211    181.75%\n'
b'     1056        5220361       82948         8           2.8771           1.0232    181.19%           1.0232    181.19%\n'
b'     1061        5235833       82827         8           2.8771           1.0232    181.19%           1.0232    181.19%\n'
b'     1066        5250720       83048         8           2.8771           1.0232    181.19%           1.0232    181.19%\n'
b'     1071        5267363       83439         8           2.8771           1.0269    180.17%           1.0269    180.17%\n'
b'     1076        5281708       84330         8           2.8771           1.0269    180.17%           1.0269    180.17%\n'
b'     1081        5304968       84865         8           2.8771           1.0269    180.17%           1.0269    180.17%\n'
b'     1086        5322550       84223         8           2.8771           1.0269    180.17%           1.0269    180.17%\n'
b'     1091        5334204       84528         8           2.8771           1.0269    180.17%           1.0269    180.17%\n'
b'     1096        5351755       85438         8           2.8771           1.0269    180.17%           1.0269    180.17%\n'
b'     1101        5369191       84751         8           2.8771           1.0269    180.17%           1.0269    180.17%\n'
b'     1106        5384219       84202         8           2.8771           1.0269    180.17%           1.0269    180.17%\n'
b'     1111        5398334       85002         8           2.8771           1.0334    178.42%           1.0334    178.42%\n'
b'     1116        5419790       85330         8           2.8771           1.0385    177.04%           1.0385    177.04%\n'
b'     1121        5441690       86647         8           2.8771           1.0385    177.04%           1.0385    177.04%\n'
b'     1126        5465861       87408         8           2.8771           1.0403    176.57%           1.0403    176.57%\n'
b'     1132        5489981       87546         8           2.8771           1.0403    176.57%           1.0403    176.57%\n'
b'     1137        5514118       86833         8           2.8771           1.0403    176.57%           1.0403    176.57%\n'
b'     1142        5539761       85429         8           2.8771           1.0403    176.57%           1.0403    176.57%\n'
b'     1147        5561552       85134         8           2.8771           1.0421    176.09%           1.0421    176.09%\n'
b'     1152        5589686       84240         8           2.8771           1.0441    175.56%           1.0441    175.56%\n'
b'     1157        5614144       85192         8           2.8771           1.0508    173.79%           1.0508    173.79%\n'
b'     1162        5637511       85161         8           2.8771           1.0539    173.00%           1.0539    173.00%\n'
b'     1167        5664874       85669         8           2.8771           1.0539    173.00%           1.0539    173.00%\n'
b'     1172        5691212       85769         8           2.8771           1.0539    173.00%           1.0539    173.00%\n'
b'     1177        5715753       85554         8           2.8771           1.0539    173.00%           1.0539    173.00%\n'
b'     1182        5741532       83935         8           2.8771           1.0539    173.00%           1.0539    173.00%\n'
b'     1187        5761888       82490         8           2.8771           1.0539    173.00%           1.0539    173.00%\n'
b'     1192        5775203       81834         8           2.8771           1.0586    171.78%           1.0586    171.78%\n'
b'     1197        5787463       82642         8           2.8771           1.0653    170.08%           1.0653    170.08%\n'
b'     1203        5803979       83033         8           2.8771           1.0660    169.90%           1.0660    169.90%\n'
b'     1208        5822533       82520         8           2.8771           1.0698    168.94%           1.0698    168.94%\n'
b'     1213        5834581       81941         8           2.8771           1.0702    168.84%           1.0702    168.84%\n'
b'     1218        5841085       81779         8           2.8771           1.0702    168.84%           1.0702    168.84%\n'
b'     1223        5846863       81453         8           2.8771           1.0778    166.94%           1.0778    166.94%\n'
b'     1228        5864654       82342         8           2.8771           1.0801    166.37%           1.0801    166.37%\n'
b'     1233        5881380       82816         8           2.8771           1.0811    166.12%           1.0811    166.12%\n'
b'     1238        5894225       83026         8           2.8771           1.0847    165.23%           1.0847    165.23%\n'
b'     1243        5913492       83424         8           2.8771           1.0847    165.23%           1.0847    165.23%\n'
b'     1248        5924932       83838         8           2.8771           1.0847    165.23%           1.0847    165.23%\n'
b'     1253        5936807       83885         8           2.8771           1.0847    165.23%           1.0847    165.23%\n'
b'     1258        5950033       83928         8           2.8771           1.0847    165.23%           1.0847    165.23%\n'
b'     1264        5964246       83489         8           2.8771           1.0851    165.14%           1.0851    165.14%\n'
b'     1269        5978996       82761         8           2.8771           1.0892    164.14%           1.0892    164.14%\n'
b'     1274        5997047       83352         8           2.8771           1.0892    164.14%           1.0892    164.14%\n'
b'     1279        6018546       83803         8           2.8771           1.0892    164.14%           1.0892    164.14%\n'
b'     1284        6041157       84374         8           2.8771           1.0892    164.14%           1.0892    164.14%\n'
b'     1289        6064630       83627         8           2.8771           1.0892    164.14%           1.0892    164.14%\n'
b'     1294        6086483       82740         8           2.8771           1.0897    164.03%           1.0897    164.03%\n'
b'     1299        6105703       82931         8           2.8771           1.0918    163.53%           1.0918    163.53%\n'
b'     1304        6125936       82964         8           2.8771           1.0918    163.53%           1.0953    162.67%\n'
b'     1309        6147415       81782         8           2.8771           1.0953    162.67%           1.0953    162.67%\n'
b'     1314        6166664       81927         8           2.8771           1.0953    162.67%           1.0953    162.67%\n'
b'     1319        6185567       81513         8           2.8771           1.0953    162.67%           1.0953    162.67%\n'
b'     1324        6198397       81345         8           2.8771           1.0953    162.67%           1.0953    162.67%\n'
b'     1329        6211521       80884         8           2.8771           1.0953    162.67%           1.0953    162.67%\n'
b'     1334        6229185       80506         8           2.8771           1.0996    161.64%           1.0996    161.64%\n'
b'     1339        6244744       80012         8           2.8771           1.1006    161.40%           1.1006    161.40%\n'
b'     1344        6253465       80549         8           2.8771           1.1006    161.40%           1.1006    161.40%\n'
b'     1349        6264792       80961         8           2.8771           1.1006    161.40%           1.1006    161.40%\n'
b'     1354        6279382       81253         8           2.8771           1.1009    161.35%           1.1009    161.35%\n'
b'     1360        6295340       81203         8           2.8771           1.1070    159.90%           1.1070    159.90%\n'
b'     1365        6313029       81731         8           2.8771           1.1097    159.26%           1.1097    159.26%\n'
b'     1370        6334038       81940         8           2.8771           1.1112    158.91%           1.1112    158.91%\n'
b'     1375        6352703       82226         8           2.8771           1.1112    158.91%           1.1112    158.91%\n'
b'     1380        6370655       81878         8           2.8771           1.1112    158.91%           1.1112    158.91%\n'
b'     1385        6386538       81885         8           2.8771           1.1195    156.99%           1.1195    156.99%\n'
b'     1390        6407393       82651         8           2.8771           1.1195    156.99%           1.1195    156.99%\n'
b'     1395        6431347       82464         8           2.8771           1.1195    156.99%           1.1195    156.99%\n'
b'     1400        6454835       82322         8           2.8771           1.1195    156.99%           1.1195    156.99%\n'
b'     1405        6478616       82428         8           2.8771           1.1195    156.99%           1.1195    156.99%\n'
b'     1410        6501687       81453         8           2.8771           1.1211    156.63%           1.1211    156.63%\n'
b'     1415        6523814       80571         8           2.8771           1.1218    156.47%           1.1218    156.47%\n'
b'     1420        6541818       79939         8           2.8771           1.1237    156.05%           1.1237    156.05%\n'
b'     1425        6552644       80223         8           2.8771           1.1237    156.03%           1.1237    156.03%\n'
b'     1430        6566341       80578         8           2.8771           1.1309    154.41%           1.1309    154.41%\n'
b'     1435        6583471       81404         8           2.8771           1.1336    153.80%           1.1336    153.80%\n'
b'     1440        6604159       81145         8           2.8771           1.1336    153.80%           1.1336    153.80%\n'
b'     1445        6620461       81024         8           2.8771           1.1409    152.17%           1.1409    152.17%\n'
b'     1450        6636593       80784         8           2.8771           1.1447    151.35%           1.1447    151.35%\n'
b'     1456        6656005       80552         8           2.8771           1.1447    151.33%           1.1447    151.33%\n'
b'     1461        6673409       80953         8           2.8771           1.1449    151.30%           1.1449    151.30%\n'
b'     1466        6687737       80032         8           2.8771           1.1484    150.54%           1.1484    150.54%\n'
b'     1471        6700625       80045         8           2.8771           1.1519    149.78%           1.1519    149.78%\n'
b'     1476        6714311       80128         8           2.8771           1.1519    149.76%           1.1519    149.76%\n'
b'     1481        6727420       79995         8           2.8771           1.1583    148.39%           1.1583    148.39%\n'
b'     1486        6745232       79602         8           2.8771           1.1583    148.39%           1.1583    148.39%\n'
b'     1491        6757520       79515         8           2.8771           1.1598    148.08%           1.1598    148.08%\n'
b'     1496        6769718       79420         8           2.8771           1.1598    148.08%           1.1598    148.08%\n'
b'     1501        6779311       79600         8           2.8771           1.1598    148.08%           1.1598    148.08%\n'
b'     1506        6789222       79570         8           2.8771           1.1598    148.08%           1.1598    148.08%\n'
b'     1511        6799652       79109         8           2.8771           1.1598    148.08%           1.1598    148.08%\n'
b'     1516        6812022       79295         8           2.8771           1.1598    148.08%           1.1598    148.08%\n'
b'     1521        6823984       79931         8           2.8771           1.1598    148.08%           1.1598    148.08%\n'
b'     1526        6839193       79766         8           2.8771           1.1598    148.08%           1.1598    148.08%\n'
b'     1531        6853037       80136         8           2.8771           1.1598    148.08%           1.1598    148.08%\n'
b'     1536        6866314       79707         8           2.8771           1.1598    148.08%           1.1598    148.08%\n'
b'     1541        6878565       79027         8           2.8771           1.1598    148.08%           1.1598    148.08%\n'
b'     1546        6890286       78685         8           2.8771           1.1598    148.08%           1.1598    148.08%\n'
b'     1551        6900089       78172         8           2.8771           1.1598    148.08%           1.1598    148.08%\n'
b'     1557        6908426       78227         8           2.8771           1.1619    147.62%           1.1619    147.62%\n'
b'     1562        6922440       78287         8           2.8771           1.1638    147.21%           1.1638    147.21%\n'
b'     1567        6932258       77989         8           2.8771           1.1642    147.12%           1.1642    147.12%\n'
b'     1572        6938759       77916         8           2.8771           1.1642    147.12%           1.1642    147.12%\n'
b'     1577        6947564       77955         8           2.8771           1.1649    146.98%           1.1649    146.98%\n'
b'     1582        6963487       77813         8           2.8771           1.1660    146.75%           1.1661    146.72%\n'
b'     1587        6975988       77685         8           2.8771           1.1703    145.85%           1.1703    145.85%\n'
b'     1592        6992034       77364         8           2.8771           1.1703    145.85%           1.1703    145.85%\n'
b'     1597        7000715       77160         8           2.8771           1.1703    145.85%           1.1703    145.85%\n'
b'     1602        7007974       76901         8           2.8771           1.1703    145.85%           1.1703    145.85%\n'
b'     1607        7018293       76893         8           2.8771           1.1703    145.85%           1.1703    145.85%\n'
b'     1612        7029591       76596         8           2.8771           1.1703    145.85%           1.1703    145.85%\n'
b'     1617        7037816       76245         8           2.8771           1.1703    145.85%           1.1703    145.85%\n'
b'     1622        7047174       76501         8           2.8771           1.1703    145.85%           1.1703    145.85%\n'
b'     1627        7057855       76751         8           2.8771           1.1703    145.85%           1.1703    145.85%\n'
b'     1632        7071224       77136         8           2.8771           1.1703    145.85%           1.1703    145.85%\n'
b'     1637        7085193       76879         8           2.8771           1.1748    144.89%           1.1748    144.89%\n'
b'     1642        7100865       76857         8           2.8771           1.1748    144.89%           1.1748    144.89%\n'
b'     1647        7117374       76028         8           2.8771           1.1748    144.89%           1.1748    144.89%\n'
b'     1652        7132385       75429         8           2.8771           1.1750    144.87%           1.1750    144.87%\n'
b'     1658        7145014       74829         8           2.8771           1.1794    143.95%           1.1794    143.95%\n'
b'     1663        7159258       74777         8           2.8771           1.1814    143.53%           1.1814    143.53%\n'
b'     1668        7172166       74649         8           2.8771           1.1829    143.22%           1.1829    143.22%\n'
b'     1673        7183598       74277         8           2.8771           1.1841    142.98%           1.1841    142.98%\n'
b'     1678        7193906       74206         8           2.8771           1.1855    142.69%           1.1855    142.69%\n'
b'     1683        7205360       74284         8           2.8771           1.1860    142.58%           1.1860    142.58%\n'
b'     1688        7216983       73765         8           2.8771           1.1879    142.20%           1.1879    142.20%\n'
b'     1693        7227121       73272         8           2.8771           1.1896    141.86%           1.1896    141.86%\n'
b'     1698        7235569       72841         8           2.8771           1.1913    141.51%           1.1913    141.51%\n'
b'     1703        7250260       73165         8           2.8771           1.1932    141.12%           1.1932    141.12%\n'
b'     1708        7264398       73226         8           2.8771           1.1932    141.12%           1.1932    141.12%\n'
b'     1713        7272946       72817         8           2.8771           1.1942    140.92%           1.1942    140.92%\n'
b'     1718        7284352       72770         8           2.8771           1.1965    140.46%           1.1965    140.46%\n'
b'     1723        7297751       72797         8           2.8771           1.1997    139.83%           1.1997    139.83%\n'
b'     1728        7307877       72409         8           2.8771           1.1997    139.83%           1.1997    139.83%\n'
b'     1733        7318560       72090         8           2.8771           1.2028    139.21%           1.2028    139.21%\n'
b'     1738        7332557       72440         8           2.8771           1.2046    138.84%           1.2046    138.84%\n'
b'     1743        7344751       72076         8           2.8771           1.2057    138.63%           1.2057    138.63%\n'
b'     1748        7356333       71526         8           2.8771           1.2069    138.39%           1.2069    138.39%\n'
b'     1753        7363870       71138         8           2.8771           1.2096    137.85%           1.2096    137.85%\n'
b'     1758        7377006       71020         8           2.8771           1.2096    137.85%           1.2096    137.85%\n'
b'     1763        7385640       70915         8           2.8771           1.2116    137.47%           1.2116    137.47%\n'
b'     1768        7396166       70892         8           2.8771           1.2116    137.47%           1.2116    137.47%\n'
b'     1773        7408308       70878         8           2.8771           1.2131    137.17%           1.2131    137.17%\n'
b'     1778        7418601       70879         8           2.8771           1.2146    136.88%           1.2146    136.88%\n'
b'     1784        7432014       70487         8           2.8771           1.2178    136.24%           1.2178    136.24%\n'
b'     1789        7444148       70910         8           2.8771           1.2189    136.04%           1.2189    136.04%\n'
b'     1794        7459643       70850         8           2.8771           1.2212    135.60%           1.2212    135.60%\n'
b'     1799        7475543       70690         8           2.8771           1.2216    135.53%           1.2216    135.53%\n'
b'     1804        7488949       70437         8           2.8771           1.2225    135.35%           1.2225    135.35%\n'
b'     1809        7507051       70987         8           2.8771           1.2234    135.17%           1.2234    135.17%\n'
b'     1814        7528407       70954         8           2.8771           1.2235    135.16%           1.2235    135.16%\n'
b'     1819        7547354       71038         8           2.8771           1.2235    135.16%           1.2235    135.16%\n'
b'     1824        7568151       70318         8           2.8771           1.2241    135.04%           1.2241    135.04%\n'
b'     1829        7583869       69478         8           2.8771           1.2245    134.97%           1.2245    134.97%\n'
b'     1834        7600184       68846         8           2.8771           1.2247    134.93%           1.2247    134.93%\n'
b'     1839        7613277       68543         8           2.8771           1.2274    134.41%           1.2274    134.41%\n'
b'     1844        7624815       68421         8           2.8771           1.2294    134.02%           1.2294    134.02%\n'
b'     1849        7636583       68327         8           2.8771           1.2294    134.02%           1.2294    134.02%\n'
b'     1854        7643781       68032         8           2.8771           1.2294    134.02%           1.2294    134.02%\n'
b'     1860        7650557       67668         8           2.8771           1.2294    134.02%           1.2294    134.02%\n'
b'     1865        7660711       67519         8           2.8771           1.2319    133.54%           1.2319    133.54%\n'
b'     1870        7669881       67151         8           2.8771           1.2350    132.97%           1.2350    132.97%\n'
b'     1875        7679416       66934         8           2.8771           1.2370    132.59%           1.2370    132.59%\n'
b'     1880        7695357       66964         8           2.8771           1.2381    132.37%           1.2381    132.37%\n'
b'     1885        7712480       66956         8           2.8771           1.2398    132.06%           1.2398    132.06%\n'
b'     1890        7726413       66688         8           2.8771           1.2406    131.91%           1.2406    131.91%\n'
b'     1895        7739660       66437         8           2.8771           1.2425    131.55%           1.2425    131.55%\n'
b'     1900        7748874       65931         8           2.8771           1.2426    131.54%           1.2426    131.54%\n'
b'     1905        7761600       65765         8           2.8771           1.2444    131.20%           1.2444    131.20%\n'
b'     1910        7772214       65860         8           2.8771           1.2477    130.60%           1.2477    130.60%\n'
b'     1915        7786461       66274         8           2.8771           1.2490    130.36%           1.2490    130.36%\n'
b'     1920        7804362       66118         8           2.8771           1.2520    129.81%           1.2520    129.81%\n'
b'     1925        7826051       65840         8           2.8771           1.2542    129.40%           1.2542    129.40%\n'
b'     1930        7848965       64818         8           2.8771           1.2562    129.02%           1.2562    129.02%\n'
b'     1935        7864468       64252         8           2.8771           1.2597    128.39%           1.2597    128.39%\n'
b'     1940        7878497       63935         8           2.8771           1.2606    128.23%           1.2606    128.23%\n'
b'     1945        7893735       64231         8           2.8771           1.2658    127.29%           1.2658    127.29%\n'
b'     1950        7916030       63403         8           2.8771           1.2694    126.64%           1.2694    126.64%\n'
b'     1955        7927300       63546         8           2.8771           1.2733    125.95%           1.2733    125.95%\n'
b'     1960        7938410       63556         8           2.8771           1.2757    125.53%           1.2757    125.53%\n'
b'     1965        7953745       63596         8           2.8771           1.2777    125.17%           1.2777    125.17%\n'
b'     1971        7968368       63449         8           2.8771           1.2794    124.89%           1.2794    124.89%\n'
b'     1976        7983292       63139         8           2.8771           1.2796    124.83%           1.2796    124.83%\n'
b'     1981        7998211       62696         8           2.8771           1.2837    124.12%           1.2837    124.12%\n'
b'     1986        8013664       62611         8           2.8771           1.2849    123.91%           1.2849    123.91%\n'
b'     1991        8029517       61514         8           2.8771           1.2867    123.60%           1.2867    123.60%\n'
b'     1996        8045449       61550         8           2.8771           1.2895    123.12%           1.2895    123.12%\n'
b'     2001        8062073       61448         8           2.8771           1.2895    123.12%           1.2895    123.12%\n'
b'     2006        8075385       60934         8           2.8771           1.2906    122.93%           1.2906    122.93%\n'
b'     2011        8088006       60530         8           2.8771           1.2940    122.34%           1.2940    122.34%\n'
b'     2016        8099830       60257         8           2.8771           1.2991    121.47%           1.2991    121.47%\n'
b'     2021        8110871       59943         8           2.8771           1.3029    120.83%           1.3029    120.83%\n'
b'     2026        8125066       60007         8           2.8771           1.3053    120.42%           1.3053    120.42%\n'
b'     2031        8135612       59455         8           2.8771           1.3094    119.72%           1.3094    119.72%\n'
b'     2036        8146108       59490         8           2.8771           1.3166    118.53%           1.3166    118.53%\n'
b'     2041        8157729       59396         8           2.8771           1.3185    118.22%           1.3185    118.22%\n'
b'     2046        8170580       59008         8           2.8771           1.3198    117.99%           1.3198    117.99%\n'
b'     2051        8179129       58745         8           2.8771           1.3201    117.94%           1.3201    117.94%\n'
b'     2057        8188705       58309         8           2.8771           1.3227    117.51%           1.3227    117.51%\n'
b'     2062        8197915       57916         8           2.8771           1.3253    117.08%           1.3253    117.08%\n'
b'     2067        8207814       57757         8           2.8771           1.3277    116.70%           1.3277    116.70%\n'
b'     2072        8220920       57451         8           2.8771           1.3312    116.13%           1.3312    116.13%\n'
b'     2077        8233888       57216         8           2.8771           1.3331    115.82%           1.3331    115.82%\n'
b'     2082        8244708       57291         8           2.8771           1.3358    115.38%           1.3358    115.38%\n'
b'     2087        8259454       56846         8           2.8771           1.3399    114.72%           1.3399    114.72%\n'
b'     2092        8275292       56159         8           2.8771           1.3437    114.12%           1.3437    114.12%\n'
b'     2097        8286637       56050         8           2.8771           1.3469    113.61%           1.3469    113.61%\n'
b'     2102        8298699       55533         8           2.8771           1.3483    113.38%           1.3483    113.38%\n'
b'     2107        8306949       55007         8           2.8771           1.3483    113.38%           1.3483    113.38%\n'
b'     2112        8315788       54926         8           2.8771           1.3483    113.38%           1.3483    113.38%\n'
b'     2117        8329439       54238         8           2.8771           1.3490    113.27%           1.3515    112.88%\n'
b'     2122        8337826       53654         8           2.8771           1.3548    112.37%           1.3548    112.37%\n'
b'     2127        8350079       53412         8           2.8771           1.3560    112.17%           1.3560    112.17%\n'
b'     2132        8359960       52735         8           2.8771           1.3574    111.96%           1.3574    111.96%\n'
b'     2137        8367999       52262         8           2.8771           1.3589    111.72%           1.3589    111.72%\n'
b'     2142        8376270       52020         8           2.8771           1.3596    111.61%           1.3596    111.61%\n'
b'     2147        8385751       51437         8           2.8771           1.3607    111.43%           1.3607    111.43%\n'
b'     2152        8395035       50959         8           2.8771           1.3633    111.04%           1.3633    111.04%\n'
b'     2157        8403883       50656         8           2.8771           1.3643    110.88%           1.3643    110.88%\n'
b'     2162        8415638       50696         8           2.8771           1.3667    110.51%           1.3667    110.51%\n'
b'     2167        8429846       50259         8           2.8771           1.3697    110.05%           1.3697    110.05%\n'
b'     2172        8443971       49534         8           2.8771           1.3753    109.19%           1.3753    109.19%\n'
b'     2177        8456890       49186         8           2.8771           1.3783    108.74%           1.3783    108.74%\n'
b'     2182        8468722       48583         8           2.8771           1.3823    108.14%           1.3823    108.14%\n'
b'     2188        8478888       48301         8           2.8771           1.3866    107.50%           1.3866    107.50%\n'
b'     2193        8491193       47568         8           2.8771           1.3895    107.05%           1.3895    107.05%\n'
b'     2198        8501146       47192         8           2.8771           1.3909    106.86%           1.3909    106.86%\n'
b'     2203        8510968       46748         8           2.8771           1.3977    105.84%           1.3977    105.84%\n'
b'     2208        8523337       46519         8           2.8771           1.3977    105.84%           1.3977    105.84%\n'
b'     2213        8530094       46135         8           2.8771           1.3979    105.81%           1.3979    105.81%\n'
b'     2218        8540351       46059         8           2.8771           1.3979    105.81%           1.3979    105.81%\n'
b'     2223        8551836       46015         8           2.8771           1.3979    105.81%           1.3979    105.81%\n'
b'     2228        8565796       45893         8           2.8771           1.4006    105.42%           1.4006    105.42%\n'
b'     2233        8584234       45634         8           2.8771           1.4059    104.64%           1.4059    104.64%\n'
b'     2238        8602494       45263         8           2.8771           1.4083    104.29%           1.4083    104.29%\n'
b'     2243        8618440       44653         8           2.8771           1.4090    104.19%           1.4090    104.19%\n'
b'     2248        8635706       44316         8           2.8771           1.4119    103.77%           1.4119    103.77%\n'
b'     2253        8651443       43326         8           2.8771           1.4119    103.77%           1.4119    103.77%\n'
b'     2258        8665140       42550         8           2.8771           1.4152    103.30%           1.4152    103.30%\n'
b'     2263        8683577       41265         8           2.8771           1.4152    103.30%           1.4152    103.30%\n'
b'     2268        8696420       40729         8           2.8771           1.4152    103.30%           1.4152    103.30%\n'
b'     2273        8712549       41764         8           2.8771           1.4152    103.30%           1.4152    103.30%\n'
b'     2278        8731383       41549         8           2.8771           1.4153    103.28%           1.4153    103.28%\n'
b'     2283        8748983       41700         8           2.8771           1.4182    102.86%           1.4182    102.86%\n'
b'     2288        8769182       41089         8           2.8771           1.4210    102.47%           1.4210    102.47%\n'
b'     2293        8788039       40050         8           2.8771           1.4231    102.17%           1.4231    102.17%\n'
b'     2298        8806857       38804         8           2.8771           1.4235    102.11%           1.4235    102.11%\n'
b'     2303        8826396       37138         8           2.8771           1.4259    101.77%           1.4259    101.77%\n'
b'     2308        8839164       36522         8           2.8771           1.4296    101.25%           1.4296    101.25%\n'
b'     2313        8849690       35577         8           2.8771           1.4319    100.92%           1.4319    100.92%\n'
b'     2318        8858556       35461         8           2.8771           1.4368    100.24%           1.4368    100.24%\n'
b'     2323        8866221       35355         8           2.8771           1.4403     99.75%           1.4403     99.75%\n'
b'     2329        8875292       35234         8           2.8771           1.4443     99.20%           1.4443     99.20%\n'
b'     2334        8883288       34980         8           2.8771           1.4474     98.78%           1.4474     98.78%\n'
b'     2339        8893566       34843         8           2.8771           1.4521     98.13%           1.4521     98.13%\n'
b'     2344        8904136       34907         8           2.8771           1.4521     98.13%           1.4521     98.13%\n'
b'     2349        8912127       34700         8           2.8771           1.4521     98.13%           1.4521     98.13%\n'
b'     2354        8921027       34439         8           2.8771           1.4521     98.13%           1.4521     98.13%\n'
b'     2359        8927598       34271         8           2.8771           1.4532     97.98%           1.4532     97.98%\n'
b'     2364        8940552       34931         8           2.8771           1.4535     97.94%           1.4535     97.94%\n'
b'     2369        8955436       34992         8           2.8771           1.4559     97.61%           1.4559     97.61%\n'
b'     2374        8970096       35056         8           2.8771           1.4570     97.46%           1.4570     97.46%\n'
b'     2379        8987665       35378         8           2.8771           1.4570     97.46%           1.4570     97.46%\n'
b'     2384        9011911       34933         8           2.8771           1.4570     97.46%           1.4570     97.46%\n'
b'     2389        9027112       33961         8           2.8771           1.4570     97.46%           1.4570     97.46%\n'
b'     2394        9033889       33842         8           2.8771           1.4570     97.46%           1.4570     97.46%\n'
b'     2399        9045088       33850         8           2.8771           1.4570     97.46%           1.4570     97.46%\n'
b'     2404        9055819       33245         8           2.8771           1.4583     97.29%           1.4583     97.29%\n'
b'     2409        9065607       33187         8           2.8771           1.4609     96.94%           1.4609     96.94%\n'
b'     2414        9079800       33485         8           2.8771           1.4613     96.88%           1.4613     96.88%\n'
b'     2419        9089996       32655         8           2.8771           1.4626     96.71%           1.4626     96.71%\n'
b'     2424        9096542       32348         8           2.8771           1.4675     96.05%           1.4675     96.05%\n'
b'     2429        9104208       32149         8           2.8771           1.4693     95.81%           1.4693     95.81%\n'
b'     2434        9111408       31869         8           2.8771           1.4715     95.53%           1.4715     95.53%\n'
b'     2439        9118692       31807         8           2.8771           1.4718     95.49%           1.4718     95.49%\n'
b'     2444        9128140       31779         8           2.8771           1.4743     95.15%           1.4743     95.15%\n'
b'     2449        9139427       31774         8           2.8771           1.4743     95.14%           1.4743     95.14%\n'
b'     2455        9145970       31489         8           2.8771           1.4743     95.14%           1.4743     95.14%\n'
b'     2460        9155864       31266         8           2.8771           1.4752     95.03%           1.4752     95.03%\n'
b'     2465        9168538       31114         8           2.8771           1.4752     95.03%           1.4752     95.03%\n'
b'     2470        9175092       31083         8           2.8771           1.4774     94.74%           1.4774     94.74%\n'
b'     2475        9183087       30610         8           2.8771           1.4799     94.41%           1.4799     94.41%\n'
b'     2480        9190604       30530         8           2.8771           1.4832     93.97%           1.4832     93.97%\n'
b'     2485        9195679       29997         8           2.8771           1.4848     93.77%           1.4848     93.77%\n'
b'     2490        9202833       29747         8           2.8771           1.4869     93.49%           1.4869     93.49%\n'
b'     2495        9212789       29499         8           2.8771           1.4901     93.08%           1.4901     93.08%\n'
b'     2500        9220741       29347         8           2.8771           1.4929     92.72%           1.4929     92.72%\n'
b'     2505        9230122       29155         8           2.8771           1.4963     92.27%           1.4963     92.27%\n'
b'     2510        9235524       28788         8           2.8771           1.5005     91.74%           1.5006     91.73%\n'
b'     2515        9244875       28854         8           2.8771           1.5039     91.30%           1.5039     91.30%\n'
b'     2520        9252903       28370         8           2.8771           1.5040     91.29%           1.5040     91.29%\n'
b'     2525        9263250       27979         8           2.8771           1.5110     90.41%           1.5110     90.41%\n'
b'     2530        9269449       27726         8           2.8771           1.5112     90.38%           1.5112     90.38%\n'
b'     2535        9275560       27391         8           2.8771           1.5123     90.24%           1.5123     90.24%\n'
b'     2540        9282899       27176         8           2.8771           1.5151     89.90%           1.5151     89.90%\n'
b'     2546        9290658       26848         8           2.8771           1.5162     89.76%           1.5162     89.76%\n'
b'     2551        9299353       26471         8           2.8771           1.5168     89.68%           1.5168     89.68%\n'
b'     2556        9306076       26342         8           2.8771           1.5202     89.25%           1.5202     89.25%\n'
b'     2561        9315632       25950         8           2.8771           1.5208     89.18%           1.5208     89.18%\n'
b'     2566        9319830       25463         8           2.8771           1.5217     89.06%           1.5217     89.06%\n'
b'     2571        9327767       25233         8           2.8771           1.5224     88.99%           1.5224     88.99%\n'
b'     2576        9335277       24983         8           2.8771           1.5228     88.93%           1.5228     88.93%\n'
b'     2581        9343685       24809         8           2.8771           1.5252     88.63%           1.5252     88.63%\n'
b'     2586        9350038       24746         8           2.8771           1.5267     88.46%           1.5267     88.46%\n'
b'     2591        9359579       24277         8           2.8771           1.5279     88.30%           1.5279     88.30%\n'
b'     2596        9365678       23818         8           2.8771           1.5290     88.17%           1.5290     88.17%\n'
b'     2601        9371920       24007         8           2.8771           1.5303     88.00%           1.5303     88.00%\n'
b'     2606        9381399       23462         8           2.8771           1.5334     87.63%           1.5334     87.63%\n'
b'     2611        9390065       23295         8           2.8771           1.5374     87.14%           1.5374     87.14%\n'
b'     2616        9397452       22999         8           2.8771           1.5411     86.69%           1.5411     86.69%\n'
b'     2621        9404961       22501         8           2.8771           1.5427     86.50%           1.5427     86.50%\n'
b'     2626        9413747       22253         8           2.8771           1.5485     85.80%           1.5485     85.80%\n'
b'     2631        9419551       21974         8           2.8771           1.5541     85.13%           1.5541     85.13%\n'
b'     2636        9426451       21742         8           2.8771           1.5584     84.61%           1.5584     84.61%\n'
b'     2641        9434392       21447         8           2.8771           1.5663     83.69%           1.5663     83.69%\n'
b'     2647        9445811       21545         8           2.8771           1.5706     83.18%           1.5706     83.18%\n'
b'     2652        9461509       21473         8           2.8771           1.5735     82.85%           1.5735     82.85%\n'
b'     2657        9479362       21428         8           2.8771           1.5772     82.42%           1.5772     82.42%\n'
b'     2662        9491669       21264         8           2.8771           1.5772     82.41%           1.5772     82.41%\n'
b'     2667        9500222       20793         8           2.8771           1.5820     81.87%           1.5820     81.87%\n'
b'     2672        9509335       20587         8           2.8771           1.5850     81.51%           1.5850     81.51%\n'
b'     2677        9514972       20263         8           2.8771           1.5888     81.08%           1.5888     81.08%\n'
b'     2682        9521582       20181         8           2.8771           1.5906     80.88%           1.5906     80.88%\n'
b'     2687        9531174       20902         8           2.8771           1.5906     80.88%           1.5906     80.88%\n'
b'     2692        9548276       21027         8           2.8771           1.5906     80.88%           1.5906     80.88%\n'
b'     2697        9562979       20745         8           2.8771           1.5937     80.53%           1.5937     80.53%\n'
b'     2702        9576898       20019         8           2.8771           1.5987     79.97%           1.5987     79.97%\n'
b'     2707        9585021       19754         8           2.8771           1.6038     79.39%           1.6038     79.39%\n'
b'     2712        9594656       19182         8           2.8771           1.6090     78.81%           1.6090     78.81%\n'
b'     2717        9605178       19167         8           2.8771           1.6145     78.20%           1.6150     78.15%\n'
b'     2722        9613258       18898         8           2.8771           1.6205     77.54%           1.6205     77.54%\n'
b'     2727        9625857       18580         8           2.8771           1.6273     76.80%           1.6273     76.80%\n'
b'     2732        9631844       18277         8           2.8771           1.6325     76.23%           1.6325     76.23%\n'
b'     2738        9642445       18188         8           2.8771           1.6355     75.92%           1.6355     75.92%\n'
b'     2743        9651005       17717         8           2.8771           1.6400     75.43%           1.6400     75.43%\n'
b'     2748        9656530       17351         8           2.8771           1.6432     75.09%           1.6432     75.09%\n'
b'     2753        9660775       17021         8           2.8771           1.6480     74.58%           1.6480     74.58%\n'
b'     2758        9668936       16677         8           2.8771           1.6497     74.40%           1.6497     74.40%\n'
b'     2763        9675094       16508         8           2.8771           1.6497     74.40%           1.6497     74.40%\n'
b'     2768        9681926       16176         8           2.8771           1.6553     73.81%           1.6553     73.81%\n'
b'     2773        9689516       16114         8           2.8771           1.6596     73.36%           1.6596     73.36%\n'
b'     2778        9696722       15526         8           2.8771           1.6615     73.16%           1.6615     73.16%\n'
b'     2783        9701758       15187         8           2.8771           1.6668     72.61%           1.6668     72.61%\n'
b'     2788        9708053       14709         8           2.8771           1.6788     71.38%           1.6788     71.38%\n'
b'     2793        9716089       14395         8           2.8771           1.6874     70.50%           1.6874     70.50%\n'
b'     2798        9720894       14122         8           2.8771           1.6946     69.78%           1.6946     69.78%\n'
b'     2803        9727025       13721         8           2.8771           1.7035     68.89%           1.7035     68.89%\n'
b'     2808        9734389       13192         8           2.8771           1.7128     67.97%           1.7128     67.97%\n'
b'     2813        9742204       12733         8           2.8771           1.7192     67.35%           1.7192     67.35%\n'
b'     2818        9749053       12260         8           2.8771           1.7281     66.49%           1.7281     66.49%\n'
b'     2823        9754556       11785         8           2.8771           1.7399     65.36%           1.7399     65.36%\n'
b'     2828        9760161       11332         8           2.8771           1.7471     64.68%           1.7471     64.68%\n'
b'     2833        9764772       10847         8           2.8771           1.7569     63.76%           1.7569     63.76%\n'
b'     2838        9771153       10632         8           2.8771           1.7634     63.16%           1.7634     63.16%\n'
b'     2843        9783690       10169         8           2.8771           1.7719     62.38%           1.7719     62.38%\n'
b'     2848        9794629        9566         8           2.8771           1.7744     62.14%           1.7744     62.14%\n'
b'     2853        9801511        9207         8           2.8771           1.7827     61.39%           1.7838     61.29%\n'
b'     2858        9812602        8683         8           2.8771           1.7973     60.08%           1.7973     60.08%\n'
b'     2863        9819332        8053         8           2.8771           1.8013     59.72%           1.8013     59.72%\n'
b'     2868        9825022        7579         8           2.8771           1.8141     58.60%           1.8141     58.60%\n'
b'     2873        9831829        7131         8           2.8771           1.8245     57.69%           1.8245     57.69%\n'
b'     2878        9838268        6691         8           2.8771           1.8322     57.03%           1.8322     57.03%\n'
b'     2883        9842607        6279         8           2.8771           1.8443     56.00%           1.8445     55.98%\n'
b'     2888        9849171        5779         8           2.8771           1.8629     54.44%           1.8629     54.44%\n'
b'     2893        9857886        5296         8           2.8771           1.8826     52.83%           1.8826     52.83%\n'
b'     2898        9864813        4824         8           2.8771           1.8989     51.51%           1.8989     51.51%\n'
b'     2903        9870932        4148         8           2.8771           1.9205     49.81%           1.9205     49.81%\n'
b'     2909        9876825        3597         8           2.8771           1.9368     48.55%           1.9368     48.55%\n'
b'     2914        9883206        2945         8           2.8771           1.9517     47.41%           1.9517     47.41%\n'
b'     2919        9889257        2368         8           2.8771           1.9865     44.83%           1.9865     44.83%\n'
b'     2924        9895443        1688         8           2.8771           2.0187     42.52%           2.0187     42.52%\n'
b'     2929        9905370         938         8           2.8771           2.0782     38.44%           2.0782     38.44%\n'
b'     2934        9912338          38         8           2.8771           2.7953      2.93%           2.7953      2.93%\n'
b'     2934        9913649           0         0           2.8771           2.8771      0.00%\n'
b'SCIP Status        : problem is solved\n'
b'Total Time         : 2934.30\n'
b'  solving          : 2934.30\n'
b'  presolving       : 0.26 (included in solving)\n'
b'B&B Tree           :\n'
b'  nodes (total)    : 9913649\n'
b'Solution           :\n'
b'  Solutions found  : 4\n'
b'  Primal Bound     : +2.87707291224498e+00\n'
b'  Dual Bound       : +2.87707291224498e+00\n'
b'Gap                : 0.00000 %\n'
