b'The following solver is parallelized by UG version 0.9.1 [GitHash: ]\n'
b'SCIP version 7.0.2 [precision: 8 byte] [memory: block] [mode: optimized] [LP solver: SoPlex 5.0.2] [GitHash: e9d280a398]\n'
b'Copyright (C) 2002-2020 Konrad-Zuse-Zentrum fuer Informationstechnik Berlin (ZIB)\n'
b'External codes: \n'
b'  Readline 7.0         GNU library for command line editing (gnu.org/s/readline)\n'
b'  SoPlex 5.0.2         Linear Programming Solver developed at Zuse Institute Berlin (soplex.zib.de) [GitHash: e24c304e]\n'
b'  CppAD 20180000.0     Algorithmic Differentiation of C++ algorithms developed by B. Bell (www.coin-or.org/CppAD)\n'
b'  ZLIB 1.2.11          General purpose compression library by J. Gailly and M. Adler (zlib.net)\n'
b'  GMP 6.1.2            GNU Multiple Precision Arithmetic Library developed by T. Granlund (gmplib.org)\n'
b'  ZIMPL 3.4.0          Zuse Institute Mathematical Programming Language developed by T. Koch (zimpl.zib.de)\n'
b'Default LC presolving (default).\n'
b'Original Problem   :\n'
b'  Problem name     : 012\n'
b'  Variables        : 4863 (800 binary, 0 integer, 0 implicit integer, 4063 continuous)\n'
b'  Constraints      : 13365\n'
b'  Objective sense  : minimize\n'
b'Presolved Problem  :\n'
b'  Variables        : 1185 (222 binary, 0 integer, 0 implicit integer, 963 continuous)\n'
b'  Constraints      : 1305\n'
b'Constraints        : Number\n'
b'  varbound         : 801 \n'
b'  knapsack         : 5 \n'
b'  setppc           : 53 \n'
b'  linear           : 446 \n'
b'** Instance transfer method used: 0\n'
b'** ParaScipInstance copy does not increase the number of variables. **\n'
b'LC is working with racing ramp-up and with rebuilding tree after racing.\n'
b'                               Nodes    Active                                            \n'
b'     Time          Nodes        Left   Solvers     Best Integer        Best Node       Gap     Best Node(S)    Gap(S)\n'
b'*       0              0           1         8           4.3306                -         -\n'
b'*       0              0           1         8           3.4794                -         -\n'
b'*       5             22          21         8           2.8487           0.1702         -\n'
b'        5             22          21         8           2.8487           0.1702         -\n'
b'*       9              2           1         8           2.8327           0.2375         -\n'
b'*      10             22          17         8           2.7465           0.2400         -\n'
b'       10             26          21         8           2.7465           0.2400         -\n'
b'       16            285         274         8           2.7465           0.4159         -\n'
b'Racing ramp-up finished after 16.0900 seconds. Selected strategy 7.\n'
b'       21           3159        1697         8           2.7465           0.4159         -           0.4159         -\n'
b'       26          13990        5681         8           2.7465           0.4159         -           0.4159         -\n'
b'       31          39162        7986         8           2.7465           0.4331         -           0.4331         -\n'
b'       36          60397       11634         8           2.7465           0.4636    492.39%           0.5323    415.94%\n'
b'       41          82035       14556         8           2.7465           0.4636    492.39%           0.4636    492.39%\n'
b'       46         104667       17146         8           2.7465           0.4636    492.39%           0.5905    365.15%\n'
b'       51         129634       19805         8           2.7465           0.4636    492.39%           0.6027    355.72%\n'
b'       56         156751       22104         8           2.7465           0.4636    492.39%           0.6220    341.60%\n'
b'       61         179033       24739         8           2.7465           0.4636    492.39%           0.4636    492.39%\n'
b'       66         199795       26857         8           2.7465           0.4826    469.15%           0.6457    325.34%\n'
b'       71         224047       28568         8           2.7465           0.4826    469.15%           0.6496    322.80%\n'
b'       76         251214       30072         8           2.7465           0.4826    469.15%           0.4826    469.15%\n'
b'       81         275290       31656         8           2.7465           0.4826    469.15%           0.4826    469.15%\n'
b'       86         295329       34218         8           2.7465           0.4885    462.20%           0.4885    462.20%\n'
b'       92         318510       37008         8           2.7465           0.4885    462.20%           0.4885    462.20%\n'
b'       97         343853       39262         8           2.7465           0.4887    462.05%           0.4887    462.05%\n'
b'      102         370357       41754         8           2.7465           0.4887    462.05%           0.6496    322.80%\n'
b'      107         398404       44491         8           2.7465           0.4887    462.05%           0.6496    322.80%\n'
b'      112         428101       46786         8           2.7465           0.4887    462.05%           0.6496    322.80%\n'
b'      117         459422       48123         8           2.7465           0.4887    462.05%           0.6547    319.54%\n'
b'      122         490965       48471         8           2.7465           0.4887    462.05%           0.6554    319.04%\n'
b'      127         521013       48788         8           2.7465           0.4887    462.05%           0.4887    462.05%\n'
b'      132         547762       49524         8           2.7465           0.5242    423.93%           0.5242    423.93%\n'
b'      137         573770       50282         8           2.7465           0.5242    423.93%           0.5242    423.93%\n'
b'      142         597074       51057         8           2.7465           0.5323    415.94%           0.5323    415.94%\n'
b'      147         620022       52966         8           2.7465           0.5323    415.94%           0.6563    318.47%\n'
b'      152         644312       54981         8           2.7465           0.5323    415.94%           0.6563    318.47%\n'
b'      157         669942       57701         8           2.7465           0.5323    415.94%           0.6563    318.47%\n'
b'      162         695296       60138         8           2.7465           0.5323    415.94%           0.6563    318.47%\n'
b'      167         722622       61602         8           2.7465           0.5323    415.94%           0.6563    318.47%\n'
b'      172         749301       63594         8           2.7465           0.5323    415.94%           0.6563    318.47%\n'
b'      177         776084       65708         8           2.7465           0.5323    415.94%           0.6563    318.47%\n'
b'      183         804883       66610         8           2.7465           0.5323    415.94%           0.6563    318.47%\n'
b'      188         833011       67342         8           2.7465           0.5323    415.94%           0.6563    318.47%\n'
b'      193         861829       67860         8           2.7465           0.5323    415.94%           0.6563    318.47%\n'
b'      198         889524       68187         8           2.7465           0.5323    415.94%           0.6563    318.47%\n'
b'      203         919567       68642         8           2.7465           0.5323    415.94%           0.6563    318.47%\n'
b'      208         949552       69107         8           2.7465           0.5323    415.94%           0.6563    318.47%\n'
b'      213         981075       68949         8           2.7465           0.5323    415.94%           0.6563    318.47%\n'
b'      218        1009700       68673         8           2.7465           0.5323    415.94%           0.5323    415.94%\n'
b'      223        1037297       69070         8           2.7465           0.5546    395.20%           0.6563    318.47%\n'
b'      228        1066181       70656         8           2.7465           0.5546    395.20%           0.6563    318.47%\n'
b'      233        1093868       71894         8           2.7465           0.5546    395.20%           0.5546    395.20%\n'
b'      238        1118008       73613         8           2.7465           0.5848    369.62%           0.5848    369.62%\n'
b'      243        1143328       74708         8           2.7465           0.5848    369.62%           0.5848    369.62%\n'
b'      248        1168586       75800         8           2.7465           0.6139    347.42%           0.6139    347.42%\n'
b'      253        1193784       76410         8           2.7465           0.6139    347.42%           0.6139    347.42%\n'
b'      258        1214205       77259         8           2.7465           0.6226    341.16%           0.6226    341.16%\n'
b'      263        1235048       78257         8           2.7465           0.6429    327.24%           0.6429    327.24%\n'
b'      268        1255428       78889         8           2.7465           0.6705    309.60%           0.6705    309.60%\n'
b'      273        1277925       79459         8           2.7465           0.6747    307.08%           0.6747    307.08%\n'
b'      278        1302852       80663         8           2.7465           0.6828    302.24%           0.6828    302.24%\n'
b'      284        1328101       82763         8           2.7465           0.6899    298.09%           0.6899    298.09%\n'
b'      289        1355538       84197         8           2.7465           0.6926    296.53%           0.6926    296.53%\n'
b'      294        1386231       84490         8           2.7465           0.6926    296.53%           0.6926    296.53%\n'
b'      299        1414539       84669         8           2.7465           0.6926    296.53%           0.6926    296.53%\n'
b'      304        1438223       85514         8           2.7465           0.6926    296.53%           0.6926    296.53%\n'
b'      309        1465631       86970         8           2.7465           0.6926    296.53%           0.6926    296.53%\n'
b'      314        1494909       88050         8           2.7465           0.6926    296.53%           0.6926    296.53%\n'
b'      319        1522018       88338         8           2.7465           0.6926    296.53%           0.6926    296.53%\n'
b'      324        1545156       89311         8           2.7465           0.6964    294.41%           0.6964    294.41%\n'
b'      329        1569727       90598         8           2.7465           0.6975    293.77%           0.6975    293.77%\n'
b'      334        1594904       91268         8           2.7465           0.6984    293.26%           0.6984    293.26%\n'
b'      339        1619623       91976         8           2.7465           0.6989    292.96%           0.6989    292.96%\n'
b'      344        1645275       93153         8           2.7465           0.7026    290.89%           0.7026    290.89%\n'
b'      349        1670078       94222         8           2.7465           0.7026    290.89%           0.7026    290.89%\n'
b'      354        1692298       95588         8           2.7465           0.7026    290.89%           0.7026    290.89%\n'
b'      359        1715240       97279         8           2.7465           0.7026    290.89%           0.7026    290.89%\n'
b'      364        1739485       98694         8           2.7465           0.7026    290.89%           0.7026    290.89%\n'
b'      369        1764754       99851         8           2.7465           0.7026    290.89%           0.7026    290.89%\n'
b'      374        1789732      100569         8           2.7465           0.7026    290.89%           0.7026    290.89%\n'
b'      379        1814729      101307         8           2.7465           0.7026    290.89%           0.7026    290.89%\n'
b'      384        1840386      102258         8           2.7465           0.7026    290.89%           0.7026    290.89%\n'
b'      390        1865927      102713         8           2.7465           0.7026    290.89%           0.7026    290.89%\n'
b'      395        1890732      103113         8           2.7465           0.7026    290.89%           0.7026    290.89%\n'
b'      400        1917412      102855         8           2.7465           0.7026    290.89%           0.7026    290.89%\n'
b'      405        1942551      103354         8           2.7465           0.7026    290.89%           0.7026    290.89%\n'
b'      410        1967511      104667         8           2.7465           0.7026    290.89%           0.7026    290.89%\n'
b'      415        1992594      105413         8           2.7465           0.7026    290.89%           0.7026    290.89%\n'
b'      420        2017450      105818         8           2.7465           0.7026    290.89%           0.7026    290.89%\n'
b'      425        2043040      106231         8           2.7465           0.7026    290.89%           0.7026    290.89%\n'
b'      430        2068630      106224         8           2.7465           0.7026    290.89%           0.7026    290.89%\n'
b'      435        2094223      106054         8           2.7465           0.7026    290.89%           0.7026    290.89%\n'
b'      440        2120115      106275         8           2.7465           0.7026    290.89%           0.7026    290.89%\n'
b'      445        2146096      106299         8           2.7465           0.7026    290.89%           0.7026    290.89%\n'
b'      450        2171530      106294         8           2.7465           0.7026    290.89%           0.7026    290.89%\n'
b'      455        2198270      105730         8           2.7465           0.7026    290.89%           0.7026    290.89%\n'
b'      460        2224380      105412         8           2.7465           0.7026    290.89%           0.7026    290.89%\n'
b'      465        2251034      105076         8           2.7465           0.7026    290.89%           0.7026    290.89%\n'
b'      470        2277540      104518         8           2.7465           0.7026    290.89%           0.7026    290.89%\n'
b'      475        2304364      103704         8           2.7465           0.7026    290.89%           0.7026    290.89%\n'
b'      481        2330253      103345         8           2.7465           0.7026    290.89%           0.7026    290.89%\n'
b'      486        2357525      102788         8           2.7465           0.7026    290.89%           0.7026    290.89%\n'
b'      491        2384358      101858         8           2.7465           0.7026    290.89%           0.7026    290.89%\n'
b'      496        2411807      101206         8           2.7465           0.7026    290.89%           0.7026    290.89%\n'
b'      501        2439214       99925         8           2.7465           0.7026    290.89%           0.7026    290.89%\n'
b'      506        2467503       98762         8           2.7465           0.7026    290.89%           0.7026    290.89%\n'
b'      511        2495493       97638         8           2.7465           0.7026    290.89%           0.7026    290.89%\n'
b'      516        2523800       96078         8           2.7465           0.7026    290.89%           0.7026    290.89%\n'
b'      521        2547736       96165         8           2.7465           0.7026    290.89%           0.7026    290.89%\n'
b'      526        2575928       95581         8           2.7465           0.7026    290.89%           0.7026    290.89%\n'
b'      531        2606390       94607         8           2.7465           0.7026    290.89%           0.7026    290.89%\n'
b'      536        2637655       93192         8           2.7465           0.7026    290.89%           0.7026    290.89%\n'
b'      541        2668474       91101         8           2.7465           0.7026    290.89%           0.7026    290.89%\n'
b'      546        2699027       89697         8           2.7465           0.7026    290.89%           0.7026    290.89%\n'
b'      551        2724575       88800         8           2.7465           0.7026    290.89%           0.7026    290.89%\n'
b'      556        2748335       88944         8           2.7465           0.7026    290.89%           0.7026    290.89%\n'
b'      561        2772334       90462         8           2.7465           0.7026    290.89%           0.7026    290.89%\n'
b'      566        2797570       91207         8           2.7465           0.7026    290.89%           0.7026    290.89%\n'
b'      571        2822811       91989         8           2.7465           0.7026    290.89%           0.7026    290.89%\n'
b'      576        2847780       92291         8           2.7465           0.7026    290.89%           0.7026    290.89%\n'
b'      582        2874381       92304         8           2.7465           0.7026    290.89%           0.7026    290.89%\n'
b'      587        2901601       92141         8           2.7465           0.7026    290.89%           0.7026    290.89%\n'
b'      592        2928498       92416         8           2.7465           0.7026    290.89%           0.7026    290.89%\n'
b'      597        2955564       92284         8           2.7465           0.7026    290.89%           0.7026    290.89%\n'
b'      602        2983414       91941         8           2.7465           0.7026    290.89%           0.7026    290.89%\n'
b'      607        3010930       91687         8           2.7465           0.7026    290.89%           0.7026    290.89%\n'
b'      612        3037553       91274         8           2.7465           0.7026    290.89%           0.7026    290.89%\n'
b'      617        3062223       92155         8           2.7465           0.7026    290.89%           0.7026    290.89%\n'
b'      622        3089179       92031         8           2.7465           0.7026    290.89%           0.7026    290.89%\n'
b'      627        3114682       92837         8           2.7465           0.7026    290.89%           0.7026    290.89%\n'
b'      632        3142267       92591         8           2.7465           0.7026    290.89%           0.7026    290.89%\n'
b'      637        3168216       91997         8           2.7465           0.7026    290.89%           0.7026    290.89%\n'
b'      642        3195527       90788         8           2.7465           0.7026    290.89%           0.7026    290.89%\n'
b'      647        3219753       90605         8           2.7465           0.7026    290.89%           0.7026    290.89%\n'
b'      652        3246121       90574         8           2.7465           0.7026    290.89%           0.7026    290.89%\n'
b'      657        3269817       91715         8           2.7465           0.7026    290.89%           0.7026    290.89%\n'
b'      662        3294273       92637         8           2.7465           0.7026    290.89%           0.7026    290.89%\n'
b'      667        3320237       92189         8           2.7465           0.7026    290.89%           0.7026    290.89%\n'
b'      672        3344242       92778         8           2.7465           0.7026    290.89%           0.7026    290.89%\n'
b'      677        3369015       93239         8           2.7465           0.7026    290.89%           0.7026    290.89%\n'
b'      683        3394099       93652         8           2.7465           0.7026    290.89%           0.7026    290.89%\n'
b'      688        3420338       93976         8           2.7465           0.7026    290.89%           0.7026    290.89%\n'
b'      693        3446726       94023         8           2.7465           0.7026    290.89%           0.7026    290.89%\n'
b'      698        3473543       93877         8           2.7465           0.7026    290.89%           0.7026    290.89%\n'
b'      703        3500690       93357         8           2.7465           0.7026    290.89%           0.7026    290.89%\n'
b'      708        3527676       92905         8           2.7465           0.7026    290.89%           0.7026    290.89%\n'
b'      713        3554495       92358         8           2.7465           0.7026    290.89%           0.7026    290.89%\n'
b'      718        3581371       91499         8           2.7465           0.7026    290.89%           0.7026    290.89%\n'
b'      723        3609488       90039         8           2.7465           0.7026    290.89%           0.7026    290.89%\n'
b'      728        3638906       88540         8           2.7465           0.7026    290.89%           0.7026    290.89%\n'
b'      733        3667679       87202         8           2.7465           0.7026    290.89%           0.7026    290.89%\n'
b'      738        3694201       86250         8           2.7465           0.7026    290.89%           0.7026    290.89%\n'
b'      743        3717140       87839         8           2.7465           0.7026    290.89%           0.7026    290.89%\n'
b'      748        3740397       89522         8           2.7465           0.7026    290.89%           0.7026    290.89%\n'
b'      753        3763820       90360         8           2.7465           0.7026    290.89%           0.7026    290.89%\n'
b'      758        3786407       91350         8           2.7465           0.7026    290.89%           0.7026    290.89%\n'
b'      763        3812548       91197         8           2.7465           0.7026    290.89%           0.7026    290.89%\n'
b'      768        3837647       92063         8           2.7465           0.7026    290.89%           0.7026    290.89%\n'
b'      774        3861593       93293         8           2.7465           0.7026    290.89%           0.7026    290.89%\n'
b'      779        3883360       94681         8           2.7465           0.7026    290.89%           0.7026    290.89%\n'
b'      784        3908482       96815         8           2.7465           0.7026    290.89%           0.7026    290.89%\n'
b'      789        3933962       97868         8           2.7465           0.7026    290.89%           0.7026    290.89%\n'
b'      794        3961460       98345         8           2.7465           0.7026    290.89%           0.7026    290.89%\n'
b'      799        3987106       98109         8           2.7465           0.7026    290.89%           0.7026    290.89%\n'
b'      804        4012804       98993         8           2.7465           0.7026    290.89%           0.7026    290.89%\n'
b'      809        4040498       99305         8           2.7465           0.7026    290.89%           0.7026    290.89%\n'
b'      814        4068640       98844         8           2.7465           0.7026    290.89%           0.7026    290.89%\n'
b'      819        4094987       97918         8           2.7465           0.7026    290.89%           0.7026    290.89%\n'
b'      824        4117414       98646         8           2.7465           0.7026    290.89%           0.7026    290.89%\n'
b'      829        4143230       98527         8           2.7465           0.7026    290.89%           0.7026    290.89%\n'
b'      834        4167630       98908         8           2.7465           0.7026    290.89%           0.7026    290.89%\n'
b'      839        4194804       98652         8           2.7465           0.7026    290.89%           0.7026    290.89%\n'
b'      844        4222220       97707         8           2.7465           0.7026    290.89%           0.7026    290.89%\n'
b'      849        4248996       97622         8           2.7465           0.7026    290.89%           0.7026    290.89%\n'
b'      854        4280074       96669         8           2.7465           0.7026    290.89%           0.7026    290.89%\n'
b'      859        4304375       97321         8           2.7465           0.7026    290.89%           0.7026    290.89%\n'
b'      864        4332547       96566         8           2.7465           0.7026    290.89%           0.7026    290.89%\n'
b'      870        4357951       95865         8           2.7465           0.7026    290.89%           0.7026    290.89%\n'
b'      875        4383640       95585         8           2.7465           0.7026    290.89%           0.7026    290.89%\n'
b'      880        4407775       96497         8           2.7465           0.7026    290.89%           0.7026    290.89%\n'
b'      885        4432644       97725         8           2.7465           0.7026    290.89%           0.7026    290.89%\n'
b'      890        4458703       98650         8           2.7465           0.7026    290.89%           0.7026    290.89%\n'
b'      895        4486384       99910         8           2.7465           0.7026    290.89%           0.7026    290.89%\n'
b'      900        4516704      100418         8           2.7465           0.7026    290.89%           0.7026    290.89%\n'
b'      905        4547294      100503         8           2.7465           0.7026    290.89%           0.7026    290.89%\n'
b'      910        4578473       99899         8           2.7465           0.7026    290.89%           0.7026    290.89%\n'
b'      915        4612403       97772         8           2.7465           0.7026    290.89%           0.7026    290.89%\n'
b'      920        4639172       96960         8           2.7465           0.7026    290.89%           0.7026    290.89%\n'
b'      925        4662783       96990         8           2.7465           0.7026    290.89%           0.7026    290.89%\n'
b'      930        4689502       97038         8           2.7465           0.7026    290.89%           0.7026    290.89%\n'
b'      935        4717741       96348         8           2.7465           0.7026    290.89%           0.7026    290.89%\n'
b'      940        4747714       95155         8           2.7465           0.7026    290.89%           0.7026    290.89%\n'
b'      945        4778876       93696         8           2.7465           0.7026    290.89%           0.7026    290.89%\n'
b'      950        4807158       92632         8           2.7465           0.7026    290.89%           0.7026    290.89%\n'
b'      955        4835218       91089         8           2.7465           0.7026    290.89%           0.7026    290.89%\n'
b'      960        4862033       89644         8           2.7465           0.7026    290.89%           0.7026    290.89%\n'
b'      965        4889639       88426         8           2.7465           0.7026    290.89%           0.7026    290.89%\n'
b'      971        4910260       89695         8           2.7465           0.7026    290.89%           0.7026    290.89%\n'
b'      976        4934931       90385         8           2.7465           0.7026    290.89%           0.7026    290.89%\n'
b'      981        4960326       90169         8           2.7465           0.7026    290.89%           0.7026    290.89%\n'
b'      986        4986672       89584         8           2.7465           0.7026    290.89%           0.7026    290.89%\n'
b'      991        5008803       88891         8           2.7465           0.7026    290.89%           0.7026    290.89%\n'
b'      996        5032365       88119         8           2.7465           0.7026    290.89%           0.7026    290.89%\n'
b'     1001        5054927       88252         8           2.7465           0.7026    290.89%           0.7026    290.89%\n'
b'     1006        5075804       89874         8           2.7465           0.7026    290.89%           0.7026    290.89%\n'
b'     1011        5099674       91368         8           2.7465           0.7026    290.89%           0.7026    290.89%\n'
b'     1016        5125158       91713         8           2.7465           0.7026    290.89%           0.7026    290.89%\n'
b'     1021        5152277       91842         8           2.7465           0.7026    290.89%           0.7026    290.89%\n'
b'     1026        5179137       92082         8           2.7465           0.7026    290.89%           0.7026    290.89%\n'
b'     1031        5204184       91757         8           2.7465           0.7026    290.89%           0.7026    290.89%\n'
b'     1036        5230429       92662         8           2.7465           0.7026    290.89%           0.7026    290.89%\n'
b'     1041        5256572       93705         8           2.7465           0.7026    290.89%           0.7026    290.89%\n'
b'     1046        5280995       95644         8           2.7465           0.7026    290.89%           0.7026    290.89%\n'
b'     1051        5306661       97032         8           2.7465           0.7026    290.89%           0.7026    290.89%\n'
b'     1056        5332629       97769         8           2.7465           0.7026    290.89%           0.7026    290.89%\n'
b'     1061        5360461       98135         8           2.7465           0.7026    290.89%           0.7026    290.89%\n'
b'     1066        5388416       98208         8           2.7465           0.7026    290.89%           0.7026    290.89%\n'
b'     1071        5411758       99611         8           2.7465           0.7026    290.89%           0.7026    290.89%\n'
b'     1077        5437593      100610         8           2.7465           0.7056    289.25%           0.7056    289.25%\n'
b'     1082        5462184      101907         8           2.7465           0.7066    288.72%           0.7066    288.72%\n'
b'     1087        5489526      102377         8           2.7465           0.7066    288.72%           0.7066    288.72%\n'
b'     1092        5516785      102145         8           2.7465           0.7066    288.72%           0.7066    288.72%\n'
b'     1097        5537718      102396         8           2.7465           0.7066    288.72%           0.7066    288.72%\n'
b'     1102        5559527      103850         8           2.7465           0.7074    288.26%           0.7074    288.26%\n'
b'     1107        5585261      104436         8           2.7465           0.7097    286.98%           0.7097    286.98%\n'
b'     1112        5610758      105056         8           2.7465           0.7097    286.98%           0.7097    286.98%\n'
b'     1117        5638803      104971         8           2.7465           0.7102    286.74%           0.7102    286.74%\n'
b'     1122        5665703      104541         8           2.7465           0.7102    286.74%           0.7102    286.74%\n'
b'     1127        5690342      104934         8           2.7465           0.7131    285.16%           0.7131    285.16%\n'
b'     1132        5713577      104993         8           2.7465           0.7131    285.16%           0.7131    285.16%\n'
b'     1137        5738013      105204         8           2.7465           0.7140    284.66%           0.7140    284.66%\n'
b'     1142        5761272      105000         8           2.7465           0.7140    284.66%           0.7140    284.66%\n'
b'     1147        5786263      104770         8           2.7465           0.7140    284.66%           0.7140    284.66%\n'
b'     1152        5812357      103761         8           2.7465           0.7140    284.66%           0.7140    284.66%\n'
b'     1157        5833727      104006         8           2.7465           0.7140    284.66%           0.7140    284.66%\n'
b'     1162        5857958      105136         8           2.7465           0.7140    284.66%           0.7140    284.66%\n'
b'     1167        5882776      105897         8           2.7465           0.7140    284.66%           0.7140    284.66%\n'
b'     1172        5908871      105751         8           2.7465           0.7140    284.66%           0.7140    284.66%\n'
b'     1177        5935794      105085         8           2.7465           0.7140    284.66%           0.7140    284.66%\n'
b'     1183        5964413      103689         8           2.7465           0.7140    284.66%           0.7140    284.66%\n'
b'     1188        5993937      101839         8           2.7465           0.7140    284.66%           0.7140    284.66%\n'
b'     1193        6016265      101474         8           2.7465           0.7140    284.66%           0.7140    284.66%\n'
b'     1198        6036961      102315         8           2.7465           0.7140    284.66%           0.7140    284.66%\n'
b'     1203        6060321      102884         8           2.7465           0.7140    284.66%           0.7140    284.66%\n'
b'     1208        6083003      102976         8           2.7465           0.7140    284.66%           0.7140    284.66%\n'
b'     1213        6106884      103906         8           2.7465           0.7140    284.66%           0.7140    284.66%\n'
b'     1218        6132646      104426         8           2.7465           0.7140    284.66%           0.7140    284.66%\n'
b'     1223        6156702      105233         8           2.7465           0.7190    282.00%           0.7190    282.00%\n'
b'     1228        6181451      105466         8           2.7465           0.7213    280.78%           0.7213    280.78%\n'
b'     1233        6204268      106109         8           2.7465           0.7228    279.97%           0.7228    279.97%\n'
b'     1238        6229860      106348         8           2.7465           0.7242    279.26%           0.7242    279.26%\n'
b'     1243        6252807      107156         8           2.7465           0.7267    277.94%           0.7267    277.94%\n'
b'     1248        6273679      108114         8           2.7465           0.7279    277.30%           0.7279    277.30%\n'
b'     1253        6295637      108668         8           2.7465           0.7279    277.30%           0.7279    277.30%\n'
b'     1258        6318495      109615         8           2.7465           0.7295    276.48%           0.7295    276.48%\n'
b'     1263        6341607      110567         8           2.7465           0.7316    275.40%           0.7316    275.40%\n'
b'     1269        6365386      111553         8           2.7465           0.7329    274.73%           0.7329    274.73%\n'
b'     1274        6390444      112535         8           2.7465           0.7338    274.30%           0.7338    274.30%\n'
b'     1279        6414629      113646         8           2.7465           0.7350    273.67%           0.7350    273.67%\n'
b'     1284        6439580      113427         8           2.7465           0.7350    273.67%           0.7350    273.67%\n'
b'     1289        6462332      114048         8           2.7465           0.7350    273.67%           0.7350    273.67%\n'
b'     1294        6484215      114443         8           2.7465           0.7353    273.53%           0.7353    273.53%\n'
b'     1299        6506340      114801         8           2.7465           0.7353    273.53%           0.7353    273.53%\n'
b'     1304        6525933      114798         8           2.7465           0.7353    273.53%           0.7353    273.53%\n'
b'     1309        6546248      114987         8           2.7465           0.7353    273.53%           0.7353    273.53%\n'
b'     1314        6568053      114994         8           2.7465           0.7353    273.53%           0.7353    273.53%\n'
b'     1319        6590128      114985         8           2.7465           0.7353    273.53%           0.7353    273.53%\n'
b'     1324        6611632      114819         8           2.7465           0.7353    273.53%           0.7353    273.53%\n'
b'     1329        6629171      115404         8           2.7465           0.7353    273.53%           0.7353    273.53%\n'
b'     1334        6645638      116085         8           2.7465           0.7353    273.53%           0.7353    273.53%\n'
b'     1339        6663215      117147         8           2.7465           0.7354    273.45%           0.7354    273.45%\n'
b'     1344        6680837      118124         8           2.7465           0.7375    272.42%           0.7375    272.42%\n'
b'     1349        6698989      118947         8           2.7465           0.7392    271.56%           0.7392    271.56%\n'
b'     1354        6718042      119572         8           2.7465           0.7419    270.18%           0.7419    270.18%\n'
b'     1360        6736709      120444         8           2.7465           0.7428    269.78%           0.7428    269.78%\n'
b'     1365        6754394      121377         8           2.7465           0.7428    269.78%           0.7428    269.78%\n'
b'     1370        6771498      122081         8           2.7465           0.7428    269.78%           0.7428    269.78%\n'
b'     1375        6790964      123176         8           2.7465           0.7428    269.78%           0.7428    269.78%\n'
b'     1380        6808952      123784         8           2.7465           0.7428    269.78%           0.7428    269.78%\n'
b'     1385        6827311      124328         8           2.7465           0.7428    269.78%           0.7428    269.78%\n'
b'     1390        6845508      124832         8           2.7465           0.7428    269.78%           0.7428    269.78%\n'
b'     1395        6864230      125711         8           2.7465           0.7430    269.67%           0.7430    269.67%\n'
b'     1400        6883113      126390         8           2.7465           0.7439    269.21%           0.7439    269.21%\n'
b'     1405        6902242      126739         8           2.7465           0.7454    268.48%           0.7454    268.48%\n'
b'     1410        6920513      126971         8           2.7465           0.7463    268.04%           0.7463    268.04%\n'
b'     1415        6939721      127101         8           2.7465           0.7463    268.04%           0.7463    268.04%\n'
b'     1420        6958318      127182         8           2.7465           0.7467    267.83%           0.7467    267.83%\n'
b'     1425        6977088      127362         8           2.7465           0.7481    267.13%           0.7481    267.13%\n'
b'     1430        6996376      127474         8           2.7465           0.7481    267.13%           0.7481    267.13%\n'
b'     1435        7016330      127577         8           2.7465           0.7481    267.13%           0.7481    267.13%\n'
b'     1440        7036103      128188         8           2.7465           0.7481    267.13%           0.7481    267.13%\n'
b'     1445        7056399      128239         8           2.7465           0.7481    267.13%           0.7481    267.13%\n'
b'     1450        7076134      128434         8           2.7465           0.7492    266.57%           0.7492    266.57%\n'
b'     1456        7096286      128806         8           2.7465           0.7505    265.95%           0.7505    265.95%\n'
b'     1461        7116235      128802         8           2.7465           0.7505    265.94%           0.7505    265.94%\n'
b'     1466        7136813      128752         8           2.7465           0.7506    265.91%           0.7506    265.91%\n'
b'     1471        7157297      128686         8           2.7465           0.7509    265.78%           0.7509    265.78%\n'
b'     1476        7176347      128447         8           2.7465           0.7514    265.51%           0.7514    265.51%\n'
b'     1481        7196466      128228         8           2.7465           0.7514    265.51%           0.7514    265.51%\n'
b'     1486        7216857      127953         8           2.7465           0.7516    265.40%           0.7516    265.40%\n'
b'     1491        7236632      127852         8           2.7465           0.7532    264.65%           0.7532    264.65%\n'
b'     1496        7257931      127646         8           2.7465           0.7532    264.65%           0.7532    264.65%\n'
b'     1501        7276397      127995         8           2.7465           0.7532    264.65%           0.7532    264.65%\n'
b'     1506        7294683      128478         8           2.7465           0.7532    264.65%           0.7532    264.65%\n'
b'     1511        7313303      128675         8           2.7465           0.7534    264.56%           0.7534    264.56%\n'
b'     1516        7331831      128766         8           2.7465           0.7554    263.58%           0.7554    263.58%\n'
b'     1521        7350696      128905         8           2.7465           0.7559    263.34%           0.7559    263.34%\n'
b'     1526        7371338      129185         8           2.7465           0.7580    262.34%           0.7580    262.34%\n'
b'     1531        7391732      129660         8           2.7465           0.7590    261.84%           0.7590    261.84%\n'
b'     1536        7411788      129811         8           2.7465           0.7605    261.13%           0.7605    261.13%\n'
b'     1541        7432488      130023         8           2.7465           0.7641    259.43%           0.7641    259.43%\n'
b'     1547        7452103      130238         8           2.7465           0.7649    259.09%           0.7649    259.09%\n'
b'     1552        7471457      130371         8           2.7465           0.7649    259.09%           0.7649    259.09%\n'
b'     1557        7490437      130619         8           2.7465           0.7657    258.69%           0.7657    258.69%\n'
b'     1562        7510061      130670         8           2.7465           0.7706    256.39%           0.7706    256.39%\n'
b'     1567        7530538      130743         8           2.7465           0.7751    254.35%           0.7751    254.35%\n'
b'     1572        7549826      130920         8           2.7465           0.7773    253.34%           0.7773    253.34%\n'
b'     1577        7568006      130850         8           2.7465           0.7800    252.14%           0.7800    252.14%\n'
b'     1582        7588331      130419         8           2.7465           0.7837    250.46%           0.7837    250.46%\n'
b'     1587        7609100      130011         8           2.7465           0.7847    250.02%           0.7847    250.02%\n'
b'     1592        7629563      129516         8           2.7465           0.7871    248.96%           0.7871    248.96%\n'
b'     1597        7650177      129164         8           2.7465           0.7879    248.59%           0.7879    248.59%\n'
b'     1602        7670155      129017         8           2.7465           0.7879    248.59%           0.7879    248.59%\n'
b'     1607        7689807      128524         8           2.7465           0.7879    248.59%           0.7879    248.59%\n'
b'     1612        7710390      128195         8           2.7465           0.7879    248.59%           0.7879    248.59%\n'
b'     1617        7730959      127765         8           2.7465           0.7879    248.59%           0.7879    248.59%\n'
b'     1622        7752446      127247         8           2.7465           0.7879    248.59%           0.7879    248.59%\n'
b'     1627        7773526      126770         8           2.7465           0.7896    247.84%           0.7896    247.84%\n'
b'     1632        7793461      126643         8           2.7465           0.7938    246.01%           0.7938    246.01%\n'
b'     1637        7813194      126442         8           2.7465           0.7975    244.41%           0.7975    244.41%\n'
b'     1642        7833510      126335         8           2.7465           0.8007    243.02%           0.8007    243.02%\n'
b'     1648        7854187      126246         8           2.7465           0.8007    243.02%           0.8007    243.02%\n'
b'     1653        7875920      125529         8           2.7465           0.8007    243.02%           0.8007    243.02%\n'
b'     1658        7896919      124847         8           2.7465           0.8007    243.02%           0.8007    243.02%\n'
b'     1663        7919346      123872         8           2.7465           0.8007    243.02%           0.8007    243.02%\n'
b'     1668        7934551      124493         8           2.7465           0.8007    243.02%           0.8007    243.02%\n'
b'     1673        7950701      125001         8           2.7465           0.8007    243.02%           0.8007    243.02%\n'
b'     1678        7970194      124564         8           2.7465           0.8007    243.02%           0.8007    243.02%\n'
b'     1683        7987030      124371         8           2.7465           0.8021    242.40%           0.8021    242.40%\n'
b'     1688        8005457      124109         8           2.7465           0.8024    242.28%           0.8024    242.28%\n'
b'     1693        8021290      124773         8           2.7465           0.8055    240.99%           0.8055    240.99%\n'
b'     1698        8038154      125393         8           2.7465           0.8071    240.30%           0.8071    240.30%\n'
b'     1703        8055437      125705         8           2.7465           0.8106    238.82%           0.8106    238.82%\n'
b'     1708        8073330      125833         8           2.7465           0.8119    238.27%           0.8119    238.27%\n'
b'     1713        8091081      125866         8           2.7465           0.8128    237.91%           0.8128    237.91%\n'
b'     1718        8109566      126127         8           2.7465           0.8134    237.64%           0.8134    237.64%\n'
b'     1723        8127187      126163         8           2.7465           0.8154    236.85%           0.8154    236.85%\n'
b'     1728        8146667      126239         8           2.7465           0.8173    236.05%           0.8173    236.05%\n'
b'     1733        8166904      126215         8           2.7465           0.8197    235.05%           0.8197    235.05%\n'
b'     1738        8187122      125792         8           2.7465           0.8217    234.26%           0.8217    234.26%\n'
b'     1744        8207529      125399         8           2.7465           0.8221    234.10%           0.8221    234.10%\n'
b'     1749        8227258      125015         8           2.7465           0.8250    232.92%           0.8250    232.92%\n'
b'     1754        8241641      124836         8           2.7465           0.8267    232.21%           0.8267    232.21%\n'
b'     1759        8256384      124825         8           2.7465           0.8276    231.87%           0.8276    231.87%\n'
b'     1764        8271807      125215         8           2.7465           0.8288    231.39%           0.8288    231.39%\n'
b'     1769        8287482      125667         8           2.7465           0.8293    231.18%           0.8293    231.18%\n'
b'     1774        8302205      126178         8           2.7465           0.8308    230.60%           0.8308    230.60%\n'
b'     1779        8319075      126634         8           2.7465           0.8325    229.90%           0.8325    229.90%\n'
b'     1784        8334838      127103         8           2.7465           0.8331    229.69%           0.8331    229.69%\n'
b'     1789        8351226      127267         8           2.7465           0.8337    229.42%           0.8337    229.42%\n'
b'     1794        8368633      127566         8           2.7465           0.8337    229.42%           0.8337    229.42%\n'
b'     1799        8386448      127681         8           2.7465           0.8337    229.42%           0.8337    229.42%\n'
b'     1804        8403225      127689         8           2.7465           0.8337    229.42%           0.8337    229.42%\n'
b'     1809        8420323      128031         8           2.7465           0.8337    229.42%           0.8337    229.42%\n'
b'     1814        8437959      128467         8           2.7465           0.8352    228.86%           0.8352    228.86%\n'
b'     1819        8454778      128602         8           2.7465           0.8360    228.52%           0.8360    228.52%\n'
b'     1824        8470873      128766         8           2.7465           0.8375    227.96%           0.8375    227.96%\n'
b'     1829        8487580      128890         8           2.7465           0.8411    226.54%           0.8411    226.54%\n'
b'     1834        8504039      129030         8           2.7465           0.8431    225.76%           0.8431    225.76%\n'
b'     1840        8519190      129271         8           2.7465           0.8462    224.55%           0.8462    224.55%\n'
b'     1845        8536348      129089         8           2.7465           0.8501    223.07%           0.8501    223.07%\n'
b'     1850        8552964      129020         8           2.7465           0.8501    223.07%           0.8501    223.07%\n'
b'     1855        8569567      129067         8           2.7465           0.8501    223.07%           0.8501    223.07%\n'
b'     1860        8585380      129430         8           2.7465           0.8532    221.93%           0.8532    221.93%\n'
b'     1865        8601671      129601         8           2.7465           0.8548    221.29%           0.8548    221.29%\n'
b'     1870        8618023      129560         8           2.7465           0.8599    219.40%           0.8599    219.40%\n'
b'     1875        8634700      129326         8           2.7465           0.8648    217.60%           0.8648    217.60%\n'
b'     1880        8652361      129273         8           2.7465           0.8674    216.66%           0.8674    216.66%\n'
b'     1885        8669156      129371         8           2.7465           0.8693    215.95%           0.8693    215.95%\n'
b'     1890        8686462      129335         8           2.7465           0.8693    215.95%           0.8693    215.95%\n'
b'     1895        8704460      129205         8           2.7465           0.8704    215.55%           0.8704    215.55%\n'
b'     1900        8722331      129200         8           2.7465           0.8729    214.63%           0.8729    214.63%\n'
b'     1905        8739780      129074         8           2.7465           0.8743    214.13%           0.8743    214.13%\n'
b'     1910        8757434      129025         8           2.7465           0.8743    214.13%           0.8743    214.13%\n'
b'     1915        8775030      128781         8           2.7465           0.8743    214.13%           0.8743    214.13%\n'
b'     1920        8791743      128601         8           2.7465           0.8743    214.13%           0.8743    214.13%\n'
b'     1925        8808679      128497         8           2.7465           0.8746    214.03%           0.8746    214.03%\n'
b'     1930        8825865      128627         8           2.7465           0.8752    213.80%           0.8752    213.80%\n'
b'     1935        8842948      128475         8           2.7465           0.8752    213.80%           0.8752    213.80%\n'
b'     1941        8860582      128220         8           2.7465           0.8752    213.80%           0.8752    213.80%\n'
b'     1946        8878535      128045         8           2.7465           0.8752    213.80%           0.8752    213.80%\n'
b'     1951        8895596      127849         8           2.7465           0.8754    213.73%           0.8754    213.73%\n'
b'     1956        8912291      127778         8           2.7465           0.8754    213.73%           0.8754    213.73%\n'
b'     1961        8929866      127534         8           2.7465           0.8754    213.73%           0.8754    213.73%\n'
b'     1966        8947828      127356         8           2.7465           0.8755    213.71%           0.8755    213.71%\n'
b'     1971        8966666      127186         8           2.7465           0.8761    213.48%           0.8761    213.48%\n'
b'     1976        8984085      127278         8           2.7465           0.8761    213.48%           0.8761    213.48%\n'
b'     1981        9001461      127178         8           2.7465           0.8761    213.48%           0.8761    213.48%\n'
b'     1986        9017335      127194         8           2.7465           0.8761    213.48%           0.8761    213.48%\n'
b'     1991        9034356      126811         8           2.7465           0.8761    213.48%           0.8761    213.48%\n'
b'     1996        9051198      126583         8           2.7465           0.8761    213.48%           0.8761    213.48%\n'
b'     2001        9068800      126265         8           2.7465           0.8761    213.48%           0.8761    213.48%\n'
b'     2006        9085891      126109         8           2.7465           0.8783    212.69%           0.8783    212.69%\n'
b'     2011        9103812      125788         8           2.7465           0.8790    212.47%           0.8790    212.47%\n'
b'     2016        9121594      125739         8           2.7465           0.8790    212.47%           0.8790    212.47%\n'
b'     2021        9139069      125303         8           2.7465           0.8791    212.41%           0.8791    212.41%\n'
b'     2026        9157331      125367         8           2.7465           0.8804    211.95%           0.8804    211.95%\n'
b'     2031        9174962      125060         8           2.7465           0.8804    211.95%           0.8804    211.95%\n'
b'     2037        9192573      124961         8           2.7465           0.8806    211.89%           0.8806    211.89%\n'
b'     2042        9211116      124482         8           2.7465           0.8826    211.19%           0.8826    211.19%\n'
b'     2047        9229141      123818         8           2.7465           0.8827    211.14%           0.8827    211.14%\n'
b'     2052        9246980      123538         8           2.7465           0.8827    211.14%           0.8827    211.14%\n'
b'     2057        9264204      122837         8           2.7465           0.8827    211.14%           0.8827    211.14%\n'
b'     2062        9280777      122287         8           2.7465           0.8827    211.14%           0.8827    211.14%\n'
b'     2067        9297253      122078         8           2.7465           0.8827    211.14%           0.8827    211.14%\n'
b'     2072        9313599      121776         8           2.7465           0.8827    211.14%           0.8827    211.14%\n'
b'     2077        9330994      121372         8           2.7465           0.8827    211.14%           0.8827    211.14%\n'
b'     2082        9348004      120780         8           2.7465           0.8841    210.64%           0.8841    210.64%\n'
b'     2087        9364959      120382         8           2.7465           0.8865    209.82%           0.8865    209.82%\n'
b'     2092        9381445      120312         8           2.7465           0.8870    209.63%           0.8870    209.63%\n'
b'     2097        9398413      120076         8           2.7465           0.8885    209.12%           0.8885    209.12%\n'
b'     2102        9415948      119412         8           2.7465           0.8899    208.63%           0.8899    208.63%\n'
b'     2107        9432833      118787         8           2.7465           0.8942    207.13%           0.8942    207.13%\n'
b'     2112        9449094      118301         8           2.7465           0.8969    206.24%           0.8969    206.24%\n'
b'     2117        9467033      117319         8           2.7465           0.8987    205.61%           0.8987    205.61%\n'
b'     2122        9484853      116765         8           2.7465           0.8997    205.29%           0.8997    205.29%\n'
b'     2128        9501940      116225         8           2.7465           0.8997    205.29%           0.8997    205.29%\n'
b'     2133        9519825      115396         8           2.7465           0.8997    205.29%           0.8997    205.29%\n'
b'     2138        9537797      114705         8           2.7465           0.8997    205.29%           0.8997    205.29%\n'
b'     2143        9555088      114085         8           2.7465           0.9008    204.91%           0.9008    204.91%\n'
b'     2148        9572884      113341         8           2.7465           0.9037    203.93%           0.9037    203.93%\n'
b'     2153        9590496      112646         8           2.7465           0.9037    203.93%           0.9037    203.93%\n'
b'     2158        9609245      111970         8           2.7465           0.9051    203.44%           0.9051    203.44%\n'
b'     2163        9627355      111304         8           2.7465           0.9075    202.65%           0.9075    202.65%\n'
b'     2168        9644367      110606         8           2.7465           0.9109    201.51%           0.9109    201.51%\n'
b'     2173        9661726      110534         8           2.7465           0.9132    200.75%           0.9132    200.75%\n'
b'     2178        9677998      111764         8           2.7465           0.9132    200.75%           0.9132    200.75%\n'
b'     2183        9694815      113066         8           2.7465           0.9132    200.75%           0.9132    200.75%\n'
b'     2188        9711866      114058         8           2.7465           0.9132    200.75%           0.9132    200.75%\n'
b'     2193        9729315      115010         8           2.7465           0.9155    200.00%           0.9155    200.00%\n'
b'     2198        9746275      115361         8           2.7465           0.9162    199.77%           0.9162    199.77%\n'
b'     2203        9764639      115674         8           2.7465           0.9169    199.53%           0.9169    199.53%\n'
b'     2209        9783489      115916         8           2.7465           0.9189    198.88%           0.9189    198.88%\n'
b'     2214        9803190      115971         8           2.7465           0.9189    198.88%           0.9189    198.88%\n'
b'     2219        9821916      115861         8           2.7465           0.9194    198.74%           0.9194    198.74%\n'
b'     2224        9843280      116077         8           2.7465           0.9194    198.74%           0.9194    198.74%\n'
b'     2229        9865039      115862         8           2.7465           0.9196    198.66%           0.9196    198.66%\n'
b'     2234        9882368      116124         8           2.7465           0.9210    198.22%           0.9210    198.22%\n'
b'     2239        9902798      116056         8           2.7465           0.9230    197.57%           0.9230    197.57%\n'
b'     2244        9923204      115319         8           2.7465           0.9232    197.50%           0.9232    197.50%\n'
b'     2249        9941626      115163         8           2.7465           0.9235    197.39%           0.9235    197.39%\n'
b'     2254        9960626      114896         8           2.7465           0.9235    197.39%           0.9235    197.39%\n'
b'     2259        9979534      114922         8           2.7465           0.9235    197.39%           0.9235    197.39%\n'
b'     2264       10000147      114518         8           2.7465           0.9235    197.39%           0.9235    197.39%\n'
b'     2269       10020710      113795         8           2.7465           0.9243    197.16%           0.9243    197.16%\n'
b'     2274       10042504      113138         8           2.7465           0.9243    197.16%           0.9243    197.16%\n'
b'     2279       10060929      112699         8           2.7465           0.9243    197.16%           0.9243    197.16%\n'
b'     2284       10081807      111956         8           2.7465           0.9243    197.16%           0.9243    197.16%\n'
b'     2290       10101335      111479         8           2.7465           0.9252    196.86%           0.9252    196.86%\n'
b'     2295       10120150      110826         8           2.7465           0.9253    196.83%           0.9253    196.83%\n'
b'     2300       10141224      110393         8           2.7465           0.9255    196.77%           0.9255    196.77%\n'
b'     2305       10163258      109617         8           2.7465           0.9272    196.22%           0.9272    196.22%\n'
b'     2310       10181701      109444         8           2.7465           0.9281    195.92%           0.9281    195.92%\n'
b'     2315       10202328      109014         8           2.7465           0.9281    195.92%           0.9281    195.92%\n'
b'     2320       10223160      108102         8           2.7465           0.9281    195.92%           0.9281    195.92%\n'
b'     2325       10243283      106748         8           2.7465           0.9281    195.92%           0.9281    195.92%\n'
b'     2330       10262162      105862         8           2.7465           0.9287    195.75%           0.9287    195.75%\n'
b'     2335       10281386      105331         8           2.7465           0.9287    195.75%           0.9287    195.75%\n'
b'     2340       10301441      105243         8           2.7465           0.9318    194.75%           0.9318    194.75%\n'
b'     2345       10319209      106124         8           2.7465           0.9346    193.86%           0.9346    193.86%\n'
b'     2350       10337841      107118         8           2.7465           0.9401    192.15%           0.9401    192.15%\n'
b'     2355       10357330      107477         8           2.7465           0.9426    191.39%           0.9426    191.39%\n'
b'     2360       10376614      107735         8           2.7465           0.9434    191.12%           0.9434    191.12%\n'
b'     2365       10397412      107684         8           2.7465           0.9451    190.60%           0.9451    190.60%\n'
b'     2370       10418748      107491         8           2.7465           0.9451    190.60%           0.9451    190.60%\n'
b'     2375       10440915      106929         8           2.7465           0.9451    190.60%           0.9451    190.60%\n'
b'     2380       10463588      106007         8           2.7465           0.9480    189.72%           0.9480    189.72%\n'
b'     2386       10484717      105581         8           2.7465           0.9480    189.72%           0.9480    189.72%\n'
b'     2391       10506284      105732         8           2.7465           0.9484    189.60%           0.9484    189.60%\n'
b'     2396       10529157      106207         8           2.7465           0.9523    188.42%           0.9523    188.42%\n'
b'     2401       10552744      106329         8           2.7465           0.9545    187.74%           0.9545    187.74%\n'
b'     2406       10577194      105977         8           2.7465           0.9606    185.92%           0.9606    185.92%\n'
b'     2411       10602233      105596         8           2.7465           0.9638    184.97%           0.9638    184.97%\n'
b'     2416       10627643      105390         8           2.7465           0.9641    184.88%           0.9641    184.88%\n'
b'     2421       10653471      104660         8           2.7465           0.9648    184.66%           0.9648    184.66%\n'
b'     2426       10680591      103974         8           2.7465           0.9662    184.25%           0.9662    184.25%\n'
b'     2431       10707259      103486         8           2.7465           0.9687    183.53%           0.9687    183.53%\n'
b'     2436       10734455      102509         8           2.7465           0.9708    182.92%           0.9708    182.92%\n'
b'     2441       10761433      102277         8           2.7465           0.9725    182.42%           0.9725    182.42%\n'
b'     2446       10787724      101608         8           2.7465           0.9739    182.02%           0.9739    182.02%\n'
b'     2451       10815208      100954         8           2.7465           0.9764    181.29%           0.9764    181.29%\n'
b'     2456       10842106      100138         8           2.7465           0.9789    180.56%           0.9789    180.56%\n'
b'     2461       10869450       99602         8           2.7465           0.9789    180.56%           0.9789    180.56%\n'
b'     2466       10894405       99042         8           2.7465           0.9789    180.56%           0.9789    180.56%\n'
b'     2471       10920717       98451         8           2.7465           0.9806    180.09%           0.9806    180.09%\n'
b'     2476       10948854       97080         8           2.7465           0.9818    179.73%           0.9818    179.73%\n'
b'     2482       10974147       95966         8           2.7465           0.9834    179.29%           0.9834    179.29%\n'
b'     2487       10997925       95251         8           2.7465           0.9834    179.29%           0.9834    179.29%\n'
b'     2492       11020988       94402         8           2.7465           0.9876    178.10%           0.9876    178.10%\n'
b'     2497       11042674       93780         8           2.7465           0.9886    177.82%           0.9886    177.82%\n'
b'     2502       11066863       93477         8           2.7465           0.9892    177.65%           0.9892    177.65%\n'
b'     2507       11092017       92820         8           2.7465           0.9892    177.65%           0.9892    177.65%\n'
b'     2512       11115067       92932         8           2.7465           0.9920    176.85%           0.9920    176.85%\n'
b'     2517       11136940       91595         8           2.7465           0.9965    175.61%           0.9965    175.61%\n'
b'     2522       11154124       91077         8           2.7465           0.9972    175.42%           0.9972    175.42%\n'
b'     2527       11172760       89962         8           2.7465           0.9993    174.85%           0.9993    174.85%\n'
b'     2532       11191482       88533         8           2.7465           0.9998    174.70%           0.9998    174.70%\n'
b'     2537       11209939       86838         8           2.7465           1.0009    174.40%           1.0016    174.21%\n'
b'     2542       11228339       85082         8           2.7465           1.0051    173.26%           1.0051    173.26%\n'
b'     2547       11245277       83280         8           2.7465           1.0089    172.24%           1.0089    172.24%\n'
b'     2552       11251919       83210         8           2.7465           1.0131    171.11%           1.0131    171.11%\n'
b'     2557       11261556       82656         8           2.7465           1.0186    169.64%           1.0186    169.64%\n'
b'     2562       11270021       81673         8           2.7465           1.0274    167.33%           1.0274    167.33%\n'
b'     2567       11275720       81145         8           2.7465           1.0327    165.95%           1.0327    165.95%\n'
b'     2572       11280658       80539         8           2.7465           1.0344    165.53%           1.0344    165.53%\n'
b'     2577       11287343       80055         8           2.7465           1.0344    165.52%           1.0344    165.52%\n'
b'     2582       11293921       79625         8           2.7465           1.0378    164.65%           1.0378    164.65%\n'
b'     2587       11298244       79187         8           2.7465           1.0378    164.65%           1.0378    164.65%\n'
b'     2592       11303142       78737         8           2.7465           1.0406    163.93%           1.0406    163.93%\n'
b'     2597       11308596       77974         8           2.7465           1.0462    162.53%           1.0462    162.53%\n'
b'     2602       11313195       77576         8           2.7465           1.0462    162.53%           1.0462    162.53%\n'
b'     2607       11318129       77061         8           2.7465           1.0462    162.53%           1.0462    162.53%\n'
b'     2612       11325306       76692         8           2.7465           1.0462    162.53%           1.0462    162.53%\n'
b'     2617       11332099       76151         8           2.7465           1.0470    162.32%           1.0470    162.32%\n'
b'     2622       11338292       75718         8           2.7465           1.0503    161.49%           1.0503    161.49%\n'
b'     2627       11345091       75750         8           2.7465           1.0514    161.23%           1.0514    161.23%\n'
b'     2633       11354446       75640         8           2.7465           1.0553    160.26%           1.0553    160.26%\n'
b'     2638       11364139       75501         8           2.7465           1.0558    160.13%           1.0558    160.13%\n'
b'     2643       11376036       75853         8           2.7465           1.0564    159.98%           1.0564    159.98%\n'
b'     2648       11389735       76316         8           2.7465           1.0620    158.62%           1.0620    158.62%\n'
b'     2653       11402523       75857         8           2.7465           1.0633    158.30%           1.0633    158.30%\n'
b'     2658       11417168       74550         8           2.7465           1.0654    157.79%           1.0654    157.79%\n'
b'     2663       11428715       73911         8           2.7465           1.0695    156.79%           1.0695    156.79%\n'
b'     2668       11442707       73710         8           2.7465           1.0700    156.69%           1.0700    156.69%\n'
b'     2673       11457002       72836         8           2.7465           1.0700    156.69%           1.0700    156.69%\n'
b'     2678       11473091       71438         8           2.7465           1.0716    156.30%           1.0716    156.30%\n'
b'     2683       11478210       70748         8           2.7465           1.0729    156.00%           1.0729    156.00%\n'
b'     2688       11482876       69944         8           2.7465           1.0824    153.75%           1.0824    153.75%\n'
b'     2693       11490338       69261         8           2.7465           1.0860    152.91%           1.0860    152.91%\n'
b'     2698       11498204       69057         8           2.7465           1.0895    152.09%           1.0895    152.09%\n'
b'     2703       11511013       69421         8           2.7465           1.0946    150.93%           1.0946    150.93%\n'
b'     2708       11525115       69365         8           2.7465           1.0946    150.93%           1.0946    150.93%\n'
b'     2713       11539003       68338         8           2.7465           1.0946    150.93%           1.0946    150.93%\n'
b'     2718       11548602       67551         8           2.7465           1.0954    150.74%           1.0954    150.74%\n'
b'     2723       11555220       66992         8           2.7465           1.0985    150.03%           1.0990    149.91%\n'
b'     2728       11565369       66384         8           2.7465           1.1002    149.65%           1.1002    149.65%\n'
b'     2733       11572787       65763         8           2.7465           1.1053    148.49%           1.1053    148.49%\n'
b'     2738       11584474       65826         8           2.7465           1.1144    146.45%           1.1144    146.45%\n'
b'     2743       11597313       65354         8           2.7465           1.1168    145.92%           1.1168    145.92%\n'
b'     2748       11608088       65108         8           2.7465           1.1186    145.54%           1.1186    145.54%\n'
b'     2754       11621420       65291         8           2.7465           1.1186    145.54%           1.1186    145.54%\n'
b'     2759       11637753       65851         8           2.7465           1.1186    145.54%           1.1186    145.54%\n'
b'     2764       11652883       65410         8           2.7465           1.1186    145.54%           1.1186    145.54%\n'
b'     2769       11665123       64772         8           2.7465           1.1186    145.54%           1.1186    145.54%\n'
b'     2774       11675886       64006         8           2.7465           1.1186    145.54%           1.1186    145.54%\n'
b'     2779       11685743       63546         8           2.7465           1.1186    145.54%           1.1186    145.54%\n'
b'     2784       11697770       63117         8           2.7465           1.1186    145.54%           1.1186    145.54%\n'
b'     2789       11709714       62454         8           2.7465           1.1186    145.54%           1.1186    145.54%\n'
b'     2794       11719579       62163         8           2.7465           1.1186    145.54%           1.1186    145.54%\n'
b'     2799       11728618       61479         8           2.7465           1.1186    145.54%           1.1186    145.54%\n'
b'     2804       11736233       60938         8           2.7465           1.1197    145.29%           1.1197    145.29%\n'
b'     2809       11742809       60398         8           2.7465           1.1218    144.82%           1.1218    144.82%\n'
b'     2814       11750592       60284         8           2.7465           1.1249    144.16%           1.1249    144.16%\n'
b'     2819       11760006       59787         8           2.7465           1.1249    144.16%           1.1250    144.14%\n'
b'     2824       11768923       58830         8           2.7465           1.1272    143.65%           1.1272    143.65%\n'
b'     2830       11775371       58225         8           2.7465           1.1283    143.43%           1.1283    143.43%\n'
b'     2835       11786733       58236         8           2.7465           1.1338    142.24%           1.1338    142.24%\n'
b'     2840       11802146       58419         8           2.7465           1.1340    142.20%           1.1340    142.20%\n'
b'     2845       11817778       57377         8           2.7465           1.1340    142.20%           1.1340    142.20%\n'
b'     2850       11825673       56519         8           2.7465           1.1340    142.20%           1.1340    142.20%\n'
b'     2855       11830436       56097         8           2.7465           1.1340    142.20%           1.1340    142.20%\n'
b'     2860       11835867       55465         8           2.7465           1.1340    142.20%           1.1340    142.20%\n'
b'     2865       11841805       54785         8           2.7465           1.1379    141.36%           1.1379    141.36%\n'
b'     2870       11849389       54093         8           2.7465           1.1388    141.17%           1.1388    141.17%\n'
b'     2875       11857482       53667         8           2.7465           1.1486    139.11%           1.1486    139.11%\n'
b'     2880       11864087       53036         8           2.7465           1.1503    138.77%           1.1503    138.77%\n'
b'     2885       11872027       52608         8           2.7465           1.1525    138.31%           1.1525    138.31%\n'
b'     2890       11878712       52246         8           2.7465           1.1548    137.84%           1.1548    137.84%\n'
b'     2895       11890886       51797         8           2.7465           1.1575    137.29%           1.1575    137.29%\n'
b'     2900       11899243       50814         8           2.7465           1.1575    137.29%           1.1575    137.29%\n'
b'     2905       11904840       50112         8           2.7465           1.1592    136.93%           1.1592    136.93%\n'
b'     2910       11911802       49653         8           2.7465           1.1606    136.65%           1.1606    136.65%\n'
b'     2915       11919086       49179         8           2.7465           1.1623    136.31%           1.1623    136.31%\n'
b'     2920       11924968       48351         8           2.7465           1.1673    135.28%           1.1673    135.28%\n'
b'     2925       11935120       48061         8           2.7465           1.1678    135.19%           1.1678    135.19%\n'
b'     2930       11941416       47459         8           2.7465           1.1741    133.93%           1.1741    133.93%\n'
b'     2935       11948909       46761         8           2.7465           1.1766    133.42%           1.1766    133.42%\n'
b'     2940       11953648       45947         8           2.7465           1.1819    132.37%           1.1819    132.37%\n'
b'     2945       11963837       45656         8           2.7465           1.1865    131.49%           1.1865    131.49%\n'
b'     2950       11974699       44912         8           2.7465           1.1912    130.58%           1.1912    130.58%\n'
b'     2955       11981432       44236         8           2.7465           1.1995    128.97%           1.1995    128.97%\n'
b'     2960       11992123       43768         8           2.7465           1.2078    127.41%           1.2078    127.41%\n'
b'     2965       12004030       43083         8           2.7465           1.2114    126.72%           1.2114    126.72%\n'
b'     2970       12012630       42464         8           2.7465           1.2130    126.42%           1.2130    126.42%\n'
b'     2975       12021374       42019         8           2.7465           1.2203    125.07%           1.2203    125.07%\n'
b'     2980       12029718       41133         8           2.7465           1.2222    124.71%           1.2222    124.71%\n'
b'     2986       12038661       40822         8           2.7465           1.2229    124.59%           1.2229    124.59%\n'
b'     2991       12046839       40314         8           2.7465           1.2243    124.34%           1.2243    124.34%\n'
b'     2996       12055107       39519         8           2.7465           1.2289    123.49%           1.2302    123.26%\n'
b'     3001       12065090       38926         8           2.7465           1.2339    122.59%           1.2339    122.59%\n'
b'     3006       12073697       38078         8           2.7465           1.2350    122.40%           1.2350    122.40%\n'
b'     3011       12079404       37311         8           2.7465           1.2350    122.40%           1.2350    122.40%\n'
b'     3016       12086486       36391         8           2.7465           1.2350    122.40%           1.2350    122.40%\n'
b'     3021       12095092       35617         8           2.7465           1.2360    122.21%           1.2360    122.21%\n'
b'     3026       12100387       34688         8           2.7465           1.2436    120.85%           1.2436    120.85%\n'
b'     3031       12109150       33943         8           2.7465           1.2503    119.66%           1.2503    119.66%\n'
b'     3036       12122553       33241         8           2.7465           1.2606    117.88%           1.2606    117.88%\n'
b'     3041       12134688       32696         8           2.7465           1.2662    116.90%           1.2662    116.90%\n'
b'     3046       12138645       32167         8           2.7465           1.2737    115.63%           1.2737    115.63%\n'
b'     3051       12144822       31673         8           2.7465           1.2764    115.18%           1.2764    115.18%\n'
b'     3056       12151601       31474         8           2.7465           1.2875    113.32%           1.2875    113.32%\n'
b'     3061       12162562       31395         8           2.7465           1.2875    113.32%           1.2875    113.32%\n'
b'     3066       12169114       30930         8           2.7465           1.2875    113.32%           1.2875    113.32%\n'
b'     3071       12180555       30503         8           2.7465           1.2905    112.83%           1.2905    112.83%\n'
b'     3076       12192837       29715         8           2.7465           1.2948    112.13%           1.2948    112.13%\n'
b'     3081       12198891       28381         8           2.7465           1.3053    110.41%           1.3053    110.41%\n'
b'     3086       12207546       28064         8           2.7465           1.3139    109.03%           1.3139    109.03%\n'
b'     3091       12219160       27792         8           2.7465           1.3158    108.74%           1.3158    108.74%\n'
b'     3096       12222860       27112         8           2.7465           1.3249    107.30%           1.3249    107.30%\n'
b'     3101       12232599       26787         8           2.7465           1.3279    106.84%           1.3279    106.84%\n'
b'     3106       12235113       26131         8           2.7465           1.3320    106.20%           1.3320    106.20%\n'
b'     3111       12241459       25665         8           2.7465           1.3409    104.83%           1.3409    104.83%\n'
b'     3116       12251509       25394         8           2.7465           1.3460    104.05%           1.3460    104.05%\n'
b'     3121       12256597       24704         8           2.7465           1.3566    102.46%           1.3566    102.46%\n'
b'     3126       12264186       24462         8           2.7465           1.3646    101.27%           1.3646    101.27%\n'
b'     3131       12266627       23806         8           2.7465           1.3780     99.31%           1.3780     99.31%\n'
b'     3136       12277089       23460         8           2.7465           1.3874     97.96%           1.3874     97.96%\n'
b'     3141       12287269       23386         8           2.7465           1.4028     95.79%           1.4028     95.79%\n'
b'     3146       12297621       23130         8           2.7465           1.4041     95.60%           1.4041     95.60%\n'
b'     3152       12299938       22501         8           2.7465           1.4116     94.56%           1.4116     94.56%\n'
b'     3157       12307955       22118         8           2.7465           1.4242     92.85%           1.4242     92.85%\n'
b'     3162       12319279       21856         8           2.7465           1.4379     91.01%           1.4379     91.01%\n'
b'     3167       12327886       21496         8           2.7465           1.4411     90.59%           1.4411     90.59%\n'
b'     3172       12332639       20951         8           2.7465           1.4652     87.45%           1.4652     87.45%\n'
b'     3177       12344555       20799         8           2.7465           1.4706     86.76%           1.4706     86.76%\n'
b'     3182       12356046       20429         8           2.7465           1.4872     84.68%           1.4872     84.68%\n'
b'     3187       12366230       19949         8           2.7465           1.4939     83.85%           1.4939     83.85%\n'
b'     3192       12373454       19508         8           2.7465           1.5265     79.93%           1.5265     79.93%\n'
b'     3197       12384000       19260         8           2.7465           1.5438     77.91%           1.5438     77.91%\n'
b'     3202       12395646       18958         8           2.7465           1.5640     75.61%           1.5640     75.61%\n'
b'     3207       12404094       18570         8           2.7465           1.5674     75.23%           1.5674     75.23%\n'
b'     3212       12409047       17967         8           2.7465           1.5895     72.80%           1.5895     72.80%\n'
b'     3217       12417010       17604         8           2.7465           1.6159     69.97%           1.6159     69.97%\n'
b'     3222       12427124       17259         8           2.7465           1.6268     68.83%           1.6268     68.83%\n'
b'     3227       12430414       16653         8           2.7465           1.6506     66.40%           1.6506     66.40%\n'
b'     3232       12437648       16251         8           2.7465           1.6798     63.50%           1.6798     63.50%\n'
b'     3237       12446139       15548         8           2.7465           1.7029     61.29%           1.7029     61.29%\n'
b'     3242       12451774       14334         8           2.7465           1.7113     60.50%           1.7113     60.50%\n'
b'     3247       12457165       13156         8           2.7465           1.7212     59.57%           1.7212     59.57%\n'
b'     3252       12461366       12250         8           2.7465           1.7219     59.51%           1.7219     59.51%\n'
b'     3257       12464285       11251         8           2.7465           1.7272     59.02%           1.7272     59.02%\n'
b'     3262       12468110       10311         8           2.7465           1.7380     58.03%           1.7380     58.03%\n'
b'     3267       12471933        9218         8           2.7465           1.7505     56.90%           1.7505     56.90%\n'
b'     3272       12477232        8262         8           2.7465           1.7727     54.94%           1.7727     54.94%\n'
b'     3277       12481844        7094         8           2.7465           1.7916     53.30%           1.7916     53.30%\n'
b'     3282       12487529        6034         8           2.7465           1.8200     50.91%           1.8200     50.91%\n'
b'     3287       12491307        4975         8           2.7465           1.8531     48.21%           1.8531     48.21%\n'
b'     3292       12496400        3884         8           2.7465           1.8775     46.29%           1.8775     46.29%\n'
b'     3297       12506465        2781         8           2.7465           1.9216     42.93%           1.9216     42.93%\n'
b'     3302       12512906        1394         8           2.7465           1.9666     39.66%           1.9666     39.66%\n'
b'     3307       12519214           0         0           2.7465           2.7465      0.00%\n'
b'SCIP Status        : problem is solved\n'
b'Total Time         : 3307.38\n'
b'  solving          : 3307.38\n'
b'  presolving       : 0.14 (included in solving)\n'
b'B&B Tree           :\n'
b'  nodes (total)    : 12519214\n'
b'Solution           :\n'
b'  Solutions found  : 5\n'
b'  Primal Bound     : +2.74652260752720e+00\n'
b'  Dual Bound       : +2.74652260752720e+00\n'
b'Gap                : 0.00000 %\n'
