b'The following solver is parallelized by UG version 0.9.1 [GitHash: ]\n'
b'SCIP version 7.0.2 [precision: 8 byte] [memory: block] [mode: optimized] [LP solver: SoPlex 5.0.2] [GitHash: e9d280a398]\n'
b'Copyright (C) 2002-2020 Konrad-Zuse-Zentrum fuer Informationstechnik Berlin (ZIB)\n'
b'External codes: \n'
b'  Readline 7.0         GNU library for command line editing (gnu.org/s/readline)\n'
b'  SoPlex 5.0.2         Linear Programming Solver developed at Zuse Institute Berlin (soplex.zib.de) [GitHash: e24c304e]\n'
b'  CppAD 20180000.0     Algorithmic Differentiation of C++ algorithms developed by B. Bell (www.coin-or.org/CppAD)\n'
b'  ZLIB 1.2.11          General purpose compression library by J. Gailly and M. Adler (zlib.net)\n'
b'  GMP 6.1.2            GNU Multiple Precision Arithmetic Library developed by T. Granlund (gmplib.org)\n'
b'  ZIMPL 3.4.0          Zuse Institute Mathematical Programming Language developed by T. Koch (zimpl.zib.de)\n'
b'Default LC presolving (default).\n'
b'Original Problem   :\n'
b'  Problem name     : 021\n'
b'  Variables        : 4863 (800 binary, 0 integer, 0 implicit integer, 4063 continuous)\n'
b'  Constraints      : 13369\n'
b'  Objective sense  : minimize\n'
b'Presolved Problem  :\n'
b'  Variables        : 1181 (218 binary, 0 integer, 0 implicit integer, 963 continuous)\n'
b'  Constraints      : 1300\n'
b'Constraints        : Number\n'
b'  varbound         : 821 \n'
b'  knapsack         : 4 \n'
b'  setppc           : 49 \n'
b'  linear           : 426 \n'
b'** Instance transfer method used: 0\n'
b'** ParaScipInstance copy does not increase the number of variables. **\n'
b'LC is working with racing ramp-up and with rebuilding tree after racing.\n'
b'                               Nodes    Active                                            \n'
b'     Time          Nodes        Left   Solvers     Best Integer        Best Node       Gap     Best Node(S)    Gap(S)\n'
b'*       0              0           1         8           5.4479                -         -\n'
b'*       0              0           1         8           5.0064                -         -\n'
b'*       3              0           1         8           4.9407                -         -\n'
b'*       3              0           1         8           4.2570                -         -\n'
b'*       5             56          55         8           3.9891           0.1596         -\n'
b'        5             56          55         8           3.9891           0.1596         -\n'
b'*       5             56          55         8           2.6542           0.1596         -\n'
b'       10             10           9         8           2.6542           0.2226         -\n'
b'*      12             22          21         8           2.6467           0.2226         -\n'
b'       15            292         268         8           2.6467           0.2287         -\n'
b'Racing ramp-up finished after 15.9100 seconds. Selected strategy 2.\n'
b'       20           4051        2045         8           2.6467           0.2288         -           0.2288         -\n'
b'       26          19320        7143         8           2.6467           0.2314         -           0.2314         -\n'
b'       31          40706       12932         8           2.6467           0.2316         -           0.2993         -\n'
b'       36          65857       17993         8           2.6467           0.2316         -           0.3080         -\n'
b'       41          91046       22009         8           2.6467           0.2316         -           0.3241         -\n'
b'       46         118409       25250         8           2.6467           0.2316         -           0.3340         -\n'
b'       51         147719       27992         8           2.6467           0.2316         -           0.3436         -\n'
b'       56         174063       30726         8           2.6467           0.2329         -           0.2473         -\n'
b'       61         202992       34485         8           2.6467           0.2329         -           0.3828         -\n'
b'       66         228455       37510         8           2.6467           0.2329         -           0.2329         -\n'
b'       71         251644       40743         8           2.6467           0.2352         -           0.4248         -\n'
b'       76         278854       44394         8           2.6467           0.2352         -           0.4353         -\n'
b'       81         306227       47516         8           2.6467           0.2352         -           0.4476    491.24%\n'
b'       86         334733       50184         8           2.6467           0.2352         -           0.4577    478.29%\n'
b'       91         363293       52264         8           2.6467           0.2352         -           0.2352         -\n'
b'       96         388859       54807         8           2.6467           0.2352         -           0.2352         -\n'
b'      101         414831       56913         8           2.6467           0.2352         -           0.2352         -\n'
b'      106         440997       58893         8           2.6467           0.2411         -           0.2411         -\n'
b'      112         467887       60950         8           2.6467           0.2419         -           0.2419         -\n'
b'      117         494086       62977         8           2.6467           0.2419         -           0.4728    459.75%\n'
b'      122         523965       64542         8           2.6467           0.2419         -           0.4728    459.75%\n'
b'      127         554908       65993         8           2.6467           0.2419         -           0.4728    459.75%\n'
b'      132         586223       67004         8           2.6467           0.2419         -           0.4778    453.91%\n'
b'      137         617082       67855         8           2.6467           0.2419         -           0.2419         -\n'
b'      142         644308       68995         8           2.6467           0.2437         -           0.2437         -\n'
b'      147         670940       69918         8           2.6467           0.2450         -           0.2450         -\n'
b'      152         699598       71171         8           2.6467           0.2450         -           0.2450         -\n'
b'      157         727464       71923         8           2.6467           0.2450         -           0.2450         -\n'
b'      162         753842       72698         8           2.6467           0.2450         -           0.2450         -\n'
b'      167         780359       73356         8           2.6467           0.2450         -           0.2450         -\n'
b'      172         809015       73926         8           2.6467           0.2450         -           0.2450         -\n'
b'      177         836835       74378         8           2.6467           0.2450         -           0.2450         -\n'
b'      182         864490       74653         8           2.6467           0.2450         -           0.2450         -\n'
b'      187         892502       75051         8           2.6467           0.3082         -           0.3082         -\n'
b'      192         921410       75788         8           2.6467           0.3082         -           0.3082         -\n'
b'      197         950218       76448         8           2.6467           0.3646         -           0.3646         -\n'
b'      202         978113       76899         8           2.6467           0.3646         -           0.3646         -\n'
b'      207        1004987       77421         8           2.6467           0.3646         -           0.5651    368.40%\n'
b'      213        1031361       77631         8           2.6467           0.3830         -           0.3830         -\n'
b'      218        1054763       78027         8           2.6467           0.3854         -           0.3854         -\n'
b'      223        1078512       78358         8           2.6467           0.3854         -           0.3854         -\n'
b'      228        1104331       79090         8           2.6467           0.3854         -           0.3854         -\n'
b'      233        1129285       79868         8           2.6467           0.5742    360.95%           0.5742    360.95%\n'
b'      238        1156764       81235         8           2.6467           0.5843    352.98%           0.5843    352.98%\n'
b'      243        1187447       82410         8           2.6467           0.5863    351.42%           0.5863    351.42%\n'
b'      248        1217841       83286         8           2.6467           0.5863    351.42%           0.5863    351.42%\n'
b'      253        1248204       83721         8           2.6467           0.5871    350.82%           0.5871    350.82%\n'
b'      258        1280319       83818         8           2.6467           0.5934    346.05%           0.5934    346.05%\n'
b'      263        1312745       83468         8           2.6467           0.5995    341.46%           0.5995    341.46%\n'
b'      268        1344169       83276         8           2.6467           0.6078    335.45%           0.6078    335.45%\n'
b'      273        1375471       83770         8           2.6467           0.6195    327.23%           0.6195    327.23%\n'
b'      278        1408455       83294         8           2.6467           0.6286    321.05%           0.6286    321.05%\n'
b'      283        1436126       84350         8           2.6467           0.6327    318.31%           0.6327    318.31%\n'
b'      288        1465678       85850         8           2.6467           0.6400    313.53%           0.6400    313.53%\n'
b'      293        1496805       86646         8           2.6467           0.6400    313.53%           0.6400    313.53%\n'
b'      298        1528016       86934         8           2.6467           0.6400    313.53%           0.6400    313.53%\n'
b'      303        1561216       86778         8           2.6467           0.6400    313.53%           0.6400    313.53%\n'
b'      308        1595085       85838         8           2.6467           0.6400    313.53%           0.6400    313.53%\n'
b'      314        1625668       85671         8           2.6467           0.6431    311.53%           0.6431    311.53%\n'
b'      319        1653501       86416         8           2.6467           0.6431    311.53%           0.6431    311.53%\n'
b'      324        1681291       87041         8           2.6467           0.6431    311.53%           0.6431    311.53%\n'
b'      329        1707898       87513         8           2.6467           0.6431    311.53%           0.6431    311.53%\n'
b'      334        1739294       87915         8           2.6467           0.6431    311.53%           0.6431    311.53%\n'
b'      339        1770032       87651         8           2.6467           0.6487    307.98%           0.6487    307.98%\n'
b'      344        1795690       87373         8           2.6467           0.6563    303.26%           0.6563    303.26%\n'
b'      349        1824293       87098         8           2.6467           0.6617    299.99%           0.6617    299.99%\n'
b'      354        1851293       86687         8           2.6467           0.6654    297.76%           0.6654    297.76%\n'
b'      359        1873433       87641         8           2.6467           0.6719    293.94%           0.6719    293.94%\n'
b'      364        1896453       88408         8           2.6467           0.6765    291.23%           0.6765    291.23%\n'
b'      369        1924731       89158         8           2.6467           0.6841    286.88%           0.6841    286.88%\n'
b'      374        1952869       90198         8           2.6467           0.6865    285.53%           0.6865    285.53%\n'
b'      379        1975969       90624         8           2.6467           0.6912    282.92%           0.6912    282.92%\n'
b'      384        2004420       90899         8           2.6467           0.6955    280.57%           0.6955    280.57%\n'
b'      389        2035668       91051         8           2.6467           0.7000    278.08%           0.7000    278.08%\n'
b'      394        2061411       91051         8           2.6467           0.7054    275.19%           0.7054    275.19%\n'
b'      399        2090151       91319         8           2.6467           0.7102    272.66%           0.7102    272.66%\n'
b'      404        2122741       90879         8           2.6467           0.7109    272.32%           0.7109    272.32%\n'
b'      409        2153956       90713         8           2.6467           0.7182    268.50%           0.7182    268.50%\n'
b'      415        2184149       90414         8           2.6467           0.7182    268.50%           0.7182    268.50%\n'
b'      420        2216328       89817         8           2.6467           0.7182    268.50%           0.7182    268.50%\n'
b'      425        2246937       88807         8           2.6467           0.7182    268.50%           0.7182    268.50%\n'
b'      430        2274480       88446         8           2.6467           0.7182    268.50%           0.7182    268.50%\n'
b'      435        2305523       88165         8           2.6467           0.7216    266.77%           0.7216    266.77%\n'
b'      440        2330295       87987         8           2.6467           0.7272    263.96%           0.7272    263.96%\n'
b'      445        2360313       88239         8           2.6467           0.7272    263.96%           0.7272    263.96%\n'
b'      450        2389371       87970         8           2.6467           0.7272    263.96%           0.7272    263.96%\n'
b'      455        2419053       87615         8           2.6467           0.7272    263.96%           0.7272    263.96%\n'
b'      460        2451088       87075         8           2.6467           0.7272    263.96%           0.7272    263.96%\n'
b'      465        2485712       86031         8           2.6467           0.7274    263.87%           0.7274    263.87%\n'
b'      470        2519009       84920         8           2.6467           0.7331    261.03%           0.7331    261.03%\n'
b'      475        2550095       84662         8           2.6467           0.7373    258.95%           0.7373    258.95%\n'
b'      480        2580987       84202         8           2.6467           0.7414    256.99%           0.7414    256.99%\n'
b'      485        2612419       84227         8           2.6467           0.7459    254.86%           0.7459    254.86%\n'
b'      490        2643574       84126         8           2.6467           0.7473    254.17%           0.7473    254.17%\n'
b'      495        2675653       83586         8           2.6467           0.7512    252.34%           0.7512    252.34%\n'
b'      500        2707647       82985         8           2.6467           0.7556    250.29%           0.7556    250.29%\n'
b'      506        2738668       82243         8           2.6467           0.7607    247.91%           0.7607    247.91%\n'
b'      511        2768540       82019         8           2.6467           0.7658    245.62%           0.7658    245.62%\n'
b'      516        2800739       81242         8           2.6467           0.7700    243.73%           0.7700    243.73%\n'
b'      521        2830769       80868         8           2.6467           0.7744    241.79%           0.7744    241.79%\n'
b'      526        2860269       80055         8           2.6467           0.7770    240.62%           0.7770    240.62%\n'
b'      531        2885872       79806         8           2.6467           0.7779    240.25%           0.7779    240.25%\n'
b'      536        2914137       79825         8           2.6467           0.7787    239.87%           0.7787    239.87%\n'
b'      541        2939703       80299         8           2.6467           0.7814    238.72%           0.7814    238.72%\n'
b'      546        2967900       80904         8           2.6467           0.7829    238.05%           0.7829    238.05%\n'
b'      551        2995663       80704         8           2.6467           0.7847    237.27%           0.7847    237.27%\n'
b'      556        3022470       81051         8           2.6467           0.7878    235.98%           0.7878    235.98%\n'
b'      561        3051194       81024         8           2.6467           0.7925    233.97%           0.7925    233.97%\n'
b'      566        3081141       80823         8           2.6467           0.7942    233.26%           0.7942    233.26%\n'
b'      571        3113576       79360         8           2.6467           0.7994    231.09%           0.7994    231.09%\n'
b'      576        3139943       79843         8           2.6467           0.8028    229.68%           0.8028    229.68%\n'
b'      581        3168507       80122         8           2.6467           0.8050    228.80%           0.8050    228.80%\n'
b'      586        3198868       79362         8           2.6467           0.8086    227.30%           0.8086    227.30%\n'
b'      591        3231821       77848         8           2.6467           0.8099    226.81%           0.8099    226.81%\n'
b'      597        3261337       77682         8           2.6467           0.8136    225.32%           0.8136    225.32%\n'
b'      602        3290960       77261         8           2.6467           0.8157    224.48%           0.8157    224.48%\n'
b'      607        3319895       77636         8           2.6467           0.8181    223.54%           0.8181    223.54%\n'
b'      612        3351131       78052         8           2.6467           0.8196    222.92%           0.8196    222.92%\n'
b'      617        3379218       78583         8           2.6467           0.8201    222.72%           0.8201    222.72%\n'
b'      622        3407007       79318         8           2.6467           0.8211    222.35%           0.8211    222.35%\n'
b'      627        3435354       79594         8           2.6467           0.8212    222.31%           0.8212    222.31%\n'
b'      632        3463057       79118         8           2.6467           0.8239    221.24%           0.8239    221.24%\n'
b'      637        3491477       78598         8           2.6467           0.8264    220.28%           0.8264    220.28%\n'
b'      642        3523346       77691         8           2.6467           0.8286    219.43%           0.8286    219.43%\n'
b'      647        3551386       77842         8           2.6467           0.8300    218.87%           0.8300    218.87%\n'
b'      652        3582568       77127         8           2.6467           0.8300    218.87%           0.8300    218.87%\n'
b'      657        3611338       77410         8           2.6467           0.8312    218.42%           0.8312    218.42%\n'
b'      662        3641061       76126         8           2.6467           0.8330    217.73%           0.8330    217.73%\n'
b'      667        3667270       75238         8           2.6467           0.8357    216.70%           0.8357    216.70%\n'
b'      672        3692322       75429         8           2.6467           0.8400    215.08%           0.8400    215.08%\n'
b'      677        3718350       75816         8           2.6467           0.8403    214.96%           0.8403    214.96%\n'
b'      682        3745924       75515         8           2.6467           0.8403    214.96%           0.8403    214.96%\n'
b'      687        3771210       76535         8           2.6467           0.8403    214.96%           0.8403    214.96%\n'
b'      693        3795091       77384         8           2.6467           0.8403    214.96%           0.8403    214.96%\n'
b'      698        3817738       78219         8           2.6467           0.8409    214.75%           0.8409    214.75%\n'
b'      703        3840688       78754         8           2.6467           0.8426    214.10%           0.8426    214.10%\n'
b'      708        3864021       79160         8           2.6467           0.8433    213.84%           0.8433    213.84%\n'
b'      713        3887298       80590         8           2.6467           0.8452    213.14%           0.8452    213.14%\n'
b'      718        3912187       81182         8           2.6467           0.8481    212.07%           0.8481    212.07%\n'
b'      723        3939742       81102         8           2.6467           0.8482    212.03%           0.8482    212.03%\n'
b'      728        3967490       80756         8           2.6467           0.8490    211.74%           0.8490    211.74%\n'
b'      733        3993045       80745         8           2.6467           0.8502    211.30%           0.8502    211.30%\n'
b'      738        4020031       79675         8           2.6467           0.8517    210.75%           0.8517    210.75%\n'
b'      743        4042194       80131         8           2.6467           0.8521    210.60%           0.8521    210.60%\n'
b'      748        4065850       79839         8           2.6467           0.8522    210.59%           0.8522    210.59%\n'
b'      753        4089574       80062         8           2.6467           0.8542    209.84%           0.8542    209.84%\n'
b'      758        4114110       80204         8           2.6467           0.8564    209.03%           0.8564    209.03%\n'
b'      763        4139145       80406         8           2.6467           0.8587    208.22%           0.8587    208.22%\n'
b'      768        4165792       80024         8           2.6467           0.8594    207.98%           0.8594    207.98%\n'
b'      773        4188971       79791         8           2.6467           0.8594    207.98%           0.8594    207.98%\n'
b'      778        4212912       80298         8           2.6467           0.8594    207.98%           0.8594    207.98%\n'
b'      783        4240392       80865         8           2.6467           0.8594    207.98%           0.8594    207.98%\n'
b'      789        4268042       80561         8           2.6467           0.8594    207.98%           0.8594    207.98%\n'
b'      794        4291860       81031         8           2.6467           0.8594    207.98%           0.8594    207.98%\n'
b'      799        4317185       82052         8           2.6467           0.8594    207.98%           0.8594    207.98%\n'
b'      804        4342590       82599         8           2.6467           0.8594    207.98%           0.8594    207.98%\n'
b'      809        4367744       82638         8           2.6467           0.8594    207.98%           0.8594    207.98%\n'
b'      814        4393323       82360         8           2.6467           0.8594    207.98%           0.8594    207.98%\n'
b'      819        4419327       82104         8           2.6467           0.8599    207.80%           0.8599    207.80%\n'
b'      824        4445187       81285         8           2.6467           0.8609    207.43%           0.8609    207.43%\n'
b'      829        4472622       80285         8           2.6467           0.8631    206.64%           0.8631    206.64%\n'
b'      834        4500739       78762         8           2.6467           0.8636    206.46%           0.8636    206.46%\n'
b'      839        4524361       78602         8           2.6467           0.8648    206.04%           0.8648    206.04%\n'
b'      844        4544299       78875         8           2.6467           0.8665    205.44%           0.8665    205.44%\n'
b'      849        4567596       79793         8           2.6467           0.8675    205.10%           0.8675    205.10%\n'
b'      854        4593929       80528         8           2.6467           0.8679    204.96%           0.8679    204.96%\n'
b'      859        4619091       81254         8           2.6467           0.8679    204.96%           0.8679    204.96%\n'
b'      864        4645136       81537         8           2.6467           0.8684    204.78%           0.8684    204.78%\n'
b'      869        4670979       81876         8           2.6467           0.8698    204.29%           0.8698    204.29%\n'
b'      874        4697795       81377         8           2.6467           0.8732    203.11%           0.8732    203.11%\n'
b'      880        4722497       81758         8           2.6467           0.8746    202.63%           0.8746    202.63%\n'
b'      885        4746668       82546         8           2.6467           0.8750    202.48%           0.8750    202.48%\n'
b'      890        4770507       82814         8           2.6467           0.8752    202.41%           0.8752    202.41%\n'
b'      895        4791587       82766         8           2.6467           0.8760    202.15%           0.8760    202.15%\n'
b'      900        4811342       83286         8           2.6467           0.8773    201.69%           0.8773    201.69%\n'
b'      905        4832257       83548         8           2.6467           0.8792    201.05%           0.8792    201.05%\n'
b'      910        4855559       83802         8           2.6467           0.8801    200.71%           0.8801    200.71%\n'
b'      915        4878250       84387         8           2.6467           0.8822    200.00%           0.8822    200.00%\n'
b'      920        4905244       84964         8           2.6467           0.8822    200.00%           0.8822    200.00%\n'
b'      925        4932270       83703         8           2.6467           0.8822    200.00%           0.8822    200.00%\n'
b'      930        4954392       84442         8           2.6467           0.8822    200.00%           0.8822    200.00%\n'
b'      935        4980325       84626         8           2.6467           0.8827    199.84%           0.8831    199.70%\n'
b'      940        5006747       84688         8           2.6467           0.8837    199.50%           0.8837    199.50%\n'
b'      945        5030891       84106         8           2.6467           0.8856    198.84%           0.8861    198.68%\n'
b'      950        5046761       83838         8           2.6467           0.8875    198.23%           0.8875    198.23%\n'
b'      956        5060856       83778         8           2.6467           0.8913    196.96%           0.8913    196.96%\n'
b'      961        5075793       83768         8           2.6467           0.8923    196.63%           0.8923    196.63%\n'
b'      966        5091823       83931         8           2.6467           0.8965    195.23%           0.8965    195.23%\n'
b'      971        5109306       84169         8           2.6467           0.8974    194.93%           0.8974    194.93%\n'
b'      976        5128212       84115         8           2.6467           0.9032    193.05%           0.9032    193.05%\n'
b'      981        5148153       83760         8           2.6467           0.9062    192.07%           0.9062    192.07%\n'
b'      986        5164202       83778         8           2.6467           0.9093    191.08%           0.9093    191.08%\n'
b'      991        5181068       83522         8           2.6467           0.9093    191.08%           0.9093    191.08%\n'
b'      996        5198554       83002         8           2.6467           0.9122    190.16%           0.9122    190.16%\n'
b'     1001        5215469       83186         8           2.6467           0.9122    190.16%           0.9122    190.16%\n'
b'     1006        5237086       83025         8           2.6467           0.9124    190.08%           0.9124    190.08%\n'
b'     1011        5258143       82487         8           2.6467           0.9173    188.54%           0.9173    188.54%\n'
b'     1016        5276813       82377         8           2.6467           0.9212    187.32%           0.9212    187.32%\n'
b'     1021        5293991       82496         8           2.6467           0.9241    186.40%           0.9241    186.40%\n'
b'     1027        5310459       82519         8           2.6467           0.9269    185.54%           0.9269    185.54%\n'
b'     1032        5324561       81786         8           2.6467           0.9321    183.94%           0.9321    183.94%\n'
b'     1037        5339977       81891         8           2.6467           0.9360    182.77%           0.9360    182.77%\n'
b'     1042        5354517       82480         8           2.6467           0.9383    182.06%           0.9388    181.93%\n'
b'     1047        5370360       82077         8           2.6467           0.9409    181.30%           0.9409    181.30%\n'
b'     1052        5387209       81927         8           2.6467           0.9432    180.62%           0.9432    180.62%\n'
b'     1057        5401640       81665         8           2.6467           0.9432    180.60%           0.9432    180.60%\n'
b'     1062        5417854       81414         8           2.6467           0.9456    179.88%           0.9456    179.88%\n'
b'     1067        5434520       81109         8           2.6467           0.9479    179.23%           0.9479    179.23%\n'
b'     1072        5451423       80483         8           2.6467           0.9501    178.57%           0.9501    178.57%\n'
b'     1077        5465405       80132         8           2.6467           0.9507    178.41%           0.9507    178.41%\n'
b'     1082        5478598       79431         8           2.6467           0.9536    177.55%           0.9536    177.55%\n'
b'     1087        5491051       78624         8           2.6467           0.9553    177.04%           0.9553    177.04%\n'
b'     1092        5505731       77793         8           2.6467           0.9589    176.02%           0.9589    176.02%\n'
b'     1097        5521651       77413         8           2.6467           0.9605    175.54%           0.9605    175.54%\n'
b'     1102        5536255       77998         8           2.6467           0.9630    174.85%           0.9630    174.85%\n'
b'     1107        5552060       78754         8           2.6467           0.9648    174.33%           0.9648    174.33%\n'
b'     1112        5571668       78741         8           2.6467           0.9700    172.85%           0.9700    172.85%\n'
b'     1117        5588410       77954         8           2.6467           0.9723    172.22%           0.9723    172.22%\n'
b'     1122        5609375       76806         8           2.6467           0.9733    171.93%           0.9733    171.93%\n'
b'     1127        5619140       76585         8           2.6467           0.9760    171.18%           0.9760    171.18%\n'
b'     1133        5632795       76433         8           2.6467           0.9793    170.27%           0.9793    170.27%\n'
b'     1138        5641594       76051         8           2.6467           0.9822    169.48%           0.9822    169.48%\n'
b'     1143        5651995       75816         8           2.6467           0.9849    168.73%           0.9849    168.73%\n'
b'     1148        5660658       75703         8           2.6467           0.9876    168.00%           0.9876    168.00%\n'
b'     1153        5668850       75581         8           2.6467           0.9907    167.16%           0.9907    167.16%\n'
b'     1158        5676800       75484         8           2.6467           0.9927    166.62%           0.9927    166.62%\n'
b'     1163        5685799       75592         8           2.6467           0.9927    166.62%           0.9927    166.62%\n'
b'     1168        5693354       75378         8           2.6467           0.9928    166.59%           0.9928    166.59%\n'
b'     1173        5700828       75196         8           2.6467           0.9953    165.91%           0.9953    165.91%\n'
b'     1178        5710228       74997         8           2.6467           0.9965    165.61%           0.9965    165.61%\n'
b'     1183        5719626       74864         8           2.6467           0.9981    165.18%           0.9981    165.18%\n'
b'     1188        5730212       74699         8           2.6467           1.0009    164.44%           1.0009    164.44%\n'
b'     1193        5741664       74352         8           2.6467           1.0048    163.39%           1.0048    163.39%\n'
b'     1198        5749452       74324         8           2.6467           1.0063    163.01%           1.0063    163.01%\n'
b'     1203        5760200       74257         8           2.6467           1.0095    162.19%           1.0095    162.19%\n'
b'     1208        5771789       73917         8           2.6467           1.0120    161.52%           1.0120    161.52%\n'
b'     1213        5784720       73977         8           2.6467           1.0157    160.59%           1.0157    160.59%\n'
b'     1218        5795003       73632         8           2.6467           1.0170    160.25%           1.0170    160.25%\n'
b'     1223        5810017       74776         8           2.6467           1.0170    160.25%           1.0170    160.25%\n'
b'     1228        5825988       74382         8           2.6467           1.0212    159.19%           1.0212    159.19%\n'
b'     1233        5839219       73534         8           2.6467           1.0232    158.66%           1.0232    158.66%\n'
b'     1238        5849708       73806         8           2.6467           1.0249    158.25%           1.0249    158.25%\n'
b'     1243        5862198       73168         8           2.6467           1.0279    157.48%           1.0279    157.48%\n'
b'     1248        5870409       72878         8           2.6467           1.0290    157.21%           1.0290    157.21%\n'
b'     1253        5883712       73028         8           2.6467           1.0303    156.89%           1.0303    156.89%\n'
b'     1258        5895619       72899         8           2.6467           1.0351    155.69%           1.0351    155.69%\n'
b'     1263        5908247       72585         8           2.6467           1.0376    155.07%           1.0376    155.07%\n'
b'     1268        5919862       72408         8           2.6467           1.0400    154.50%           1.0400    154.50%\n'
b'     1274        5936363       72233         8           2.6467           1.0421    153.97%           1.0421    153.97%\n'
b'     1279        5949405       71974         8           2.6467           1.0456    153.13%           1.0456    153.13%\n'
b'     1284        5962067       72028         8           2.6467           1.0481    152.53%           1.0481    152.53%\n'
b'     1289        5974835       72097         8           2.6467           1.0500    152.05%           1.0500    152.05%\n'
b'     1294        5984759       72274         8           2.6467           1.0527    151.42%           1.0527    151.42%\n'
b'     1299        5995600       72221         8           2.6467           1.0541    151.09%           1.0541    151.09%\n'
b'     1304        6008211       72080         8           2.6467           1.0549    150.89%           1.0549    150.89%\n'
b'     1309        6018846       71747         8           2.6467           1.0593    149.84%           1.0593    149.84%\n'
b'     1314        6033718       71797         8           2.6467           1.0610    149.45%           1.0610    149.45%\n'
b'     1319        6050094       71814         8           2.6467           1.0621    149.20%           1.0621    149.20%\n'
b'     1324        6066379       71613         8           2.6467           1.0645    148.64%           1.0645    148.64%\n'
b'     1329        6078130       71127         8           2.6467           1.0663    148.22%           1.0663    148.22%\n'
b'     1334        6090984       71016         8           2.6467           1.0696    147.45%           1.0696    147.45%\n'
b'     1339        6107496       71367         8           2.6467           1.0715    147.00%           1.0715    147.00%\n'
b'     1344        6126673       70750         8           2.6467           1.0731    146.63%           1.0731    146.63%\n'
b'     1349        6143908       70289         8           2.6467           1.0733    146.59%           1.0733    146.59%\n'
b'     1354        6160274       69262         8           2.6467           1.0768    145.78%           1.0768    145.78%\n'
b'     1359        6173525       69185         8           2.6467           1.0796    145.16%           1.0796    145.16%\n'
b'     1365        6187833       68633         8           2.6467           1.0821    144.59%           1.0821    144.59%\n'
b'     1370        6199529       68401         8           2.6467           1.0821    144.59%           1.0821    144.59%\n'
b'     1375        6210298       68221         8           2.6467           1.0845    144.05%           1.0845    144.05%\n'
b'     1380        6222953       68756         8           2.6467           1.0867    143.56%           1.0867    143.56%\n'
b'     1385        6241995       68827         8           2.6467           1.0896    142.90%           1.0896    142.90%\n'
b'     1390        6257773       68833         8           2.6467           1.0927    142.22%           1.0927    142.22%\n'
b'     1395        6280236       67995         8           2.6467           1.0951    141.69%           1.0951    141.69%\n'
b'     1400        6294625       67565         8           2.6467           1.0971    141.26%           1.0971    141.26%\n'
b'     1405        6307535       67122         8           2.6467           1.1006    140.49%           1.1006    140.49%\n'
b'     1410        6319099       66773         8           2.6467           1.1035    139.85%           1.1035    139.85%\n'
b'     1415        6332656       66395         8           2.6467           1.1073    139.03%           1.1073    139.03%\n'
b'     1420        6342941       66023         8           2.6467           1.1113    138.16%           1.1113    138.16%\n'
b'     1425        6354996       65989         8           2.6467           1.1118    138.06%           1.1118    138.06%\n'
b'     1430        6364698       66087         8           2.6467           1.1129    137.83%           1.1129    137.83%\n'
b'     1435        6379727       67190         8           2.6467           1.1129    137.83%           1.1129    137.83%\n'
b'     1441        6397873       66937         8           2.6467           1.1129    137.83%           1.1129    137.83%\n'
b'     1446        6411694       66548         8           2.6467           1.1145    137.47%           1.1145    137.47%\n'
b'     1451        6426317       66160         8           2.6467           1.1162    137.11%           1.1162    137.11%\n'
b'     1456        6441166       65847         8           2.6467           1.1183    136.68%           1.1183    136.68%\n'
b'     1461        6453960       65800         8           2.6467           1.1194    136.44%           1.1194    136.44%\n'
b'     1466        6466921       65421         8           2.6467           1.1237    135.54%           1.1237    135.54%\n'
b'     1471        6477884       64930         8           2.6467           1.1259    135.08%           1.1259    135.08%\n'
b'     1476        6489053       64557         8           2.6467           1.1291    134.40%           1.1291    134.40%\n'
b'     1481        6501782       64574         8           2.6467           1.1308    134.05%           1.1309    134.03%\n'
b'     1486        6513637       63949         8           2.6467           1.1325    133.71%           1.1325    133.71%\n'
b'     1491        6522142       64039         8           2.6467           1.1363    132.93%           1.1369    132.80%\n'
b'     1496        6532948       64062         8           2.6467           1.1391    132.36%           1.1391    132.36%\n'
b'     1501        6544521       63376         8           2.6467           1.1411    131.95%           1.1411    131.95%\n'
b'     1506        6553716       63172         8           2.6467           1.1457    131.02%           1.1457    131.02%\n'
b'     1511        6565788       62590         8           2.6467           1.1473    130.69%           1.1473    130.69%\n'
b'     1516        6574888       62828         8           2.6467           1.1502    130.11%           1.1502    130.11%\n'
b'     1521        6586830       63078         8           2.6467           1.1540    129.35%           1.1540    129.35%\n'
b'     1526        6599405       62665         8           2.6467           1.1555    129.06%           1.1561    128.93%\n'
b'     1531        6608610       62296         8           2.6467           1.1588    128.40%           1.1588    128.40%\n'
b'     1536        6625572       62142         8           2.6467           1.1612    127.92%           1.1612    127.92%\n'
b'     1541        6641470       61538         8           2.6467           1.1631    127.55%           1.1631    127.55%\n'
b'     1546        6653594       61256         8           2.6467           1.1660    127.00%           1.1660    127.00%\n'
b'     1552        6666639       60761         8           2.6467           1.1701    126.20%           1.1701    126.20%\n'
b'     1557        6679253       60353         8           2.6467           1.1728    125.67%           1.1728    125.67%\n'
b'     1562        6689055       60027         8           2.6467           1.1770    124.87%           1.1770    124.87%\n'
b'     1567        6699359       59722         8           2.6467           1.1786    124.57%           1.1786    124.57%\n'
b'     1572        6708333       59014         8           2.6467           1.1794    124.41%           1.1794    124.41%\n'
b'     1577        6719139       58505         8           2.6467           1.1829    123.74%           1.1829    123.74%\n'
b'     1582        6727310       58184         8           2.6467           1.1861    123.14%           1.1861    123.14%\n'
b'     1587        6736269       58005         8           2.6467           1.1885    122.68%           1.1885    122.68%\n'
b'     1592        6746239       57249         8           2.6467           1.1911    122.21%           1.1911    122.21%\n'
b'     1597        6755662       56856         8           2.6467           1.1957    121.35%           1.1957    121.35%\n'
b'     1602        6766464       56664         8           2.6467           1.1983    120.87%           1.1983    120.87%\n'
b'     1607        6782425       56584         8           2.6467           1.1999    120.58%           1.1999    120.58%\n'
b'     1612        6794038       55767         8           2.6467           1.2020    120.19%           1.2020    120.19%\n'
b'     1617        6805691       55324         8           2.6467           1.2050    119.64%           1.2050    119.64%\n'
b'     1622        6817482       54644         8           2.6467           1.2097    118.79%           1.2097    118.79%\n'
b'     1627        6829113       54184         8           2.6467           1.2147    117.89%           1.2147    117.89%\n'
b'     1632        6839036       53562         8           2.6467           1.2204    116.87%           1.2204    116.87%\n'
b'     1638        6848831       53011         8           2.6467           1.2259    115.91%           1.2259    115.91%\n'
b'     1643        6858394       52375         8           2.6467           1.2286    115.43%           1.2286    115.43%\n'
b'     1648        6868182       51961         8           2.6467           1.2304    115.11%           1.2304    115.11%\n'
b'     1653        6876886       51381         8           2.6467           1.2358    114.16%           1.2358    114.16%\n'
b'     1658        6887047       51271         8           2.6467           1.2385    113.70%           1.2385    113.70%\n'
b'     1663        6900881       50441         8           2.6467           1.2426    113.00%           1.2426    113.00%\n'
b'     1668        6909841       49837         8           2.6467           1.2457    112.47%           1.2457    112.47%\n'
b'     1673        6918795       49304         8           2.6467           1.2484    112.01%           1.2484    112.01%\n'
b'     1678        6929039       48741         8           2.6467           1.2514    111.50%           1.2515    111.48%\n'
b'     1683        6939930       48292         8           2.6467           1.2555    110.80%           1.2555    110.80%\n'
b'     1688        6948836       47875         8           2.6467           1.2581    110.38%           1.2581    110.38%\n'
b'     1693        6959094       47530         8           2.6467           1.2611    109.88%           1.2611    109.88%\n'
b'     1698        6971825       46998         8           2.6467           1.2639    109.40%           1.2639    109.40%\n'
b'     1703        6982864       46481         8           2.6467           1.2672    108.86%           1.2672    108.86%\n'
b'     1708        6990461       45794         8           2.6467           1.2718    108.11%           1.2718    108.11%\n'
b'     1714        7003553       45366         8           2.6467           1.2766    107.32%           1.2766    107.32%\n'
b'     1719        7013768       44482         8           2.6467           1.2826    106.35%           1.2826    106.35%\n'
b'     1724        7023657       44661         8           2.6467           1.2832    106.26%           1.2832    106.26%\n'
b'     1729        7041860       44486         8           2.6467           1.2832    106.26%           1.2832    106.26%\n'
b'     1734        7058905       44564         8           2.6467           1.2863    105.76%           1.2863    105.76%\n'
b'     1739        7076136       44145         8           2.6467           1.2863    105.76%           1.2863    105.76%\n'
b'     1744        7093648       43285         8           2.6467           1.2863    105.76%           1.2863    105.76%\n'
b'     1749        7106811       42728         8           2.6467           1.2929    104.70%           1.2933    104.65%\n'
b'     1754        7116460       42328         8           2.6467           1.2958    104.26%           1.2958    104.26%\n'
b'     1759        7126945       41835         8           2.6467           1.3013    103.38%           1.3013    103.38%\n'
b'     1764        7136828       41131         8           2.6467           1.3045    102.89%           1.3045    102.89%\n'
b'     1769        7145750       40593         8           2.6467           1.3100    102.04%           1.3100    102.04%\n'
b'     1774        7156998       40296         8           2.6467           1.3126    101.63%           1.3126    101.63%\n'
b'     1779        7166585       39701         8           2.6467           1.3174    100.91%           1.3174    100.91%\n'
b'     1784        7178479       39135         8           2.6467           1.3209    100.38%           1.3212    100.32%\n'
b'     1789        7186568       38765         8           2.6467           1.3260     99.60%           1.3260     99.60%\n'
b'     1794        7196816       38085         8           2.6467           1.3300     99.00%           1.3300     99.00%\n'
b'     1799        7206355       37622         8           2.6467           1.3340     98.41%           1.3340     98.41%\n'
b'     1804        7216424       36959         8           2.6467           1.3398     97.55%           1.3398     97.55%\n'
b'     1809        7226596       36140         8           2.6467           1.3459     96.65%           1.3459     96.65%\n'
b'     1814        7237785       35364         8           2.6467           1.3530     95.61%           1.3530     95.61%\n'
b'     1819        7247165       34821         8           2.6467           1.3548     95.36%           1.3548     95.36%\n'
b'     1824        7258709       34007         8           2.6467           1.3609     94.48%           1.3609     94.48%\n'
b'     1829        7270022       33008         8           2.6467           1.3617     94.36%           1.3617     94.36%\n'
b'     1834        7278844       31964         8           2.6467           1.3696     93.24%           1.3696     93.24%\n'
b'     1840        7289430       31042         8           2.6467           1.3759     92.37%           1.3759     92.37%\n'
b'     1845        7299443       30440         8           2.6467           1.3819     91.53%           1.3819     91.53%\n'
b'     1850        7304833       29692         8           2.6467           1.3863     90.92%           1.3863     90.92%\n'
b'     1855        7311053       29112         8           2.6467           1.3898     90.43%           1.3898     90.43%\n'
b'     1860        7315841       28529         8           2.6467           1.3948     89.75%           1.3948     89.75%\n'
b'     1865        7320726       28098         8           2.6467           1.4000     89.04%           1.4000     89.04%\n'
b'     1870        7328583       27439         8           2.6467           1.4099     87.72%           1.4099     87.72%\n'
b'     1875        7334315       26842         8           2.6467           1.4187     86.56%           1.4187     86.56%\n'
b'     1880        7340002       26219         8           2.6467           1.4274     85.42%           1.4274     85.42%\n'
b'     1885        7346314       25621         8           2.6467           1.4344     84.52%           1.4344     84.52%\n'
b'     1890        7352983       24945         8           2.6467           1.4429     83.43%           1.4429     83.43%\n'
b'     1895        7358280       24383         8           2.6467           1.4517     82.31%           1.4517     82.31%\n'
b'     1900        7362428       23740         8           2.6467           1.4624     80.99%           1.4624     80.99%\n'
b'     1905        7368371       23126         8           2.6467           1.4705     79.99%           1.4705     79.99%\n'
b'     1910        7374270       22526         8           2.6467           1.4802     78.80%           1.4802     78.80%\n'
b'     1915        7379851       21940         8           2.6467           1.4864     78.06%           1.4864     78.06%\n'
b'     1920        7386522       21391         8           2.6467           1.4985     76.63%           1.4985     76.63%\n'
b'     1925        7394295       21010         8           2.6467           1.5066     75.68%           1.5066     75.68%\n'
b'     1931        7400280       20559         8           2.6467           1.5149     74.71%           1.5149     74.71%\n'
b'     1936        7409711       20415         8           2.6467           1.5223     73.87%           1.5227     73.81%\n'
b'     1941        7417624       20283         8           2.6467           1.5254     73.51%           1.5254     73.51%\n'
b'     1946        7424536       20010         8           2.6467           1.5275     73.27%           1.5278     73.24%\n'
b'     1951        7432929       19570         8           2.6467           1.5374     72.15%           1.5374     72.15%\n'
b'     1956        7442463       19128         8           2.6467           1.5401     71.86%           1.5409     71.76%\n'
b'     1961        7451242       18469         8           2.6467           1.5499     70.76%           1.5499     70.76%\n'
b'     1966        7459480       17899         8           2.6467           1.5541     70.31%           1.5579     69.89%\n'
b'     1971        7467864       17116         8           2.6467           1.5703     68.54%           1.5703     68.54%\n'
b'     1976        7477803       16341         8           2.6467           1.5832     67.18%           1.5832     67.18%\n'
b'     1981        7486587       15524         8           2.6467           1.5969     65.73%           1.5969     65.73%\n'
b'     1986        7495507       14624         8           2.6467           1.6133     64.06%           1.6133     64.06%\n'
b'     1991        7504553       13813         8           2.6467           1.6257     62.80%           1.6262     62.75%\n'
b'     1996        7513073       12790         8           2.6467           1.6346     61.92%           1.6346     61.92%\n'
b'     2001        7522082       11724         8           2.6467           1.6358     61.80%           1.6358     61.80%\n'
b'     2006        7533193       10205         8           2.6467           1.6560     59.82%           1.6568     59.75%\n'
b'     2011        7541421        8580         8           2.6467           1.6823     57.33%           1.6823     57.33%\n'
b'     2016        7547478        7465         8           2.6467           1.7087     54.90%           1.7087     54.90%\n'
b'     2021        7553611        6259         8           2.6467           1.7364     52.43%           1.7364     52.43%\n'
b'     2026        7559183        4819         8           2.6467           1.7792     48.75%           1.7807     48.63%\n'
b'     2031        7566635        3430         8           2.6467           1.8362     44.14%           1.8369     44.09%\n'
b'     2036        7571588        2010         8           2.6467           1.9034     39.05%           1.9046     38.97%\n'
b'     2041        7582383         458         8           2.6467           2.0951     26.32%           2.0971     26.21%\n'
b'     2044        7590442           0         0           2.6467           2.6467      0.00%\n'
b'SCIP Status        : problem is solved\n'
b'Total Time         : 2044.19\n'
b'  solving          : 2044.19\n'
b'  presolving       : 0.14 (included in solving)\n'
b'B&B Tree           :\n'
b'  nodes (total)    : 7590442\n'
b'Solution           :\n'
b'  Solutions found  : 7\n'
b'  Primal Bound     : +2.64669574927830e+00\n'
b'  Dual Bound       : +2.64669574927830e+00\n'
b'Gap                : 0.00000 %\n'
