b'The following solver is parallelized by UG version 0.9.1 [GitHash: ]\n'
b'SCIP version 7.0.2 [precision: 8 byte] [memory: block] [mode: optimized] [LP solver: SoPlex 5.0.2] [GitHash: e9d280a398]\n'
b'Copyright (C) 2002-2020 Konrad-Zuse-Zentrum fuer Informationstechnik Berlin (ZIB)\n'
b'External codes: \n'
b'  Readline 7.0         GNU library for command line editing (gnu.org/s/readline)\n'
b'  SoPlex 5.0.2         Linear Programming Solver developed at Zuse Institute Berlin (soplex.zib.de) [GitHash: e24c304e]\n'
b'  CppAD 20180000.0     Algorithmic Differentiation of C++ algorithms developed by B. Bell (www.coin-or.org/CppAD)\n'
b'  ZLIB 1.2.11          General purpose compression library by J. Gailly and M. Adler (zlib.net)\n'
b'  GMP 6.1.2            GNU Multiple Precision Arithmetic Library developed by T. Granlund (gmplib.org)\n'
b'  ZIMPL 3.4.0          Zuse Institute Mathematical Programming Language developed by T. Koch (zimpl.zib.de)\n'
b'Default LC presolving (default).\n'
b'Original Problem   :\n'
b'  Problem name     : 028\n'
b'  Variables        : 5320 (1200 binary, 0 integer, 0 implicit integer, 4120 continuous)\n'
b'  Constraints      : 13854\n'
b'  Objective sense  : minimize\n'
b'Presolved Problem  :\n'
b'  Variables        : 1485 (442 binary, 0 integer, 0 implicit integer, 1043 continuous)\n'
b'  Constraints      : 1653\n'
b'Constraints        : Number\n'
b'  knapsack         : 8 \n'
b'  setppc           : 116 \n'
b'  linear           : 1522 \n'
b'  logicor          : 7 \n'
b'** Instance transfer method used: 0\n'
b'** ParaScipInstance copy does not increase the number of variables. **\n'
b'LC is working with racing ramp-up and with rebuilding tree after racing.\n'
b'                               Nodes    Active                                            \n'
b'     Time          Nodes        Left   Solvers     Best Integer        Best Node       Gap     Best Node(S)    Gap(S)\n'
b'*       2              2           1         8           3.4538           0.0000         -\n'
b'*       2              2           1         8           2.7696           0.0000         -\n'
b'*       4            101          90         8           1.7751           0.0000         -\n'
b'*       4            197         176         8           1.7464           0.0000         -\n'
b'*       4            197         176         8           1.3540           0.0000         -\n'
b'        5              2           1         8           1.3540           0.0000         -\n'
b'Racing ramp-up finished after 7.6900 seconds. Selected strategy 3.\n'
b'       10           1035         403         8           1.3540           0.0000         -           0.0000         -\n'
b'       16           5105        3301         8           1.3540           0.0000         -           0.0161         -\n'
b'       21          10413        5849         8           1.3540           0.0000         -           0.0239         -\n'
b'       26          15508        8084         8           1.3540           0.0000         -           0.0258         -\n'
b'       31          21729       10488         8           1.3540           0.0000         -           0.0267         -\n'
b'       36          28303       12991         8           1.3540           0.0000         -           0.0288         -\n'
b'       41          35173       15293         8           1.3540           0.0000         -           0.0298         -\n'
b'       46          43019       17758         8           1.3540           0.0000         -           0.0320         -\n'
b'       51          50486       19847         8           1.3540           0.0000         -           0.0334         -\n'
b'       56          57716       21724         8           1.3540           0.0000         -           0.0338         -\n'
b'       61          64757       23668         8           1.3540           0.0000         -           0.0338         -\n'
b'       67          72620       25658         8           1.3540           0.0000         -           0.0338         -\n'
b'*      69          77204       26799         8           1.3172           0.0000         -           0.0338         -\n'
b'       72          80982       27616         8           1.3172           0.0000         -           0.0338         -\n'
b'       77          89219       29785         8           1.3172           0.0000         -           0.0338         -\n'
b'       82          97846       32105         8           1.3172           0.0000         -           0.0338         -\n'
b'*      84         101052       32873         8           1.2115           0.0000         -           0.0338         -\n'
b'       87         106717       33962         8           1.2115           0.0000         -           0.0338         -\n'
b'       92         115429       35997         8           1.2115           0.0000         -           0.0338         -\n'
b'       97         123959       37858         8           1.2115           0.0000         -           0.0357         -\n'
b'      102         132616       39799         8           1.2115           0.0000         -           0.0364         -\n'
b'      107         141209       41729         8           1.2115           0.0000         -           0.0364         -\n'
b'      112         149578       43573         8           1.2115           0.0000         -           0.0364         -\n'
b'      117         157370       45396         8           1.2115           0.0000         -           0.0365         -\n'
b'      123         166465       47386         8           1.2115           0.0000         -           0.0366         -\n'
b'      128         174813       49350         8           1.2115           0.0000         -           0.0370         -\n'
b'      133         183918       51287         8           1.2115           0.0000         -           0.0378         -\n'
b'      138         192427       53104         8           1.2115           0.0000         -           0.0381         -\n'
b'      143         201181       55012         8           1.2115           0.0000         -           0.0389         -\n'
b'      148         209673       56915         8           1.2115           0.0000         -           0.0393         -\n'
b'      153         218193       58726         8           1.2115           0.0000         -           0.0396         -\n'
b'      158         227342       60603         8           1.2115           0.0000         -           0.0397         -\n'
b'      163         236174       62288         8           1.2115           0.0000         -           0.0405         -\n'
b'      168         245670       64074         8           1.2115           0.0000         -           0.0410         -\n'
b'      173         255859       66077         8           1.2115           0.0000         -           0.0424         -\n'
b'      178         265911       68021         8           1.2115           0.0000         -           0.0446         -\n'
b'      184         275284       69748         8           1.2115           0.0000         -           0.0460         -\n'
b'*     184         276774       70045         8           1.1537           0.0000         -           0.0460         -\n'
b'      189         285088       71469         8           1.1537           0.0000         -           0.0474         -\n'
b'      194         294430       73327         8           1.1537           0.0000         -           0.0477         -\n'
b'      199         303848       75335         8           1.1537           0.0000         -           0.0477         -\n'
b'      204         312762       77180         8           1.1537           0.0000         -           0.0531         -\n'
b'      209         322181       79066         8           1.1537           0.0000         -           0.0533         -\n'
b'      214         331996       80824         8           1.1537           0.0000         -           0.0553         -\n'
b'      219         341551       82436         8           1.1537           0.0000         -           0.0571         -\n'
b'      224         351819       84278         8           1.1537           0.0000         -           0.0637         -\n'
b'*     228         358725       85561         8           1.0844           0.0000         -           0.0638         -\n'
b'      229         360976       85440         8           1.0844           0.0000         -           0.0638         -\n'
b'      235         371299       87245         8           1.0844           0.0000         -           0.0638         -\n'
b'      240         380100       88862         8           1.0844           0.0000         -           0.0638         -\n'
b'      245         389286       90595         8           1.0844           0.0000         -           0.0638         -\n'
b'      250         399009       92235         8           1.0844           0.0000         -           0.0641         -\n'
b'      255         408585       93815         8           1.0844           0.0000         -           0.0658         -\n'
b'      260         418729       95455         8           1.0844           0.0000         -           0.0678         -\n'
b'      265         428345       97015         8           1.0844           0.0000         -           0.0682         -\n'
b'      270         437078       98454         8           1.0844           0.0000         -           0.0683         -\n'
b'      275         446275       99972         8           1.0844           0.0000         -           0.0683         -\n'
b'      280         457152      101665         8           1.0844           0.0000         -           0.0683         -\n'
b'*     281         458862      100993         8           1.0191           0.0000         -           0.0683         -\n'
b'      285         468352      101807         8           1.0191           0.0000         -           0.0691         -\n'
b'      290         479624      103416         8           1.0191           0.0000         -           0.0695         -\n'
b'      296         490831      104755         8           1.0191           0.0000         -           0.0736         -\n'
b'      301         502361      105997         8           1.0191           0.0000         -           0.0742         -\n'
b'*     305         511734      106891         8           0.7620           0.0000         -           0.0758         -\n'
b'      306         513022      103856         8           0.7620           0.0000         -           0.0775         -\n'
b'      311         523282      104886         8           0.7620           0.0000         -           0.0824         -\n'
b'      316         534004      105880         8           0.7620           0.0000         -           0.0855         -\n'
b'*     320         542010      106613         8           0.7564           0.0000         -           0.0855         -\n'
b'      321         544336      106612         8           0.7564           0.0000         -           0.0857         -\n'
b'*     323         548514      106964         8           0.7535           0.0000         -           0.0870         -\n'
b'      326         554525      107361         8           0.7535           0.0000         -           0.0890         -\n'
b'      331         563846      108005         8           0.7535           0.0000         -           0.0897         -\n'
b'      336         573636      108900         8           0.7535           0.0000         -           0.0905         -\n'
b'      341         583554      109297         8           0.7535           0.0000         -           0.0925         -\n'
b'      347         593382      109960         8           0.7535           0.0000         -           0.0934         -\n'
b'      352         603925      110186         8           0.7535           0.0000         -           0.0934         -\n'
b'      357         614603      110802         8           0.7535           0.0000         -           0.0934         -\n'
b'      362         625291      110640         8           0.7535           0.0000         -           0.0966         -\n'
b'      367         635490      109252         8           0.7535           0.0000         -           0.0966         -\n'
b'      372         645115      106816         8           0.7535           0.0000         -           0.0966         -\n'
b'      377         654103      108344         8           0.7535           0.0000         -           0.0966         -\n'
b'      382         664317      109537         8           0.7535           0.0000         -           0.0978         -\n'
b'      387         674548      110906         8           0.7535           0.0000         -           0.0978         -\n'
b'      392         685010      112255         8           0.7535           0.0000         -           0.0979         -\n'
b'      397         695097      113318         8           0.7535           0.0000         -           0.0979         -\n'
b'      402         705481      114352         8           0.7535           0.0000         -           0.0990         -\n'
b'      407         715738      115491         8           0.7535           0.0000         -           0.0991         -\n'
b'      412         725818      116505         8           0.7535           0.0000         -           0.0992         -\n'
b'      418         736543      117747         8           0.7535           0.0000         -           0.0997         -\n'
b'      423         748074      118730         8           0.7535           0.0000         -           0.1000         -\n'
b'      428         759310      119376         8           0.7535           0.0000         -           0.1010         -\n'
b'      433         771061      120015         8           0.7535           0.0000         -           0.1014         -\n'
b'      438         782587      120141         8           0.7535           0.0000         -           0.1015         -\n'
b'      443         792277      121514         8           0.7535           0.0000         -           0.1019         -\n'
b'      448         803237      122907         8           0.7535           0.0000         -           0.1034         -\n'
b'      453         814030      124010         8           0.7535           0.0000         -           0.1047         -\n'
b'      458         824037      125327         8           0.7535           0.0000         -           0.1062         -\n'
b'      463         833865      126261         8           0.7535           0.0000         -           0.1086         -\n'
b'      468         844283      127276         8           0.7535           0.0000         -           0.1098         -\n'
b'      473         855308      128524         8           0.7535           0.0000         -           0.1098         -\n'
b'      478         865289      129795         8           0.7535           0.0000         -           0.1098         -\n'
b'      484         874345      130941         8           0.7535           0.0000         -           0.1099         -\n'
b'      489         885237      129886         8           0.7535           0.0000         -           0.1105         -\n'
b'      494         894940      130711         8           0.7535           0.0000         -           0.1112         -\n'
b'      499         905038      131189         8           0.7535           0.0000         -           0.1112         -\n'
b'      504         917558      132075         8           0.7535           0.0000         -           0.1130         -\n'
b'      509         928535      132838         8           0.7535           0.0000         -           0.1161         -\n'
b'      514         939215      133430         8           0.7535           0.0000         -           0.1161         -\n'
b'      519         950493      134199         8           0.7535           0.0000         -           0.1173         -\n'
b'      524         959663      134802         8           0.7535           0.0000         -           0.1180         -\n'
b'      529         969578      135435         8           0.7535           0.0000         -           0.1180         -\n'
b'      534         979906      136047         8           0.7535           0.0000         -           0.1182         -\n'
b'      539         990554      135998         8           0.7535           0.0000         -           0.1185         -\n'
b'      544        1001764      135916         8           0.7535           0.0000         -           0.1196         -\n'
b'      549        1012523      135326         8           0.7535           0.0000         -           0.1202         -\n'
b'      555        1023281      134195         8           0.7535           0.0000         -           0.1208         -\n'
b'      560        1034383      132609         8           0.7535           0.0000         -           0.1208         -\n'
b'      565        1046576      131967         8           0.7535           0.0000         -           0.1240         -\n'
b'      570        1058066      132061         8           0.7535           0.0000         -           0.1246         -\n'
b'      575        1072059      132979         8           0.7535           0.0000         -           0.0521         -\n'
b'      580        1085836      133893         8           0.7535           0.0000         -           0.1251         -\n'
b'      585        1099070      134663         8           0.7535           0.0000         -           0.1251         -\n'
b'      590        1112184      130721         8           0.7535           0.0000         -           0.0000         -\n'
b'      596        1121360      130512         8           0.7535           0.0000         -           0.1273    492.02%\n'
b'      601        1132705      128174         8           0.7535           0.0000         -           0.1273    492.02%\n'
b'      606        1145251      124003         8           0.7535           0.0515         -           0.0515         -\n'
b'      611        1156313      124944         8           0.7535           0.0874         -           0.0874         -\n'
b'      616        1168461      125647         8           0.7535           0.1282    487.90%           0.1282    487.90%\n'
b'      621        1177251      126432         8           0.7535           0.1292    483.34%           0.1292    483.34%\n'
b'      626        1186802      127199         8           0.7535           0.1350    457.96%           0.1350    457.96%\n'
b'      631        1196685      127913         8           0.7535           0.1357    455.21%           0.1399    438.59%\n'
b'      636        1206156      128584         8           0.7535           0.1460    415.95%           0.1499    402.75%\n'
b'      641        1215782      129398         8           0.7535           0.1510    398.95%           0.1510    398.95%\n'
b'      646        1225520      130076         8           0.7535           0.1557    384.03%           0.1605    369.38%\n'
b'      651        1234737      130873         8           0.7535           0.1607    368.89%           0.1607    368.89%\n'
b'      656        1244191      131740         8           0.7535           0.1649    356.80%           0.1649    356.80%\n'
b'      661        1253057      132244         8           0.7535           0.1649    356.80%           0.1655    355.13%\n'
b'      666        1262968      132985         8           0.7535           0.1649    356.80%           0.1677    349.38%\n'
b'      671        1271106      133541         8           0.7535           0.1661    353.51%           0.1661    353.51%\n'
b'      676        1279447      133970         8           0.7535           0.1723    337.24%           0.1723    337.24%\n'
b'      682        1289356      134701         8           0.7535           0.1759    328.30%           0.1759    328.30%\n'
b'      687        1297675      135154         8           0.7535           0.1772    325.10%           0.1772    325.10%\n'
b'      692        1307023      135596         8           0.7535           0.1797    319.32%           0.1797    319.32%\n'
b'      697        1316200      135866         8           0.7535           0.1838    310.00%           0.1841    309.34%\n'
b'      702        1326390      136377         8           0.7535           0.1866    303.69%           0.1866    303.69%\n'
b'      707        1335593      136935         8           0.7535           0.1893    298.01%           0.1895    297.66%\n'
b'      712        1345738      137196         8           0.7535           0.1922    292.12%           0.1922    292.12%\n'
b'      717        1356368      137518         8           0.7535           0.1922    292.12%           0.1922    292.12%\n'
b'      722        1366181      137872         8           0.7535           0.1922    292.12%           0.1929    290.61%\n'
b'      727        1375986      138633         8           0.7535           0.1925    291.44%           0.1925    291.44%\n'
b'      732        1386584      139280         8           0.7535           0.1962    283.95%           0.1962    283.95%\n'
b'      737        1398458      139706         8           0.7535           0.1962    283.95%           0.1962    283.95%\n'
b'      742        1410462      140031         8           0.7535           0.1962    283.95%           0.1962    283.95%\n'
b'      747        1420325      140157         8           0.7535           0.1983    279.91%           0.1983    279.91%\n'
b'      752        1430795      140698         8           0.7535           0.2024    272.36%           0.2024    272.36%\n'
b'      758        1442145      141135         8           0.7535           0.2024    272.36%           0.2027    271.78%\n'
b'      763        1454053      141189         8           0.7535           0.2024    272.36%           0.2024    272.36%\n'
b'      768        1464303      141022         8           0.7535           0.2024    272.36%           0.2035    270.23%\n'
b'      773        1476738      141043         8           0.7535           0.2024    272.36%           0.2024    272.36%\n'
b'      778        1486284      141588         8           0.7535           0.2036    270.04%           0.2036    270.04%\n'
b'      783        1493188      142260         8           0.7535           0.2071    263.82%           0.2071    263.82%\n'
b'      788        1500784      142899         8           0.7535           0.2073    263.47%           0.2073    263.47%\n'
b'      793        1508653      143514         8           0.7535           0.2084    261.54%           0.2108    257.51%\n'
b'      798        1516233      144101         8           0.7535           0.2120    255.33%           0.2133    253.25%\n'
b'      803        1523604      144795         8           0.7535           0.2139    252.32%           0.2139    252.32%\n'
b'      808        1530316      145372         8           0.7535           0.2157    249.30%           0.2157    249.30%\n'
b'      813        1539353      146156         8           0.7535           0.2157    249.30%           0.2157    249.30%\n'
b'      818        1549085      146898         8           0.7535           0.2157    249.30%           0.2157    249.30%\n'
b'      823        1558176      147563         8           0.7535           0.2157    249.30%           0.2157    249.30%\n'
b'      828        1567587      148548         8           0.7535           0.2157    249.30%           0.2157    249.30%\n'
b'      834        1578045      149277         8           0.7535           0.2157    249.30%           0.2162    248.52%\n'
b'      839        1585854      150014         8           0.7535           0.2162    248.52%           0.2162    248.52%\n'
b'      844        1594628      150991         8           0.7535           0.2162    248.52%           0.2162    248.52%\n'
b'      849        1603538      151772         8           0.7535           0.2162    248.52%           0.2162    248.52%\n'
b'      854        1614661      152597         8           0.7535           0.2162    248.52%           0.2162    248.52%\n'
b'      859        1624776      153223         8           0.7535           0.2162    248.52%           0.2162    248.52%\n'
b'      864        1632912      154131         8           0.7535           0.2162    248.52%           0.2162    248.52%\n'
b'      869        1642134      154711         8           0.7535           0.2178    246.01%           0.2178    246.01%\n'
b'      874        1649712      155481         8           0.7535           0.2185    244.78%           0.2185    244.78%\n'
b'      879        1657703      156174         8           0.7535           0.2195    243.23%           0.2195    243.23%\n'
b'      884        1665177      156898         8           0.7535           0.2199    242.60%           0.2221    239.28%\n'
b'      889        1673404      157501         8           0.7535           0.2222    239.15%           0.2222    239.15%\n'
b'      894        1681689      158157         8           0.7535           0.2248    235.14%           0.2248    235.14%\n'
b'      899        1691313      158905         8           0.7535           0.2248    235.14%           0.2248    235.14%\n'
b'      904        1700318      159628         8           0.7535           0.2271    231.85%           0.2271    231.85%\n'
b'      910        1708859      160450         8           0.7535           0.2288    229.38%           0.2288    229.38%\n'
b'      915        1716658      161004         8           0.7535           0.2295    228.35%           0.2295    228.35%\n'
b'      920        1723374      161589         8           0.7535           0.2305    226.84%           0.2305    226.84%\n'
b'      925        1730637      162126         8           0.7535           0.2328    223.70%           0.2332    223.12%\n'
b'      930        1738049      162603         8           0.7535           0.2350    220.57%           0.2350    220.57%\n'
b'      935        1746619      163425         8           0.7535           0.2388    215.55%           0.2388    215.55%\n'
b'      940        1754700      164256         8           0.7535           0.2388    215.55%           0.2388    215.55%\n'
b'      945        1764297      165346         8           0.7535           0.2388    215.55%           0.2388    215.55%\n'
b'      950        1773429      165926         8           0.7535           0.2388    215.55%           0.2388    215.55%\n'
b'      955        1781589      165805         8           0.7535           0.2413    212.32%           0.2413    212.32%\n'
b'      960        1788688      163374         8           0.7535           0.2440    208.80%           0.2440    208.80%\n'
b'      966        1796449      163926         8           0.7535           0.2450    207.59%           0.2450    207.59%\n'
b'      971        1802858      164507         8           0.7535           0.2454    207.06%           0.2454    207.06%\n'
b'      976        1809903      165169         8           0.7535           0.2465    205.62%           0.2465    205.62%\n'
b'      981        1818231      165688         8           0.7535           0.2474    204.60%           0.2474    204.60%\n'
b'      986        1826264      166254         8           0.7535           0.2476    204.35%           0.2476    204.31%\n'
b'      991        1833953      166779         8           0.7535           0.2479    203.99%           0.2479    203.99%\n'
b'      996        1843040      167356         8           0.7535           0.2483    203.50%           0.2483    203.50%\n'
b'     1001        1850065      167939         8           0.7535           0.2483    203.50%           0.2483    203.50%\n'
b'     1006        1856864      168560         8           0.7535           0.2483    203.50%           0.2483    203.50%\n'
b'     1011        1865592      169014         8           0.7535           0.2483    203.50%           0.2483    203.50%\n'
b'     1016        1873939      169489         8           0.7535           0.2485    203.21%           0.2485    203.21%\n'
b'     1021        1880686      169866         8           0.7535           0.2498    201.59%           0.2498    201.59%\n'
b'     1027        1888655      170408         8           0.7535           0.2498    201.59%           0.2498    201.59%\n'
b'     1032        1896935      170879         8           0.7535           0.2498    201.59%           0.2498    201.59%\n'
b'     1037        1906781      171160         8           0.7535           0.2498    201.59%           0.2498    201.59%\n'
b'     1042        1915748      171509         8           0.7535           0.2499    201.48%           0.2499    201.48%\n'
b'     1047        1923407      172074         8           0.7535           0.2503    201.06%           0.2503    201.06%\n'
b'     1052        1930588      172445         8           0.7535           0.2503    201.06%           0.2503    201.06%\n'
b'     1057        1937416      172685         8           0.7535           0.2503    201.06%           0.2503    201.06%\n'
b'     1062        1945302      173210         8           0.7535           0.2513    199.86%           0.2514    199.75%\n'
b'     1067        1954772      173673         8           0.7535           0.2519    199.12%           0.2520    199.03%\n'
b'     1072        1964081      174018         8           0.7535           0.2521    198.84%           0.2522    198.78%\n'
b'     1077        1974724      174236         8           0.7535           0.2525    198.42%           0.2525    198.42%\n'
b'     1082        1982664      174703         8           0.7535           0.2527    198.23%           0.2527    198.23%\n'
b'     1087        1992306      175196         8           0.7535           0.2530    197.81%           0.2530    197.81%\n'
b'     1092        2001275      175528         8           0.7535           0.2531    197.69%           0.2531    197.69%\n'
b'     1097        2009004      175895         8           0.7535           0.2543    196.27%           0.2545    196.09%\n'
b'     1102        2017003      176241         8           0.7535           0.2554    195.01%           0.2554    195.01%\n'
b'     1107        2025172      176522         8           0.7535           0.2559    194.39%           0.2563    193.94%\n'
b'     1112        2033586      176894         8           0.7535           0.2569    193.33%           0.2569    193.33%\n'
b'     1117        2041169      177453         8           0.7535           0.2572    192.91%           0.2572    192.91%\n'
b'     1122        2048312      177847         8           0.7535           0.2582    191.84%           0.2582    191.84%\n'
b'     1128        2056092      178179         8           0.7535           0.2603    189.52%           0.2603    189.52%\n'
b'     1133        2064036      178469         8           0.7535           0.2615    188.10%           0.2615    188.10%\n'
b'     1138        2074289      178902         8           0.7535           0.2622    187.37%           0.2622    187.37%\n'
b'     1143        2082020      179409         8           0.7535           0.2633    186.16%           0.2633    186.16%\n'
b'     1148        2089693      179838         8           0.7535           0.2637    185.74%           0.2637    185.74%\n'
b'     1153        2097112      180278         8           0.7535           0.2644    184.96%           0.2661    183.15%\n'
b'     1158        2103394      180715         8           0.7535           0.2672    181.99%           0.2672    181.99%\n'
b'     1163        2111069      181154         8           0.7535           0.2679    181.23%           0.2679    181.23%\n'
b'     1168        2118098      181774         8           0.7535           0.2688    180.32%           0.2688    180.32%\n'
b'     1173        2124498      182240         8           0.7535           0.2711    177.98%           0.2714    177.59%\n'
b'     1178        2131671      182792         8           0.7535           0.2715    177.53%           0.2715    177.53%\n'
b'     1183        2138664      183152         8           0.7535           0.2720    177.05%           0.2720    177.05%\n'
b'     1188        2145897      181920         8           0.7535           0.2729    176.14%           0.2729    176.14%\n'
b'     1193        2152522      182433         8           0.7535           0.2729    176.14%           0.2729    176.14%\n'
b'     1198        2159648      182938         8           0.7535           0.2742    174.74%           0.2753    173.64%\n'
b'     1203        2167548      183529         8           0.7535           0.2746    174.34%           0.2746    174.34%\n'
b'     1208        2175851      183936         8           0.7535           0.2769    172.10%           0.2769    172.10%\n'
b'     1213        2184101      184426         8           0.7535           0.2776    171.40%           0.2776    171.40%\n'
b'     1218        2192868      184854         8           0.7535           0.2781    170.98%           0.2781    170.98%\n'
b'     1223        2200619      185337         8           0.7535           0.2781    170.98%           0.2781    170.98%\n'
b'     1228        2208266      185899         8           0.7535           0.2791    169.95%           0.2791    169.95%\n'
b'     1233        2215778      186424         8           0.7535           0.2797    169.38%           0.2797    169.38%\n'
b'     1238        2223355      186883         8           0.7535           0.2797    169.38%           0.2797    169.38%\n'
b'     1244        2231910      187283         8           0.7535           0.2797    169.38%           0.2797    169.38%\n'
b'     1249        2240690      187776         8           0.7535           0.2797    169.38%           0.2797    169.38%\n'
b'     1254        2249137      187938         8           0.7535           0.2797    169.38%           0.2797    169.38%\n'
b'     1259        2257295      188372         8           0.7535           0.2797    169.38%           0.2797    169.38%\n'
b'     1264        2266069      188744         8           0.7535           0.2797    169.38%           0.2797    169.38%\n'
b'     1269        2275091      180152         8           0.7535           0.2797    169.38%           0.2797    169.38%\n'
b'     1274        2283307      178807         8           0.7535           0.2812    167.93%           0.2813    167.87%\n'
b'     1279        2291378      168909         8           0.7535           0.2819    167.28%           0.2819    167.28%\n'
b'     1284        2298838      156803         8           0.7535           0.2839    165.42%           0.2839    165.42%\n'
b'     1289        2305675      157124         8           0.7535           0.2844    164.91%           0.2844    164.91%\n'
b'     1294        2312153      157343         8           0.7535           0.2844    164.91%           0.2844    164.91%\n'
b'     1299        2318551      157568         8           0.7535           0.2844    164.91%           0.2844    164.91%\n'
b'     1304        2325830      157767         8           0.7535           0.2844    164.91%           0.2844    164.91%\n'
b'     1309        2332287      158043         8           0.7535           0.2844    164.91%           0.2844    164.91%\n'
b'     1314        2339197      158320         8           0.7535           0.2844    164.91%           0.2844    164.91%\n'
b'     1319        2345725      158531         8           0.7535           0.2844    164.91%           0.2844    164.91%\n'
b'     1324        2352157      157683         8           0.7535           0.2847    164.66%           0.2847    164.66%\n'
b'     1329        2357762      157434         8           0.7535           0.2852    164.20%           0.2852    164.20%\n'
b'     1334        2364242      157178         8           0.7535           0.2855    163.91%           0.2855    163.91%\n'
b'     1339        2371111      157053         8           0.7535           0.2859    163.53%           0.2863    163.14%\n'
b'     1344        2378078      156789         8           0.7535           0.2871    162.40%           0.2871    162.40%\n'
b'     1349        2384179      156454         8           0.7535           0.2885    161.17%           0.2885    161.17%\n'
b'     1354        2389725      156561         8           0.7535           0.2899    159.87%           0.2899    159.87%\n'
b'     1359        2396098      156623         8           0.7535           0.2909    159.00%           0.2914    158.55%\n'
b'     1364        2401975      156652         8           0.7535           0.2919    158.17%           0.2919    158.17%\n'
b'     1369        2407473      156650         8           0.7535           0.2934    156.76%           0.2934    156.76%\n'
b'     1374        2414459      156907         8           0.7535           0.2944    155.90%           0.2944    155.90%\n'
b'     1380        2420522      157022         8           0.7535           0.2949    155.53%           0.2949    155.53%\n'
b'     1385        2426611      157220         8           0.7535           0.2957    154.82%           0.2959    154.67%\n'
b'     1390        2433007      157473         8           0.7535           0.2963    154.29%           0.2963    154.29%\n'
b'     1395        2438995      157655         8           0.7535           0.2968    153.90%           0.2968    153.90%\n'
b'     1400        2445841      158010         8           0.7535           0.2994    151.64%           0.2994    151.64%\n'
b'     1405        2452479      158187         8           0.7535           0.3008    150.51%           0.3008    150.51%\n'
b'     1410        2459722      158387         8           0.7535           0.3015    149.88%           0.3023    149.28%\n'
b'     1415        2466040      158597         8           0.7535           0.3023    149.26%           0.3023    149.26%\n'
b'     1420        2472605      158686         8           0.7535           0.3051    146.96%           0.3051    146.96%\n'
b'     1425        2478916      158686         8           0.7535           0.3067    145.70%           0.3067    145.70%\n'
b'     1430        2486268      158828         8           0.7535           0.3074    145.09%           0.3076    144.95%\n'
b'     1435        2494282      158982         8           0.7535           0.3087    144.06%           0.3087    144.06%\n'
b'     1440        2501988      159048         8           0.7535           0.3102    142.93%           0.3102    142.93%\n'
b'     1445        2509404      159386         8           0.7535           0.3104    142.76%           0.3104    142.76%\n'
b'     1450        2517489      159406         8           0.7535           0.3116    141.78%           0.3116    141.78%\n'
b'     1455        2523184      159412         8           0.7535           0.3132    140.58%           0.3132    140.58%\n'
b'     1460        2530379      159613         8           0.7535           0.3136    140.28%           0.3136    140.28%\n'
b'     1465        2536438      159815         8           0.7535           0.3151    139.16%           0.3151    139.16%\n'
b'     1470        2541856      159854         8           0.7535           0.3164    138.11%           0.3164    138.11%\n'
b'     1475        2547883      160092         8           0.7535           0.3181    136.85%           0.3181    136.85%\n'
b'     1480        2554156      160215         8           0.7535           0.3191    136.15%           0.3191    136.15%\n'
b'     1485        2560273      160559         8           0.7535           0.3202    135.30%           0.3202    135.30%\n'
b'     1490        2565149      160425         8           0.7535           0.3207    134.94%           0.3207    134.94%\n'
b'     1495        2571097      160366         8           0.7535           0.3211    134.62%           0.3212    134.56%\n'
b'     1500        2577599      160549         8           0.7535           0.3224    133.72%           0.3224    133.72%\n'
b'     1506        2584041      160450         8           0.7535           0.3233    133.09%           0.3233    133.09%\n'
b'     1511        2589024      160562         8           0.7535           0.3246    132.09%           0.3246    132.09%\n'
b'     1516        2593753      156307         8           0.7535           0.3246    132.09%           0.3246    132.09%\n'
b'     1521        2599280      156190         8           0.7535           0.3260    131.15%           0.3260    131.15%\n'
b'     1526        2604403      156010         8           0.7535           0.3293    128.80%           0.3293    128.80%\n'
b'     1531        2609563      155842         8           0.7535           0.3293    128.80%           0.3293    128.80%\n'
b'     1536        2615354      155862         8           0.7535           0.3326    126.56%           0.3326    126.56%\n'
b'     1541        2621733      155894         8           0.7535           0.3342    125.42%           0.3342    125.42%\n'
b'     1546        2627817      155687         8           0.7535           0.3346    125.20%           0.3346    125.20%\n'
b'     1551        2634595      155595         8           0.7535           0.3346    125.20%           0.3346    125.20%\n'
b'     1556        2641286      155396         8           0.7535           0.3346    125.20%           0.3346    125.20%\n'
b'     1561        2648001      154036         8           0.7535           0.3346    125.20%           0.3346    125.20%\n'
b'     1566        2654003      154169         8           0.7535           0.3392    122.13%           0.3392    122.13%\n'
b'     1571        2660319      154250         8           0.7535           0.3432    119.56%           0.3432    119.56%\n'
b'     1576        2665644      144681         8           0.7535           0.3467    117.32%           0.3470    117.15%\n'
b'     1581        2671511      142776         8           0.7535           0.3497    115.45%           0.3497    115.45%\n'
b'     1586        2677446      140431         8           0.7535           0.3530    113.46%           0.3530    113.46%\n'
b'     1591        2682288      137591         8           0.7535           0.3562    111.54%           0.3562    111.54%\n'
b'     1596        2687421      132118         8           0.7535           0.3571    111.00%           0.3571    111.00%\n'
b'     1601        2691978      121477         8           0.7535           0.3576    110.69%           0.3576    110.69%\n'
b'     1606        2697702      121653         8           0.7535           0.3583    110.29%           0.3583    110.29%\n'
b'     1611        2704728      121820         8           0.7535           0.3583    110.29%           0.3583    110.29%\n'
b'     1616        2710573      121875         8           0.7535           0.3583    110.29%           0.3583    110.29%\n'
b'     1621        2716051      121887         8           0.7535           0.3583    110.29%           0.3583    110.29%\n'
b'     1626        2722961      121776         8           0.7535           0.3583    110.29%           0.3583    110.29%\n'
b'     1631        2729187      121765         8           0.7535           0.3587    110.03%           0.3587    110.03%\n'
b'     1636        2736522      121695         8           0.7535           0.3587    110.03%           0.3587    110.03%\n'
b'     1641        2742400      121693         8           0.7535           0.3587    110.03%           0.3587    110.03%\n'
b'     1646        2748659      121628         8           0.7535           0.3587    110.03%           0.3587    110.03%\n'
b'     1651        2756203      121528         8           0.7535           0.3587    110.03%           0.3587    110.03%\n'
b'     1656        2763621      121247         8           0.7535           0.3593    109.68%           0.3593    109.68%\n'
b'     1661        2770720      120836         8           0.7535           0.3593    109.68%           0.3593    109.68%\n'
b'     1666        2778934      120545         8           0.7535           0.3593    109.68%           0.3593    109.68%\n'
b'     1672        2787768      120097         8           0.7535           0.3612    108.61%           0.3612    108.61%\n'
b'     1677        2792351      119808         8           0.7535           0.3657    106.06%           0.3657    106.06%\n'
b'     1682        2797456      119447         8           0.7535           0.3719    102.61%           0.3719    102.61%\n'
b'     1687        2801928      119120         8           0.7535           0.3776     99.54%           0.3788     98.89%\n'
b'     1692        2806644      118776         8           0.7535           0.3794     98.58%           0.3794     98.58%\n'
b'     1697        2812054      118532         8           0.7535           0.3794     98.58%           0.3794     98.58%\n'
b'     1702        2816911      118154         8           0.7535           0.3828     96.83%           0.3828     96.83%\n'
b'     1707        2820951      117837         8           0.7535           0.3855     95.45%           0.3855     95.45%\n'
b'     1712        2825303      117527         8           0.7535           0.3874     94.51%           0.3874     94.51%\n'
b'     1717        2829751      117074         8           0.7535           0.3900     93.18%           0.3900     93.18%\n'
b'     1722        2835846      116817         8           0.7535           0.3930     91.74%           0.3930     91.74%\n'
b'     1727        2840504      116463         8           0.7535           0.3950     90.73%           0.3950     90.73%\n'
b'     1732        2844920      115987         8           0.7535           0.3952     90.63%           0.3952     90.63%\n'
b'     1737        2849373      115522         8           0.7535           0.3952     90.63%           0.3952     90.63%\n'
b'     1742        2853277      115123         8           0.7535           0.3952     90.63%           0.3952     90.63%\n'
b'     1747        2857395      114761         8           0.7535           0.3952     90.63%           0.3952     90.63%\n'
b'     1752        2862054      114380         8           0.7535           0.3952     90.63%           0.3952     90.63%\n'
b'     1757        2867730      114087         8           0.7535           0.3968     89.89%           0.3969     89.85%\n'
b'     1762        2874771      113759         8           0.7535           0.4001     88.33%           0.4001     88.33%\n'
b'     1767        2880490      113634         8           0.7535           0.4008     88.00%           0.4008     88.00%\n'
b'     1772        2887140      113287         8           0.7535           0.4024     87.24%           0.4024     87.24%\n'
b'     1777        2893547      112682         8           0.7535           0.4065     85.35%           0.4065     85.35%\n'
b'     1782        2899621      111785         8           0.7535           0.4083     84.52%           0.4084     84.48%\n'
b'     1787        2904847      111400         8           0.7535           0.4126     82.60%           0.4126     82.60%\n'
b'     1792        2908982      111041         8           0.7535           0.4136     82.19%           0.4136     82.19%\n'
b'     1797        2914606      110717         8           0.7535           0.4136     82.19%           0.4136     82.19%\n'
b'     1802        2920437      110394         8           0.7535           0.4136     82.19%           0.4136     82.19%\n'
b'     1807        2925798      110063         8           0.7535           0.4136     82.19%           0.4136     82.19%\n'
b'     1812        2930692      109718         8           0.7535           0.4145     81.78%           0.4145     81.78%\n'
b'     1817        2936662      109237         8           0.7535           0.4176     80.43%           0.4176     80.43%\n'
b'     1822        2943599      108774         8           0.7535           0.4211     78.94%           0.4211     78.94%\n'
b'     1827        2949619      108282         8           0.7535           0.4232     78.05%           0.4232     78.05%\n'
b'     1832        2955898      107802         8           0.7535           0.4253     77.16%           0.4253     77.16%\n'
b'     1837        2961896      107213         8           0.7535           0.4278     76.13%           0.4278     76.13%\n'
b'     1842        2967810      106723         8           0.7535           0.4290     75.65%           0.4290     75.65%\n'
b'     1847        2973526      106072         8           0.7535           0.4314     74.65%           0.4314     74.65%\n'
b'     1852        2977685      105404         8           0.7535           0.4321     74.37%           0.4321     74.37%\n'
b'     1857        2982826      104755         8           0.7535           0.4347     73.34%           0.4347     73.34%\n'
b'     1862        2986726      104058         8           0.7535           0.4376     72.16%           0.4377     72.13%\n'
b'     1867        2991367      103448         8           0.7535           0.4386     71.78%           0.4386     71.78%\n'
b'     1872        2995476      102812         8           0.7535           0.4402     71.18%           0.4403     71.14%\n'
b'     1877        2999916      102338         8           0.7535           0.4419     70.52%           0.4426     70.24%\n'
b'     1882        3005050      101706         8           0.7535           0.4456     69.10%           0.4456     69.10%\n'
b'     1887        3009944      101135         8           0.7535           0.4480     68.19%           0.4480     68.19%\n'
b'     1892        3014432      100519         8           0.7535           0.4500     67.43%           0.4502     67.37%\n'
b'     1897        3018580       99937         8           0.7535           0.4529     66.36%           0.4529     66.36%\n'
b'     1902        3022822       99265         8           0.7535           0.4548     65.68%           0.4548     65.68%\n'
b'     1907        3028266       98638         8           0.7535           0.4577     64.60%           0.4577     64.60%\n'
b'     1912        3032309       97916         8           0.7535           0.4618     63.17%           0.4618     63.17%\n'
b'     1917        3036300       97304         8           0.7535           0.4648     62.11%           0.4648     62.11%\n'
b'     1922        3040295       96774         8           0.7535           0.4654     61.89%           0.4654     61.89%\n'
b'     1927        3044843       96068         8           0.7535           0.4654     61.89%           0.4654     61.89%\n'
b'     1932        3049386       95382         8           0.7535           0.4678     61.07%           0.4678     61.07%\n'
b'     1937        3053474       94690         8           0.7535           0.4678     61.07%           0.4678     61.07%\n'
b'     1942        3057598       93977         8           0.7535           0.4691     60.61%           0.4691     60.61%\n'
b'     1947        3061917       93255         8           0.7535           0.4691     60.61%           0.4691     60.61%\n'
b'     1952        3067260       92674         8           0.7535           0.4709     60.02%           0.4709     60.02%\n'
b'     1957        3071490       91985         8           0.7535           0.4736     59.09%           0.4736     59.09%\n'
b'     1962        3075669       91246         8           0.7535           0.4741     58.91%           0.4741     58.91%\n'
b'     1967        3080739       90569         8           0.7535           0.4783     57.54%           0.4783     57.54%\n'
b'     1972        3084544       89867         8           0.7535           0.4805     56.80%           0.4805     56.80%\n'
b'     1977        3088737       89138         8           0.7535           0.4812     56.58%           0.4812     56.58%\n'
b'     1982        3093083       88522         8           0.7535           0.4812     56.58%           0.4812     56.58%\n'
b'     1987        3097502       87902         8           0.7535           0.4812     56.58%           0.4815     56.50%\n'
b'     1992        3102394       87214         8           0.7535           0.4854     55.23%           0.4854     55.23%\n'
b'     1997        3106595       86548         8           0.7535           0.4856     55.15%           0.4856     55.15%\n'
b'     2002        3110337       85813         8           0.7535           0.4861     55.01%           0.4861     55.01%\n'
b'     2007        3114548       85056         8           0.7535           0.4893     53.98%           0.4893     53.98%\n'
b'     2012        3118525       84233         8           0.7535           0.4917     53.22%           0.4924     53.03%\n'
b'     2017        3122767       83452         8           0.7535           0.4953     52.12%           0.4953     52.12%\n'
b'     2022        3127571       82767         8           0.7535           0.4953     52.12%           0.4953     52.12%\n'
b'     2027        3131779       82017         8           0.7535           0.4953     52.12%           0.4953     52.12%\n'
b'     2032        3135434       81344         8           0.7535           0.4971     51.58%           0.4971     51.58%\n'
b'     2037        3139567       80707         8           0.7535           0.4971     51.58%           0.4971     51.58%\n'
b'     2042        3143221       79995         8           0.7535           0.4981     51.25%           0.4981     51.25%\n'
b'     2048        3147603       79234         8           0.7535           0.4998     50.75%           0.4998     50.75%\n'
b'     2053        3151251       78480         8           0.7535           0.5042     49.43%           0.5042     49.43%\n'
b'     2058        3155727       77819         8           0.7535           0.5058     48.96%           0.5058     48.96%\n'
b'     2063        3160383       77014         8           0.7535           0.5094     47.91%           0.5094     47.91%\n'
b'     2068        3164034       76250         8           0.7535           0.5147     46.38%           0.5147     46.38%\n'
b'     2073        3169359       75474         8           0.7535           0.5158     46.08%           0.5158     46.08%\n'
b'     2078        3173760       74646         8           0.7535           0.5203     44.82%           0.5203     44.82%\n'
b'     2083        3178202       73880         8           0.7535           0.5211     44.59%           0.5211     44.59%\n'
b'     2088        3182314       73048         8           0.7535           0.5221     44.33%           0.5221     44.33%\n'
b'     2093        3185881       72271         8           0.7535           0.5233     43.98%           0.5233     43.98%\n'
b'     2098        3189907       71414         8           0.7535           0.5238     43.84%           0.5238     43.84%\n'
b'     2103        3194659       70625         8           0.7535           0.5256     43.37%           0.5256     43.37%\n'
b'     2108        3199398       69828         8           0.7535           0.5282     42.64%           0.5282     42.64%\n'
b'     2113        3203735       69011         8           0.7535           0.5284     42.58%           0.5284     42.58%\n'
b'     2118        3208338       68152         8           0.7535           0.5292     42.37%           0.5292     42.37%\n'
b'     2123        3212645       67421         8           0.7535           0.5331     41.33%           0.5331     41.33%\n'
b'     2128        3216760       66574         8           0.7535           0.5367     40.38%           0.5367     40.38%\n'
b'     2133        3220390       65697         8           0.7535           0.5422     38.98%           0.5422     38.95%\n'
b'     2138        3225061       64954         8           0.7535           0.5432     38.70%           0.5432     38.70%\n'
b'     2143        3229156       64180         8           0.7535           0.5455     38.12%           0.5455     38.12%\n'
b'     2148        3233475       63380         8           0.7535           0.5465     37.87%           0.5465     37.87%\n'
b'     2153        3237168       62468         8           0.7535           0.5493     37.17%           0.5493     37.17%\n'
b'     2158        3241825       61669         8           0.7535           0.5515     36.61%           0.5515     36.61%\n'
b'     2163        3245804       60795         8           0.7535           0.5545     35.87%           0.5545     35.87%\n'
b'     2168        3250424       59923         8           0.7535           0.5554     35.67%           0.5554     35.67%\n'
b'     2173        3254391       58944         8           0.7535           0.5558     35.55%           0.5564     35.42%\n'
b'     2178        3258687       58002         8           0.7535           0.5594     34.68%           0.5594     34.68%\n'
b'     2183        3262733       57188         8           0.7535           0.5628     33.88%           0.5639     33.61%\n'
b'     2188        3267752       56287         8           0.7535           0.5674     32.80%           0.5674     32.80%\n'
b'     2193        3272047       55406         8           0.7535           0.5712     31.92%           0.5712     31.92%\n'
b'     2198        3276651       54580         8           0.7535           0.5728     31.55%           0.5728     31.55%\n'
b'     2203        3281222       53542         8           0.7535           0.5740     31.26%           0.5740     31.26%\n'
b'     2208        3285118       52564         8           0.7535           0.5785     30.24%           0.5785     30.24%\n'
b'     2213        3289809       51633         8           0.7535           0.5803     29.85%           0.5803     29.85%\n'
b'     2218        3294259       50654         8           0.7535           0.5860     28.59%           0.5861     28.55%\n'
b'     2223        3299274       49722         8           0.7535           0.5902     27.66%           0.5902     27.66%\n'
b'     2228        3303798       48644         8           0.7535           0.5948     26.68%           0.5948     26.68%\n'
b'     2233        3308227       47573         8           0.7535           0.5989     25.80%           0.5989     25.80%\n'
b'     2238        3312387       46501         8           0.7535           0.6028     24.99%           0.6028     24.99%\n'
b'     2243        3316163       45498         8           0.7535           0.6051     24.53%           0.6051     24.53%\n'
b'     2248        3321152       44603         8           0.7535           0.6051     24.53%           0.6051     24.53%\n'
b'     2253        3325318       43518         8           0.7535           0.6089     23.74%           0.6091     23.71%\n'
b'     2258        3330307       42456         8           0.7535           0.6112     23.28%           0.6112     23.28%\n'
b'     2263        3334595       41397         8           0.7535           0.6181     21.89%           0.6181     21.89%\n'
b'     2268        3339375       40269         8           0.7535           0.6264     20.29%           0.6264     20.29%\n'
b'     2273        3343640       39233         8           0.7535           0.6313     19.35%           0.6313     19.35%\n'
b'     2278        3348261       38169         8           0.7535           0.6364     18.40%           0.6364     18.40%\n'
b'     2283        3352511       37197         8           0.7535           0.6382     18.06%           0.6382     18.06%\n'
b'     2288        3357100       36081         8           0.7535           0.6435     17.08%           0.6435     17.08%\n'
b'     2293        3361147       34962         8           0.7535           0.6471     16.44%           0.6471     16.44%\n'
b'     2298        3365878       33893         8           0.7535           0.6522     15.52%           0.6522     15.52%\n'
b'     2303        3370013       32731         8           0.7535           0.6584     14.43%           0.6584     14.43%\n'
b'     2308        3374696       31718         8           0.7535           0.6613     13.94%           0.6613     13.94%\n'
b'     2313        3379001       30567         8           0.7535           0.6630     13.64%           0.6630     13.64%\n'
b'     2318        3384208       29389         8           0.7535           0.6676     12.86%           0.6676     12.86%\n'
b'     2323        3389177       28189         8           0.7535           0.6752     11.59%           0.6760     11.47%\n'
b'     2328        3393541       26989         8           0.7535           0.6834     10.25%           0.6834     10.25%\n'
b'     2333        3397917       25716         8           0.7535           0.6923      8.83%           0.6923      8.83%\n'
b'     2338        3402008       24479         8           0.7535           0.7000      7.63%           0.7000      7.63%\n'
b'     2343        3406563       23209         8           0.7535           0.7069      6.58%           0.7069      6.58%\n'
b'     2348        3411163       21906         8           0.7535           0.7153      5.34%           0.7153      5.34%\n'
b'     2353        3415854       20895         8           0.7535           0.7170      5.08%           0.7170      5.08%\n'
b'     2358        3420298       19671         8           0.7535           0.7187      4.84%           0.7187      4.84%\n'
b'     2363        3424652       18219         8           0.7535           0.7279      3.51%           0.7279      3.51%\n'
b'     2368        3428524       16763         8           0.7535           0.7374      2.18%           0.7374      2.18%\n'
b'     2373        3432754       15359         8           0.7535           0.7472      0.84%           0.7472      0.84%\n'
b'     2376        3434303           0         0           0.7535           0.7535      0.00%\n'
b'SCIP Status        : problem is solved\n'
b'Total Time         : 2375.55\n'
b'  solving          : 2375.55\n'
b'  presolving       : 0.11 (included in solving)\n'
b'B&B Tree           :\n'
b'  nodes (total)    : 3434303\n'
b'Solution           :\n'
b'  Solutions found  : 13\n'
b'  Primal Bound     : +7.53468194116969e-01\n'
b'  Dual Bound       : +7.53468194116969e-01\n'
b'Gap                : 0.00000 %\n'
